ARM GAS  C:\Users\davis\AppData\Local\Temp\cc3KuMA5.s 			page 1


   1              		.syntax unified
   2              		.cpu cortex-m0
   3              		.fpu softvfp
   4              		.eabi_attribute 20, 1
   5              		.eabi_attribute 21, 1
   6              		.eabi_attribute 23, 3
   7              		.eabi_attribute 24, 1
   8              		.eabi_attribute 25, 1
   9              		.eabi_attribute 26, 1
  10              		.eabi_attribute 30, 1
  11              		.eabi_attribute 34, 0
  12              		.eabi_attribute 18, 4
  13              		.thumb
  14              		.syntax unified
  15              		.file	"cyfitter_cfg.c"
  16              		.text
  17              	.Ltext0:
  18              		.cfi_sections	.debug_frame
  19              		.section	.text.AnalogSetDefault,"ax",%progbits
  20              		.align	2
  21              		.code	16
  22              		.thumb_func
  23              		.type	AnalogSetDefault, %function
  24              	AnalogSetDefault:
  25              	.LFB5:
  26              		.file 1 "Generated_Source\\PSoC4\\cyfitter_cfg.c"
   1:Generated_Source\PSoC4/cyfitter_cfg.c **** 
   2:Generated_Source\PSoC4/cyfitter_cfg.c **** /*******************************************************************************
   3:Generated_Source\PSoC4/cyfitter_cfg.c **** * File Name: cyfitter_cfg.c
   4:Generated_Source\PSoC4/cyfitter_cfg.c **** * 
   5:Generated_Source\PSoC4/cyfitter_cfg.c **** * PSoC Creator  4.4
   6:Generated_Source\PSoC4/cyfitter_cfg.c **** *
   7:Generated_Source\PSoC4/cyfitter_cfg.c **** * Description:
   8:Generated_Source\PSoC4/cyfitter_cfg.c **** * This file contains device initialization code.
   9:Generated_Source\PSoC4/cyfitter_cfg.c **** * Except for the user defined sections in CyClockStartupError(), this file should not be modified.
  10:Generated_Source\PSoC4/cyfitter_cfg.c **** * This file is automatically generated by PSoC Creator.
  11:Generated_Source\PSoC4/cyfitter_cfg.c **** *
  12:Generated_Source\PSoC4/cyfitter_cfg.c **** ********************************************************************************
  13:Generated_Source\PSoC4/cyfitter_cfg.c **** * Copyright (c) 2007-2020 Cypress Semiconductor.  All rights reserved.
  14:Generated_Source\PSoC4/cyfitter_cfg.c **** * You may use this file only in accordance with the license, terms, conditions, 
  15:Generated_Source\PSoC4/cyfitter_cfg.c **** * disclaimers, and limitations in the end user license agreement accompanying 
  16:Generated_Source\PSoC4/cyfitter_cfg.c **** * the software package with which this file was provided.
  17:Generated_Source\PSoC4/cyfitter_cfg.c **** ********************************************************************************/
  18:Generated_Source\PSoC4/cyfitter_cfg.c **** 
  19:Generated_Source\PSoC4/cyfitter_cfg.c **** #include <string.h>
  20:Generated_Source\PSoC4/cyfitter_cfg.c **** #include "cytypes.h"
  21:Generated_Source\PSoC4/cyfitter_cfg.c **** #include "cydevice_trm.h"
  22:Generated_Source\PSoC4/cyfitter_cfg.c **** #include "cyfitter.h"
  23:Generated_Source\PSoC4/cyfitter_cfg.c **** #include "CyLib.h"
  24:Generated_Source\PSoC4/cyfitter_cfg.c **** #include "CyLFClk.h"
  25:Generated_Source\PSoC4/cyfitter_cfg.c **** #include "cyfitter_cfg.h"
  26:Generated_Source\PSoC4/cyfitter_cfg.c **** #include "cyapicallbacks.h"
  27:Generated_Source\PSoC4/cyfitter_cfg.c **** 
  28:Generated_Source\PSoC4/cyfitter_cfg.c **** 
  29:Generated_Source\PSoC4/cyfitter_cfg.c **** #if defined(__GNUC__) || defined(__ARMCC_VERSION)
  30:Generated_Source\PSoC4/cyfitter_cfg.c ****     #define CYPACKED 
  31:Generated_Source\PSoC4/cyfitter_cfg.c ****     #define CYPACKED_ATTR __attribute__ ((packed))
ARM GAS  C:\Users\davis\AppData\Local\Temp\cc3KuMA5.s 			page 2


  32:Generated_Source\PSoC4/cyfitter_cfg.c ****     #define CYALIGNED __attribute__ ((aligned))
  33:Generated_Source\PSoC4/cyfitter_cfg.c ****     #define CY_CFG_UNUSED __attribute__ ((unused))
  34:Generated_Source\PSoC4/cyfitter_cfg.c ****     #ifndef CY_CFG_SECTION
  35:Generated_Source\PSoC4/cyfitter_cfg.c ****         #define CY_CFG_SECTION __attribute__ ((section(".psocinit")))
  36:Generated_Source\PSoC4/cyfitter_cfg.c ****     #endif
  37:Generated_Source\PSoC4/cyfitter_cfg.c ****     
  38:Generated_Source\PSoC4/cyfitter_cfg.c ****     #if defined(__ARMCC_VERSION)
  39:Generated_Source\PSoC4/cyfitter_cfg.c ****         #define CY_CFG_MEMORY_BARRIER() __memory_changed()
  40:Generated_Source\PSoC4/cyfitter_cfg.c ****     #else
  41:Generated_Source\PSoC4/cyfitter_cfg.c ****         #define CY_CFG_MEMORY_BARRIER() __sync_synchronize()
  42:Generated_Source\PSoC4/cyfitter_cfg.c ****     #endif
  43:Generated_Source\PSoC4/cyfitter_cfg.c ****     
  44:Generated_Source\PSoC4/cyfitter_cfg.c **** #elif defined(__ICCARM__)
  45:Generated_Source\PSoC4/cyfitter_cfg.c ****     #include <intrinsics.h>
  46:Generated_Source\PSoC4/cyfitter_cfg.c **** 
  47:Generated_Source\PSoC4/cyfitter_cfg.c ****     #define CYPACKED __packed
  48:Generated_Source\PSoC4/cyfitter_cfg.c ****     #define CYPACKED_ATTR 
  49:Generated_Source\PSoC4/cyfitter_cfg.c ****     #define CYALIGNED _Pragma("data_alignment=4")
  50:Generated_Source\PSoC4/cyfitter_cfg.c ****     #define CY_CFG_UNUSED _Pragma("diag_suppress=Pe177")
  51:Generated_Source\PSoC4/cyfitter_cfg.c ****     #define CY_CFG_SECTION _Pragma("location=\".psocinit\"")
  52:Generated_Source\PSoC4/cyfitter_cfg.c ****     
  53:Generated_Source\PSoC4/cyfitter_cfg.c ****     #define CY_CFG_MEMORY_BARRIER() __DMB()
  54:Generated_Source\PSoC4/cyfitter_cfg.c ****     
  55:Generated_Source\PSoC4/cyfitter_cfg.c **** #else
  56:Generated_Source\PSoC4/cyfitter_cfg.c ****     #error Unsupported toolchain
  57:Generated_Source\PSoC4/cyfitter_cfg.c **** #endif
  58:Generated_Source\PSoC4/cyfitter_cfg.c **** 
  59:Generated_Source\PSoC4/cyfitter_cfg.c **** #ifndef CYCODE
  60:Generated_Source\PSoC4/cyfitter_cfg.c ****     #define CYCODE
  61:Generated_Source\PSoC4/cyfitter_cfg.c **** #endif
  62:Generated_Source\PSoC4/cyfitter_cfg.c **** #ifndef CYDATA
  63:Generated_Source\PSoC4/cyfitter_cfg.c ****     #define CYDATA
  64:Generated_Source\PSoC4/cyfitter_cfg.c **** #endif
  65:Generated_Source\PSoC4/cyfitter_cfg.c **** #ifndef CYFAR
  66:Generated_Source\PSoC4/cyfitter_cfg.c ****     #define CYFAR
  67:Generated_Source\PSoC4/cyfitter_cfg.c **** #endif
  68:Generated_Source\PSoC4/cyfitter_cfg.c **** #ifndef CYXDATA
  69:Generated_Source\PSoC4/cyfitter_cfg.c ****     #define CYXDATA
  70:Generated_Source\PSoC4/cyfitter_cfg.c **** #endif
  71:Generated_Source\PSoC4/cyfitter_cfg.c **** 
  72:Generated_Source\PSoC4/cyfitter_cfg.c **** 
  73:Generated_Source\PSoC4/cyfitter_cfg.c **** CY_CFG_UNUSED
  74:Generated_Source\PSoC4/cyfitter_cfg.c **** static void CYMEMZERO(void *s, size_t n);
  75:Generated_Source\PSoC4/cyfitter_cfg.c **** CY_CFG_UNUSED
  76:Generated_Source\PSoC4/cyfitter_cfg.c **** static void CYMEMZERO(void *s, size_t n)
  77:Generated_Source\PSoC4/cyfitter_cfg.c **** {
  78:Generated_Source\PSoC4/cyfitter_cfg.c **** 	(void)memset(s, 0, n);
  79:Generated_Source\PSoC4/cyfitter_cfg.c **** }
  80:Generated_Source\PSoC4/cyfitter_cfg.c **** CY_CFG_UNUSED
  81:Generated_Source\PSoC4/cyfitter_cfg.c **** static void CYCONFIGCPY(void *dest, const void *src, size_t n);
  82:Generated_Source\PSoC4/cyfitter_cfg.c **** CY_CFG_UNUSED
  83:Generated_Source\PSoC4/cyfitter_cfg.c **** static void CYCONFIGCPY(void *dest, const void *src, size_t n)
  84:Generated_Source\PSoC4/cyfitter_cfg.c **** {
  85:Generated_Source\PSoC4/cyfitter_cfg.c **** 	(void)memcpy(dest, src, n);
  86:Generated_Source\PSoC4/cyfitter_cfg.c **** }
  87:Generated_Source\PSoC4/cyfitter_cfg.c **** CY_CFG_UNUSED
  88:Generated_Source\PSoC4/cyfitter_cfg.c **** static void CYCONFIGCPYCODE(void *dest, const void *src, size_t n);
ARM GAS  C:\Users\davis\AppData\Local\Temp\cc3KuMA5.s 			page 3


  89:Generated_Source\PSoC4/cyfitter_cfg.c **** CY_CFG_UNUSED
  90:Generated_Source\PSoC4/cyfitter_cfg.c **** static void CYCONFIGCPYCODE(void *dest, const void *src, size_t n)
  91:Generated_Source\PSoC4/cyfitter_cfg.c **** {
  92:Generated_Source\PSoC4/cyfitter_cfg.c **** 	(void)memcpy(dest, src, n);
  93:Generated_Source\PSoC4/cyfitter_cfg.c **** }
  94:Generated_Source\PSoC4/cyfitter_cfg.c **** 
  95:Generated_Source\PSoC4/cyfitter_cfg.c **** 
  96:Generated_Source\PSoC4/cyfitter_cfg.c **** 
  97:Generated_Source\PSoC4/cyfitter_cfg.c **** 
  98:Generated_Source\PSoC4/cyfitter_cfg.c **** /* Clock startup error codes                                                   */
  99:Generated_Source\PSoC4/cyfitter_cfg.c **** #define CYCLOCKSTART_NO_ERROR    0u
 100:Generated_Source\PSoC4/cyfitter_cfg.c **** #define CYCLOCKSTART_XTAL_ERROR  1u
 101:Generated_Source\PSoC4/cyfitter_cfg.c **** #define CYCLOCKSTART_32KHZ_ERROR 2u
 102:Generated_Source\PSoC4/cyfitter_cfg.c **** #define CYCLOCKSTART_PLL_ERROR   3u
 103:Generated_Source\PSoC4/cyfitter_cfg.c **** #define CYCLOCKSTART_FLL_ERROR   4u
 104:Generated_Source\PSoC4/cyfitter_cfg.c **** #define CYCLOCKSTART_WCO_ERROR   5u
 105:Generated_Source\PSoC4/cyfitter_cfg.c **** 
 106:Generated_Source\PSoC4/cyfitter_cfg.c **** 
 107:Generated_Source\PSoC4/cyfitter_cfg.c **** #ifdef CY_NEED_CYCLOCKSTARTUPERROR
 108:Generated_Source\PSoC4/cyfitter_cfg.c **** /*******************************************************************************
 109:Generated_Source\PSoC4/cyfitter_cfg.c **** * Function Name: CyClockStartupError
 110:Generated_Source\PSoC4/cyfitter_cfg.c **** ********************************************************************************
 111:Generated_Source\PSoC4/cyfitter_cfg.c **** * Summary:
 112:Generated_Source\PSoC4/cyfitter_cfg.c **** *  If an error is encountered during clock configuration (crystal startup error,
 113:Generated_Source\PSoC4/cyfitter_cfg.c **** *  PLL lock error, etc.), the system will end up here.  Unless reimplemented by
 114:Generated_Source\PSoC4/cyfitter_cfg.c **** *  the customer, this function will stop in an infinite loop.
 115:Generated_Source\PSoC4/cyfitter_cfg.c **** *
 116:Generated_Source\PSoC4/cyfitter_cfg.c **** * Parameters:
 117:Generated_Source\PSoC4/cyfitter_cfg.c **** *   void
 118:Generated_Source\PSoC4/cyfitter_cfg.c **** *
 119:Generated_Source\PSoC4/cyfitter_cfg.c **** * Return:
 120:Generated_Source\PSoC4/cyfitter_cfg.c **** *   void
 121:Generated_Source\PSoC4/cyfitter_cfg.c **** *
 122:Generated_Source\PSoC4/cyfitter_cfg.c **** *******************************************************************************/
 123:Generated_Source\PSoC4/cyfitter_cfg.c **** CY_CFG_UNUSED
 124:Generated_Source\PSoC4/cyfitter_cfg.c **** static void CyClockStartupError(uint8 errorCode);
 125:Generated_Source\PSoC4/cyfitter_cfg.c **** CY_CFG_UNUSED
 126:Generated_Source\PSoC4/cyfitter_cfg.c **** static void CyClockStartupError(uint8 errorCode)
 127:Generated_Source\PSoC4/cyfitter_cfg.c **** {
 128:Generated_Source\PSoC4/cyfitter_cfg.c ****     /* To remove the compiler warning if errorCode not used.                */
 129:Generated_Source\PSoC4/cyfitter_cfg.c ****     errorCode = errorCode;
 130:Generated_Source\PSoC4/cyfitter_cfg.c **** 
 131:Generated_Source\PSoC4/cyfitter_cfg.c ****     /* If we have a clock startup error (bad MHz crystal, PLL lock, etc.),  */
 132:Generated_Source\PSoC4/cyfitter_cfg.c ****     /* we will end up here to allow the customer to implement something to  */
 133:Generated_Source\PSoC4/cyfitter_cfg.c ****     /* deal with the clock condition.                                       */
 134:Generated_Source\PSoC4/cyfitter_cfg.c **** 
 135:Generated_Source\PSoC4/cyfitter_cfg.c **** #ifdef CY_CFG_CLOCK_STARTUP_ERROR_CALLBACK
 136:Generated_Source\PSoC4/cyfitter_cfg.c ****     CY_CFG_Clock_Startup_ErrorCallback();
 137:Generated_Source\PSoC4/cyfitter_cfg.c **** #else
 138:Generated_Source\PSoC4/cyfitter_cfg.c ****     /*  If not using CY_CFG_CLOCK_STARTUP_ERROR_CALLBACK, place your clock startup code here. */
 139:Generated_Source\PSoC4/cyfitter_cfg.c ****     /* `#START CyClockStartupError` */
 140:Generated_Source\PSoC4/cyfitter_cfg.c **** 
 141:Generated_Source\PSoC4/cyfitter_cfg.c **** 
 142:Generated_Source\PSoC4/cyfitter_cfg.c **** 
 143:Generated_Source\PSoC4/cyfitter_cfg.c ****     /* `#END` */
 144:Generated_Source\PSoC4/cyfitter_cfg.c **** 
 145:Generated_Source\PSoC4/cyfitter_cfg.c ****     while(1) {}
ARM GAS  C:\Users\davis\AppData\Local\Temp\cc3KuMA5.s 			page 4


 146:Generated_Source\PSoC4/cyfitter_cfg.c **** #endif /* CY_CFG_CLOCK_STARTUP_ERROR_CALLBACK */
 147:Generated_Source\PSoC4/cyfitter_cfg.c **** }
 148:Generated_Source\PSoC4/cyfitter_cfg.c **** #endif
 149:Generated_Source\PSoC4/cyfitter_cfg.c **** 
 150:Generated_Source\PSoC4/cyfitter_cfg.c **** 
 151:Generated_Source\PSoC4/cyfitter_cfg.c **** 
 152:Generated_Source\PSoC4/cyfitter_cfg.c **** /*******************************************************************************
 153:Generated_Source\PSoC4/cyfitter_cfg.c **** * Function Name: ClockSetup
 154:Generated_Source\PSoC4/cyfitter_cfg.c **** ********************************************************************************
 155:Generated_Source\PSoC4/cyfitter_cfg.c **** *
 156:Generated_Source\PSoC4/cyfitter_cfg.c **** * Summary:
 157:Generated_Source\PSoC4/cyfitter_cfg.c **** *   Performs the initialization of all of the clocks in the device based on the
 158:Generated_Source\PSoC4/cyfitter_cfg.c **** *   settings in the Clock tab of the DWR.  This includes enabling the requested
 159:Generated_Source\PSoC4/cyfitter_cfg.c **** *   clocks and setting the necessary dividers to produce the desired frequency. 
 160:Generated_Source\PSoC4/cyfitter_cfg.c **** *
 161:Generated_Source\PSoC4/cyfitter_cfg.c **** * Parameters:
 162:Generated_Source\PSoC4/cyfitter_cfg.c **** *   void
 163:Generated_Source\PSoC4/cyfitter_cfg.c **** *
 164:Generated_Source\PSoC4/cyfitter_cfg.c **** * Return:
 165:Generated_Source\PSoC4/cyfitter_cfg.c **** *   void
 166:Generated_Source\PSoC4/cyfitter_cfg.c **** *
 167:Generated_Source\PSoC4/cyfitter_cfg.c **** *******************************************************************************/
 168:Generated_Source\PSoC4/cyfitter_cfg.c **** static void ClockSetup(void);
 169:Generated_Source\PSoC4/cyfitter_cfg.c **** CY_CFG_SECTION
 170:Generated_Source\PSoC4/cyfitter_cfg.c **** static void ClockSetup(void)
 171:Generated_Source\PSoC4/cyfitter_cfg.c **** {
 172:Generated_Source\PSoC4/cyfitter_cfg.c **** 
 173:Generated_Source\PSoC4/cyfitter_cfg.c **** 	/* Set Flash Cycles based on max possible frequency in case a glitch occurs during ClockSetup(). *
 174:Generated_Source\PSoC4/cyfitter_cfg.c **** 	CY_SET_REG32((void CYXDATA *)(CYREG_CPUSS_FLASH_CTL), (0x0012u));
 175:Generated_Source\PSoC4/cyfitter_cfg.c **** 
 176:Generated_Source\PSoC4/cyfitter_cfg.c **** 	/* Start the WCO */
 177:Generated_Source\PSoC4/cyfitter_cfg.c **** 	CySysClkWcoStart();
 178:Generated_Source\PSoC4/cyfitter_cfg.c **** 	CyDelayCycles(12000000u); /* WCO may take up to 500ms to start */
 179:Generated_Source\PSoC4/cyfitter_cfg.c **** 
 180:Generated_Source\PSoC4/cyfitter_cfg.c **** 	/* Setup and trim IMO based on desired frequency. */
 181:Generated_Source\PSoC4/cyfitter_cfg.c **** 	CySysClkWriteImoFreq(48u);
 182:Generated_Source\PSoC4/cyfitter_cfg.c **** 	CySysClkImoEnableWcoLock();
 183:Generated_Source\PSoC4/cyfitter_cfg.c **** 	/* CYDEV_CLK_ILO_CONFIG Starting address: CYDEV_CLK_ILO_CONFIG */
 184:Generated_Source\PSoC4/cyfitter_cfg.c **** 	CY_SET_REG32((void *)(CYREG_CLK_ILO_CONFIG), 0x80000006u);
 185:Generated_Source\PSoC4/cyfitter_cfg.c **** 
 186:Generated_Source\PSoC4/cyfitter_cfg.c **** 	/* CYDEV_WDT_CONFIG Starting address: CYDEV_WDT_CONFIG */
 187:Generated_Source\PSoC4/cyfitter_cfg.c **** 	CY_SET_REG32((void *)(CYREG_WDT_CONFIG), 0x40000000u);
 188:Generated_Source\PSoC4/cyfitter_cfg.c **** 
 189:Generated_Source\PSoC4/cyfitter_cfg.c **** 
 190:Generated_Source\PSoC4/cyfitter_cfg.c **** 	/* Setup phase aligned clocks */
 191:Generated_Source\PSoC4/cyfitter_cfg.c **** 	CY_SET_REG32((void *)CYREG_PERI_DIV_16_CTL0, 0x00000000u);
 192:Generated_Source\PSoC4/cyfitter_cfg.c **** 	CY_SET_REG32((void *)CYREG_PERI_DIV_CMD, 0x8000FF40u);
 193:Generated_Source\PSoC4/cyfitter_cfg.c **** 	CY_SET_REG32((void *)CYREG_PERI_DIV_16_CTL1, 0x00002200u);
 194:Generated_Source\PSoC4/cyfitter_cfg.c **** 	CY_SET_REG32((void *)CYREG_PERI_DIV_CMD, 0x8000FF41u);
 195:Generated_Source\PSoC4/cyfitter_cfg.c **** 
 196:Generated_Source\PSoC4/cyfitter_cfg.c **** 	/* CYDEV_CLK_IMO_CONFIG Starting address: CYDEV_CLK_IMO_CONFIG */
 197:Generated_Source\PSoC4/cyfitter_cfg.c **** 	CY_SET_REG32((void *)(CYREG_CLK_IMO_CONFIG), 0x80000000u);
 198:Generated_Source\PSoC4/cyfitter_cfg.c **** 
 199:Generated_Source\PSoC4/cyfitter_cfg.c **** 	/* CYDEV_CLK_SELECT Starting address: CYDEV_CLK_SELECT */
 200:Generated_Source\PSoC4/cyfitter_cfg.c **** 	CY_SET_REG32((void *)(CYREG_CLK_SELECT), 0x00040000u);
 201:Generated_Source\PSoC4/cyfitter_cfg.c **** 
 202:Generated_Source\PSoC4/cyfitter_cfg.c **** 	/* CYDEV_PERI_PCLK_CTL5 Starting address: CYDEV_PERI_PCLK_CTL5 */
ARM GAS  C:\Users\davis\AppData\Local\Temp\cc3KuMA5.s 			page 5


 203:Generated_Source\PSoC4/cyfitter_cfg.c **** 	CY_SET_REG32((void *)(CYREG_PERI_PCLK_CTL5), 0x00000041u);
 204:Generated_Source\PSoC4/cyfitter_cfg.c **** 
 205:Generated_Source\PSoC4/cyfitter_cfg.c **** 	(void)CyIntSetVector(8u, &CySysWdtIsr);
 206:Generated_Source\PSoC4/cyfitter_cfg.c **** 	CyIntEnable(8u);
 207:Generated_Source\PSoC4/cyfitter_cfg.c **** 	CY_SET_REG32((void *)(CYREG_WDT_CONFIG), 0x40000000u);
 208:Generated_Source\PSoC4/cyfitter_cfg.c **** }
 209:Generated_Source\PSoC4/cyfitter_cfg.c **** 
 210:Generated_Source\PSoC4/cyfitter_cfg.c **** 
 211:Generated_Source\PSoC4/cyfitter_cfg.c **** /* Analog API Functions */
 212:Generated_Source\PSoC4/cyfitter_cfg.c **** 
 213:Generated_Source\PSoC4/cyfitter_cfg.c **** 
 214:Generated_Source\PSoC4/cyfitter_cfg.c **** /*******************************************************************************
 215:Generated_Source\PSoC4/cyfitter_cfg.c **** * Function Name: AnalogSetDefault
 216:Generated_Source\PSoC4/cyfitter_cfg.c **** ********************************************************************************
 217:Generated_Source\PSoC4/cyfitter_cfg.c **** *
 218:Generated_Source\PSoC4/cyfitter_cfg.c **** * Summary:
 219:Generated_Source\PSoC4/cyfitter_cfg.c **** *  Sets up the analog portions of the chip to default values based on chip
 220:Generated_Source\PSoC4/cyfitter_cfg.c **** *  configuration options from the project.
 221:Generated_Source\PSoC4/cyfitter_cfg.c **** *
 222:Generated_Source\PSoC4/cyfitter_cfg.c **** * Parameters:
 223:Generated_Source\PSoC4/cyfitter_cfg.c **** *  void
 224:Generated_Source\PSoC4/cyfitter_cfg.c **** *
 225:Generated_Source\PSoC4/cyfitter_cfg.c **** * Return:
 226:Generated_Source\PSoC4/cyfitter_cfg.c **** *  void
 227:Generated_Source\PSoC4/cyfitter_cfg.c **** *
 228:Generated_Source\PSoC4/cyfitter_cfg.c **** *******************************************************************************/
 229:Generated_Source\PSoC4/cyfitter_cfg.c **** static void AnalogSetDefault(void);
 230:Generated_Source\PSoC4/cyfitter_cfg.c **** static void AnalogSetDefault(void)
 231:Generated_Source\PSoC4/cyfitter_cfg.c **** {
  27              		.loc 1 231 0
  28              		.cfi_startproc
  29              		@ args = 0, pretend = 0, frame = 0
  30              		@ frame_needed = 0, uses_anonymous_args = 0
  31              		@ link register save eliminated.
 232:Generated_Source\PSoC4/cyfitter_cfg.c **** 	CY_SET_XTND_REG32((void CYFAR *)CYREG_CTBM0_DFT_CTRL, 0x00000003u);
  32              		.loc 1 232 0
  33 0000 0323     		movs	r3, #3
  34 0002 044A     		ldr	r2, .L2
  35 0004 1360     		str	r3, [r2]
 233:Generated_Source\PSoC4/cyfitter_cfg.c **** 	CY_SET_XTND_REG32((void CYFAR *)CYREG_CTBM1_DFT_CTRL, 0x00000003u);
  36              		.loc 1 233 0
  37 0006 044A     		ldr	r2, .L2+4
  38 0008 1360     		str	r3, [r2]
 234:Generated_Source\PSoC4/cyfitter_cfg.c **** 	CY_SET_XTND_REG32((void CYFAR *)CYREG_PASS_DSAB_DSAB_CTRL, 0x00000000u);
  39              		.loc 1 234 0
  40 000a 0022     		movs	r2, #0
  41 000c 034B     		ldr	r3, .L2+8
  42 000e 1A60     		str	r2, [r3]
 235:Generated_Source\PSoC4/cyfitter_cfg.c **** }
  43              		.loc 1 235 0
  44              		@ sp needed
  45 0010 7047     		bx	lr
  46              	.L3:
  47 0012 C046     		.align	2
  48              	.L2:
  49 0014 30003040 		.word	1076887600
  50 0018 30003140 		.word	1076953136
ARM GAS  C:\Users\davis\AppData\Local\Temp\cc3KuMA5.s 			page 6


  51 001c 000E3F40 		.word	1077874176
  52              		.cfi_endproc
  53              	.LFE5:
  54              		.size	AnalogSetDefault, .-AnalogSetDefault
  55              		.section	.text.CYMEMZERO,"ax",%progbits
  56              		.align	2
  57              		.code	16
  58              		.thumb_func
  59              		.type	CYMEMZERO, %function
  60              	CYMEMZERO:
  61              	.LFB1:
  77:Generated_Source\PSoC4/cyfitter_cfg.c **** 	(void)memset(s, 0, n);
  62              		.loc 1 77 0
  63              		.cfi_startproc
  64              		@ args = 0, pretend = 0, frame = 0
  65              		@ frame_needed = 0, uses_anonymous_args = 0
  66              	.LVL0:
  67 0000 10B5     		push	{r4, lr}
  68              		.cfi_def_cfa_offset 8
  69              		.cfi_offset 4, -8
  70              		.cfi_offset 14, -4
  71 0002 0A00     		movs	r2, r1
  78:Generated_Source\PSoC4/cyfitter_cfg.c **** }
  72              		.loc 1 78 0
  73 0004 0021     		movs	r1, #0
  74              	.LVL1:
  75 0006 FFF7FEFF 		bl	memset
  76              	.LVL2:
  79:Generated_Source\PSoC4/cyfitter_cfg.c **** CY_CFG_UNUSED
  77              		.loc 1 79 0
  78              		@ sp needed
  79 000a 10BD     		pop	{r4, pc}
  80              		.cfi_endproc
  81              	.LFE1:
  82              		.size	CYMEMZERO, .-CYMEMZERO
  83              		.section	.psocinit,"ax",%progbits
  84              		.align	2
  85              		.code	16
  86              		.thumb_func
  87              		.type	ClockSetup, %function
  88              	ClockSetup:
  89              	.LFB4:
 171:Generated_Source\PSoC4/cyfitter_cfg.c **** 
  90              		.loc 1 171 0
  91              		.cfi_startproc
  92              		@ args = 0, pretend = 0, frame = 0
  93              		@ frame_needed = 0, uses_anonymous_args = 0
  94 0000 70B5     		push	{r4, r5, r6, lr}
  95              		.cfi_def_cfa_offset 16
  96              		.cfi_offset 4, -16
  97              		.cfi_offset 5, -12
  98              		.cfi_offset 6, -8
  99              		.cfi_offset 14, -4
 174:Generated_Source\PSoC4/cyfitter_cfg.c **** 
 100              		.loc 1 174 0
 101 0002 1222     		movs	r2, #18
 102 0004 194B     		ldr	r3, .L6
ARM GAS  C:\Users\davis\AppData\Local\Temp\cc3KuMA5.s 			page 7


 103 0006 1A60     		str	r2, [r3]
 177:Generated_Source\PSoC4/cyfitter_cfg.c **** 	CyDelayCycles(12000000u); /* WCO may take up to 500ms to start */
 104              		.loc 1 177 0
 105 0008 FFF7FEFF 		bl	CySysClkWcoStart
 106              	.LVL3:
 178:Generated_Source\PSoC4/cyfitter_cfg.c **** 
 107              		.loc 1 178 0
 108 000c 1848     		ldr	r0, .L6+4
 109 000e FFF7FEFF 		bl	CyDelayCycles
 110              	.LVL4:
 181:Generated_Source\PSoC4/cyfitter_cfg.c **** 	CySysClkImoEnableWcoLock();
 111              		.loc 1 181 0
 112 0012 3020     		movs	r0, #48
 113 0014 FFF7FEFF 		bl	CySysClkWriteImoFreq
 114              	.LVL5:
 182:Generated_Source\PSoC4/cyfitter_cfg.c **** 	/* CYDEV_CLK_ILO_CONFIG Starting address: CYDEV_CLK_ILO_CONFIG */
 115              		.loc 1 182 0
 116 0018 FFF7FEFF 		bl	CySysClkImoEnableWcoLock
 117              	.LVL6:
 184:Generated_Source\PSoC4/cyfitter_cfg.c **** 
 118              		.loc 1 184 0
 119 001c 154A     		ldr	r2, .L6+8
 120 001e 164B     		ldr	r3, .L6+12
 121 0020 1A60     		str	r2, [r3]
 187:Generated_Source\PSoC4/cyfitter_cfg.c **** 
 122              		.loc 1 187 0
 123 0022 164C     		ldr	r4, .L6+16
 124 0024 8025     		movs	r5, #128
 125 0026 ED05     		lsls	r5, r5, #23
 126 0028 2560     		str	r5, [r4]
 191:Generated_Source\PSoC4/cyfitter_cfg.c **** 	CY_SET_REG32((void *)CYREG_PERI_DIV_CMD, 0x8000FF40u);
 127              		.loc 1 191 0
 128 002a 0022     		movs	r2, #0
 129 002c 144B     		ldr	r3, .L6+20
 130 002e 1A60     		str	r2, [r3]
 192:Generated_Source\PSoC4/cyfitter_cfg.c **** 	CY_SET_REG32((void *)CYREG_PERI_DIV_16_CTL1, 0x00002200u);
 131              		.loc 1 192 0
 132 0030 144B     		ldr	r3, .L6+24
 133 0032 154A     		ldr	r2, .L6+28
 134 0034 1A60     		str	r2, [r3]
 193:Generated_Source\PSoC4/cyfitter_cfg.c **** 	CY_SET_REG32((void *)CYREG_PERI_DIV_CMD, 0x8000FF41u);
 135              		.loc 1 193 0
 136 0036 8821     		movs	r1, #136
 137 0038 8901     		lsls	r1, r1, #6
 138 003a 144A     		ldr	r2, .L6+32
 139 003c 1160     		str	r1, [r2]
 194:Generated_Source\PSoC4/cyfitter_cfg.c **** 
 140              		.loc 1 194 0
 141 003e 144A     		ldr	r2, .L6+36
 142 0040 1A60     		str	r2, [r3]
 197:Generated_Source\PSoC4/cyfitter_cfg.c **** 
 143              		.loc 1 197 0
 144 0042 8022     		movs	r2, #128
 145 0044 1206     		lsls	r2, r2, #24
 146 0046 134B     		ldr	r3, .L6+40
 147 0048 1A60     		str	r2, [r3]
 200:Generated_Source\PSoC4/cyfitter_cfg.c **** 
ARM GAS  C:\Users\davis\AppData\Local\Temp\cc3KuMA5.s 			page 8


 148              		.loc 1 200 0
 149 004a 8022     		movs	r2, #128
 150 004c D202     		lsls	r2, r2, #11
 151 004e 124B     		ldr	r3, .L6+44
 152 0050 1A60     		str	r2, [r3]
 203:Generated_Source\PSoC4/cyfitter_cfg.c **** 
 153              		.loc 1 203 0
 154 0052 4122     		movs	r2, #65
 155 0054 114B     		ldr	r3, .L6+48
 156 0056 1A60     		str	r2, [r3]
 205:Generated_Source\PSoC4/cyfitter_cfg.c **** 	CyIntEnable(8u);
 157              		.loc 1 205 0
 158 0058 1149     		ldr	r1, .L6+52
 159 005a 0820     		movs	r0, #8
 160 005c FFF7FEFF 		bl	CyIntSetVector
 161              	.LVL7:
 206:Generated_Source\PSoC4/cyfitter_cfg.c **** 	CY_SET_REG32((void *)(CYREG_WDT_CONFIG), 0x40000000u);
 162              		.loc 1 206 0
 163 0060 0820     		movs	r0, #8
 164 0062 FFF7FEFF 		bl	CyIntEnable
 165              	.LVL8:
 207:Generated_Source\PSoC4/cyfitter_cfg.c **** }
 166              		.loc 1 207 0
 167 0066 2560     		str	r5, [r4]
 208:Generated_Source\PSoC4/cyfitter_cfg.c **** 
 168              		.loc 1 208 0
 169              		@ sp needed
 170 0068 70BD     		pop	{r4, r5, r6, pc}
 171              	.L7:
 172 006a C046     		.align	2
 173              	.L6:
 174 006c 30001040 		.word	1074790448
 175 0070 001BB700 		.word	12000000
 176 0074 06000080 		.word	-2147483642
 177 0078 04010B40 		.word	1074462980
 178 007c 0C020B40 		.word	1074463244
 179 0080 00030140 		.word	1073808128
 180 0084 00000140 		.word	1073807360
 181 0088 40FF0080 		.word	-2147418304
 182 008c 04030140 		.word	1073808132
 183 0090 41FF0080 		.word	-2147418303
 184 0094 08010B40 		.word	1074462984
 185 0098 00010B40 		.word	1074462976
 186 009c 14010140 		.word	1073807636
 187 00a0 00000000 		.word	CySysWdtIsr
 188              		.cfi_endproc
 189              	.LFE4:
 190              		.size	ClockSetup, .-ClockSetup
 191              		.align	2
 192              		.global	cyfitter_cfg
 193              		.code	16
 194              		.thumb_func
 195              		.type	cyfitter_cfg, %function
 196              	cyfitter_cfg:
 197              	.LFB6:
 236:Generated_Source\PSoC4/cyfitter_cfg.c **** 
 237:Generated_Source\PSoC4/cyfitter_cfg.c **** 
ARM GAS  C:\Users\davis\AppData\Local\Temp\cc3KuMA5.s 			page 9


 238:Generated_Source\PSoC4/cyfitter_cfg.c **** 
 239:Generated_Source\PSoC4/cyfitter_cfg.c **** 
 240:Generated_Source\PSoC4/cyfitter_cfg.c **** /*******************************************************************************
 241:Generated_Source\PSoC4/cyfitter_cfg.c **** * Function Name: cyfitter_cfg
 242:Generated_Source\PSoC4/cyfitter_cfg.c **** ********************************************************************************
 243:Generated_Source\PSoC4/cyfitter_cfg.c **** * Summary:
 244:Generated_Source\PSoC4/cyfitter_cfg.c **** *  This function is called by the start-up code for the selected device. It
 245:Generated_Source\PSoC4/cyfitter_cfg.c **** *  performs all of the necessary device configuration based on the design
 246:Generated_Source\PSoC4/cyfitter_cfg.c **** *  settings.  This includes settings from the Design Wide Resources (DWR) such
 247:Generated_Source\PSoC4/cyfitter_cfg.c **** *  as Clocks and Pins as well as any component configuration that is necessary.
 248:Generated_Source\PSoC4/cyfitter_cfg.c **** *
 249:Generated_Source\PSoC4/cyfitter_cfg.c **** * Parameters:
 250:Generated_Source\PSoC4/cyfitter_cfg.c **** *   void
 251:Generated_Source\PSoC4/cyfitter_cfg.c **** *
 252:Generated_Source\PSoC4/cyfitter_cfg.c **** * Return:
 253:Generated_Source\PSoC4/cyfitter_cfg.c **** *   void
 254:Generated_Source\PSoC4/cyfitter_cfg.c **** *
 255:Generated_Source\PSoC4/cyfitter_cfg.c **** *******************************************************************************/
 256:Generated_Source\PSoC4/cyfitter_cfg.c **** CY_CFG_SECTION
 257:Generated_Source\PSoC4/cyfitter_cfg.c **** void cyfitter_cfg(void)
 258:Generated_Source\PSoC4/cyfitter_cfg.c **** {
 198              		.loc 1 258 0
 199              		.cfi_startproc
 200              		@ args = 0, pretend = 0, frame = 0
 201              		@ frame_needed = 0, uses_anonymous_args = 0
 202 00a4 10B5     		push	{r4, lr}
 203              		.cfi_def_cfa_offset 8
 204              		.cfi_offset 4, -8
 205              		.cfi_offset 14, -4
 259:Generated_Source\PSoC4/cyfitter_cfg.c **** 	/* Disable interrupts by default. Let user enable if/when they want. */
 260:Generated_Source\PSoC4/cyfitter_cfg.c **** 	CyGlobalIntDisable;
 206              		.loc 1 260 0
 207              		.syntax divided
 208              	@ 260 "Generated_Source\PSoC4\cyfitter_cfg.c" 1
 209 00a6 72B6     		CPSID   i
 210              	@ 0 "" 2
 211              	.LVL9:
 212              		.thumb
 213              		.syntax unified
 214              	.LBB2:
 261:Generated_Source\PSoC4/cyfitter_cfg.c **** 
 262:Generated_Source\PSoC4/cyfitter_cfg.c **** 	{
 263:Generated_Source\PSoC4/cyfitter_cfg.c **** 
 264:Generated_Source\PSoC4/cyfitter_cfg.c **** 		CYPACKED typedef struct {
 265:Generated_Source\PSoC4/cyfitter_cfg.c **** 			void CYFAR *address;
 266:Generated_Source\PSoC4/cyfitter_cfg.c **** 			uint16 size;
 267:Generated_Source\PSoC4/cyfitter_cfg.c **** 		} CYPACKED_ATTR cfg_memset_t;
 268:Generated_Source\PSoC4/cyfitter_cfg.c **** 
 269:Generated_Source\PSoC4/cyfitter_cfg.c **** 		static const cfg_memset_t CYCODE cfg_memset_list[] = {
 270:Generated_Source\PSoC4/cyfitter_cfg.c **** 			/* address, size */
 271:Generated_Source\PSoC4/cyfitter_cfg.c **** 			{(void CYFAR *)(CYDEV_UDB_P0_U0_BASE), 2048u},
 272:Generated_Source\PSoC4/cyfitter_cfg.c **** 			{(void CYFAR *)(CYDEV_UDB_DSI0_BASE), 2048u},
 273:Generated_Source\PSoC4/cyfitter_cfg.c **** 		};
 274:Generated_Source\PSoC4/cyfitter_cfg.c **** 
 275:Generated_Source\PSoC4/cyfitter_cfg.c **** 		uint8 CYDATA i;
 276:Generated_Source\PSoC4/cyfitter_cfg.c **** 
 277:Generated_Source\PSoC4/cyfitter_cfg.c **** 		/* Zero out critical memory blocks before beginning configuration */
ARM GAS  C:\Users\davis\AppData\Local\Temp\cc3KuMA5.s 			page 10


 278:Generated_Source\PSoC4/cyfitter_cfg.c **** 		for (i = 0u; i < (sizeof(cfg_memset_list)/sizeof(cfg_memset_list[0])); i++)
 215              		.loc 1 278 0
 216 00a8 0024     		movs	r4, #0
 217 00aa 0FE0     		b	.L9
 218              	.LVL10:
 219              	.L10:
 220              	.LBB3:
 279:Generated_Source\PSoC4/cyfitter_cfg.c **** 		{
 280:Generated_Source\PSoC4/cyfitter_cfg.c **** 			const cfg_memset_t CYCODE * CYDATA ms = &cfg_memset_list[i];
 281:Generated_Source\PSoC4/cyfitter_cfg.c **** 			CYMEMZERO(ms->address, (size_t)(uint32)(ms->size));
 221              		.loc 1 281 0 discriminator 3
 222 00ac 2A48     		ldr	r0, .L11
 223 00ae 6200     		lsls	r2, r4, #1
 224 00b0 1319     		adds	r3, r2, r4
 225 00b2 5900     		lsls	r1, r3, #1
 226 00b4 0B00     		movs	r3, r1
 227 00b6 4118     		adds	r1, r0, r1
 228 00b8 8988     		ldrh	r1, [r1, #4]
 229 00ba 1A5A     		ldrh	r2, [r3, r0]
 230 00bc C318     		adds	r3, r0, r3
 231 00be 5888     		ldrh	r0, [r3, #2]
 232 00c0 0004     		lsls	r0, r0, #16
 233 00c2 1043     		orrs	r0, r2
 234 00c4 FFF7FEFF 		bl	CYMEMZERO
 235              	.LVL11:
 236              	.LBE3:
 278:Generated_Source\PSoC4/cyfitter_cfg.c **** 		{
 237              		.loc 1 278 0 discriminator 3
 238 00c8 0134     		adds	r4, r4, #1
 239              	.LVL12:
 240 00ca E4B2     		uxtb	r4, r4
 241              	.LVL13:
 242              	.L9:
 278:Generated_Source\PSoC4/cyfitter_cfg.c **** 		{
 243              		.loc 1 278 0 is_stmt 0 discriminator 1
 244 00cc 012C     		cmp	r4, #1
 245 00ce EDD9     		bls	.L10
 282:Generated_Source\PSoC4/cyfitter_cfg.c **** 		}
 283:Generated_Source\PSoC4/cyfitter_cfg.c **** 
 284:Generated_Source\PSoC4/cyfitter_cfg.c **** 		/* HSIOM Starting address: CYDEV_HSIOM_BASE */
 285:Generated_Source\PSoC4/cyfitter_cfg.c **** 		CY_SET_REG32((void *)(CYDEV_HSIOM_BASE), 0x000000AAu);
 246              		.loc 1 285 0 is_stmt 1
 247 00d0 AA22     		movs	r2, #170
 248 00d2 224B     		ldr	r3, .L11+4
 249 00d4 1A60     		str	r2, [r3]
 286:Generated_Source\PSoC4/cyfitter_cfg.c **** 		CY_SET_REG32((void *)(CYREG_HSIOM_PORT_SEL3), 0x0000EE00u);
 250              		.loc 1 286 0
 251 00d6 EE22     		movs	r2, #238
 252 00d8 1202     		lsls	r2, r2, #8
 253 00da 214B     		ldr	r3, .L11+8
 254 00dc 1A60     		str	r2, [r3]
 287:Generated_Source\PSoC4/cyfitter_cfg.c **** 		CY_SET_REG32((void *)(CYREG_HSIOM_PORT_SEL7), 0x00000099u);
 255              		.loc 1 287 0
 256 00de 9922     		movs	r2, #153
 257 00e0 204B     		ldr	r3, .L11+12
 258 00e2 1A60     		str	r2, [r3]
 288:Generated_Source\PSoC4/cyfitter_cfg.c **** 
ARM GAS  C:\Users\davis\AppData\Local\Temp\cc3KuMA5.s 			page 11


 289:Generated_Source\PSoC4/cyfitter_cfg.c **** 		/* UDB_PA_1 Starting address: CYDEV_UDB_PA1_BASE */
 290:Generated_Source\PSoC4/cyfitter_cfg.c **** 		CY_SET_REG32((void *)(CYDEV_UDB_PA1_BASE), 0x00990000u);
 259              		.loc 1 290 0
 260 00e4 9923     		movs	r3, #153
 261 00e6 1B04     		lsls	r3, r3, #16
 262 00e8 1F4A     		ldr	r2, .L11+16
 263 00ea 1360     		str	r3, [r2]
 291:Generated_Source\PSoC4/cyfitter_cfg.c **** 
 292:Generated_Source\PSoC4/cyfitter_cfg.c **** 		/* UDB_PA_2 Starting address: CYDEV_UDB_PA2_BASE */
 293:Generated_Source\PSoC4/cyfitter_cfg.c **** 		CY_SET_REG32((void *)(CYDEV_UDB_PA2_BASE), 0x00990000u);
 264              		.loc 1 293 0
 265 00ec 1F4A     		ldr	r2, .L11+20
 266 00ee 1360     		str	r3, [r2]
 294:Generated_Source\PSoC4/cyfitter_cfg.c **** 
 295:Generated_Source\PSoC4/cyfitter_cfg.c **** 		/* UDB_PA_4 Starting address: CYDEV_UDB_PA4_BASE */
 296:Generated_Source\PSoC4/cyfitter_cfg.c **** 		CY_SET_REG32((void *)(CYDEV_UDB_PA4_BASE), 0x00990000u);
 267              		.loc 1 296 0
 268 00f0 1F4A     		ldr	r2, .L11+24
 269 00f2 1360     		str	r3, [r2]
 297:Generated_Source\PSoC4/cyfitter_cfg.c **** 
 298:Generated_Source\PSoC4/cyfitter_cfg.c **** 		/* UDB_PA_5 Starting address: CYDEV_UDB_PA5_BASE */
 299:Generated_Source\PSoC4/cyfitter_cfg.c **** 		CY_SET_REG32((void *)(CYDEV_UDB_PA5_BASE), 0x00990000u);
 270              		.loc 1 299 0
 271 00f4 1F4A     		ldr	r2, .L11+28
 272 00f6 1360     		str	r3, [r2]
 300:Generated_Source\PSoC4/cyfitter_cfg.c **** 
 301:Generated_Source\PSoC4/cyfitter_cfg.c **** 		/* UDB_PA_7 Starting address: CYDEV_UDB_PA7_BASE */
 302:Generated_Source\PSoC4/cyfitter_cfg.c **** 		CY_SET_REG32((void *)(CYDEV_UDB_PA7_BASE), 0x00990000u);
 273              		.loc 1 302 0
 274 00f8 1F4A     		ldr	r2, .L11+32
 275 00fa 1360     		str	r3, [r2]
 303:Generated_Source\PSoC4/cyfitter_cfg.c **** 
 304:Generated_Source\PSoC4/cyfitter_cfg.c **** 		/* Enable digital routing */
 305:Generated_Source\PSoC4/cyfitter_cfg.c **** 		CY_SET_XTND_REG8((void *)CYREG_UDB_UDB_BANK_CTL, (uint8)(CY_GET_XTND_REG8((void *)CYREG_UDB_UDB_B
 276              		.loc 1 305 0
 277 00fc 1F4A     		ldr	r2, .L11+36
 278 00fe 1178     		ldrb	r1, [r2]
 279 0100 0623     		movs	r3, #6
 280 0102 0B43     		orrs	r3, r1
 281 0104 DBB2     		uxtb	r3, r3
 282 0106 1370     		strb	r3, [r2]
 283              	.LBE2:
 306:Generated_Source\PSoC4/cyfitter_cfg.c **** 	}
 307:Generated_Source\PSoC4/cyfitter_cfg.c **** 
 308:Generated_Source\PSoC4/cyfitter_cfg.c **** 	/* Perform second pass device configuration. These items must be configured in specific order afte
 309:Generated_Source\PSoC4/cyfitter_cfg.c **** 	/* IOPINS0_0 Starting address: CYDEV_GPIO_PRT0_BASE */
 310:Generated_Source\PSoC4/cyfitter_cfg.c **** 	CY_SET_REG32((void *)(CYDEV_GPIO_PRT0_BASE), 0x00000002u);
 284              		.loc 1 310 0
 285 0108 0223     		movs	r3, #2
 286 010a 1D4A     		ldr	r2, .L11+40
 287 010c 1360     		str	r3, [r2]
 311:Generated_Source\PSoC4/cyfitter_cfg.c **** 	CY_SET_REG32((void *)(CYREG_GPIO_PRT0_PC), 0x00000031u);
 288              		.loc 1 311 0
 289 010e 3122     		movs	r2, #49
 290 0110 1C49     		ldr	r1, .L11+44
 291 0112 0A60     		str	r2, [r1]
 312:Generated_Source\PSoC4/cyfitter_cfg.c **** 
ARM GAS  C:\Users\davis\AppData\Local\Temp\cc3KuMA5.s 			page 12


 313:Generated_Source\PSoC4/cyfitter_cfg.c **** 	/* IOPINS0_1 Starting address: CYDEV_GPIO_PRT1_BASE */
 314:Generated_Source\PSoC4/cyfitter_cfg.c **** 	CY_SET_REG32((void *)(CYDEV_GPIO_PRT1_BASE), 0x0000000Fu);
 292              		.loc 1 314 0
 293 0114 0F20     		movs	r0, #15
 294 0116 1C49     		ldr	r1, .L11+48
 295 0118 0860     		str	r0, [r1]
 315:Generated_Source\PSoC4/cyfitter_cfg.c **** 	CY_SET_REG32((void *)(CYREG_GPIO_PRT1_PC), 0x00000492u);
 296              		.loc 1 315 0
 297 011a 1C48     		ldr	r0, .L11+52
 298 011c 1C49     		ldr	r1, .L11+56
 299 011e 0860     		str	r0, [r1]
 316:Generated_Source\PSoC4/cyfitter_cfg.c **** 
 317:Generated_Source\PSoC4/cyfitter_cfg.c **** 	/* IOPINS0_2 Starting address: CYDEV_GPIO_PRT2_BASE */
 318:Generated_Source\PSoC4/cyfitter_cfg.c **** 	CY_SET_REG32((void *)(CYDEV_GPIO_PRT2_BASE), 0x00000080u);
 300              		.loc 1 318 0
 301 0120 8020     		movs	r0, #128
 302 0122 1C49     		ldr	r1, .L11+60
 303 0124 0860     		str	r0, [r1]
 319:Generated_Source\PSoC4/cyfitter_cfg.c **** 	CY_SET_REG32((void *)(CYREG_GPIO_PRT2_PC), 0x00C00000u);
 304              		.loc 1 319 0
 305 0126 C020     		movs	r0, #192
 306 0128 0004     		lsls	r0, r0, #16
 307 012a 1B49     		ldr	r1, .L11+64
 308 012c 0860     		str	r0, [r1]
 320:Generated_Source\PSoC4/cyfitter_cfg.c **** 
 321:Generated_Source\PSoC4/cyfitter_cfg.c **** 	/* IOPINS0_3 Starting address: CYDEV_GPIO_PRT3_BASE */
 322:Generated_Source\PSoC4/cyfitter_cfg.c **** 	CY_SET_REG32((void *)(CYREG_GPIO_PRT3_PC), 0x00000D80u);
 309              		.loc 1 322 0
 310 012e D820     		movs	r0, #216
 311 0130 0001     		lsls	r0, r0, #4
 312 0132 1A49     		ldr	r1, .L11+68
 313 0134 0860     		str	r0, [r1]
 323:Generated_Source\PSoC4/cyfitter_cfg.c **** 
 324:Generated_Source\PSoC4/cyfitter_cfg.c **** 	/* IOPINS0_4 Starting address: CYDEV_GPIO_PRT4_BASE */
 325:Generated_Source\PSoC4/cyfitter_cfg.c **** 	CY_SET_REG32((void *)(CYDEV_GPIO_PRT4_BASE), 0x0000002Au);
 314              		.loc 1 325 0
 315 0136 2A20     		movs	r0, #42
 316 0138 1949     		ldr	r1, .L11+72
 317 013a 0860     		str	r0, [r1]
 326:Generated_Source\PSoC4/cyfitter_cfg.c **** 	CY_SET_REG32((void *)(CYREG_GPIO_PRT4_PC), 0x00018630u);
 318              		.loc 1 326 0
 319 013c 1948     		ldr	r0, .L11+76
 320 013e 1A49     		ldr	r1, .L11+80
 321 0140 0860     		str	r0, [r1]
 327:Generated_Source\PSoC4/cyfitter_cfg.c **** 
 328:Generated_Source\PSoC4/cyfitter_cfg.c **** 	/* IOPINS0_7 Starting address: CYDEV_GPIO_PRT7_BASE */
 329:Generated_Source\PSoC4/cyfitter_cfg.c **** 	CY_SET_REG32((void *)(CYDEV_GPIO_PRT7_BASE), 0x00000002u);
 322              		.loc 1 329 0
 323 0142 1A49     		ldr	r1, .L11+84
 324 0144 0B60     		str	r3, [r1]
 330:Generated_Source\PSoC4/cyfitter_cfg.c **** 	CY_SET_REG32((void *)(CYREG_GPIO_PRT7_PC), 0x00000031u);
 325              		.loc 1 330 0
 326 0146 1A49     		ldr	r1, .L11+88
 327 0148 0A60     		str	r2, [r1]
 331:Generated_Source\PSoC4/cyfitter_cfg.c **** 	CY_SET_REG32((void *)(CYREG_GPIO_PRT7_PC2), 0x00000002u);
 328              		.loc 1 331 0
 329 014a 1A4A     		ldr	r2, .L11+92
ARM GAS  C:\Users\davis\AppData\Local\Temp\cc3KuMA5.s 			page 13


 330 014c 1360     		str	r3, [r2]
 332:Generated_Source\PSoC4/cyfitter_cfg.c **** 
 333:Generated_Source\PSoC4/cyfitter_cfg.c **** 
 334:Generated_Source\PSoC4/cyfitter_cfg.c **** 	/* Setup clocks based on selections from Clock DWR */
 335:Generated_Source\PSoC4/cyfitter_cfg.c **** 	ClockSetup();
 331              		.loc 1 335 0
 332 014e FFF757FF 		bl	ClockSetup
 333              	.LVL14:
 336:Generated_Source\PSoC4/cyfitter_cfg.c **** 
 337:Generated_Source\PSoC4/cyfitter_cfg.c **** 	/* Perform basic analog initialization to defaults */
 338:Generated_Source\PSoC4/cyfitter_cfg.c **** 	AnalogSetDefault();
 334              		.loc 1 338 0
 335 0152 FFF7FEFF 		bl	AnalogSetDefault
 336              	.LVL15:
 339:Generated_Source\PSoC4/cyfitter_cfg.c **** 
 340:Generated_Source\PSoC4/cyfitter_cfg.c **** }
 337              		.loc 1 340 0
 338              		@ sp needed
 339              	.LVL16:
 340 0156 10BD     		pop	{r4, pc}
 341              	.L12:
 342              		.align	2
 343              	.L11:
 344 0158 00000000 		.word	.LANCHOR0
 345 015c 00000240 		.word	1073872896
 346 0160 00030240 		.word	1073873664
 347 0164 00070240 		.word	1073874688
 348 0168 10500F40 		.word	1074745360
 349 016c 20500F40 		.word	1074745376
 350 0170 40500F40 		.word	1074745408
 351 0174 50500F40 		.word	1074745424
 352 0178 70500F40 		.word	1074745456
 353 017c 00700F40 		.word	1074753536
 354 0180 00000440 		.word	1074003968
 355 0184 08000440 		.word	1074003976
 356 0188 00010440 		.word	1074004224
 357 018c 92040000 		.word	1170
 358 0190 08010440 		.word	1074004232
 359 0194 00020440 		.word	1074004480
 360 0198 08020440 		.word	1074004488
 361 019c 08030440 		.word	1074004744
 362 01a0 00040440 		.word	1074004992
 363 01a4 30860100 		.word	99888
 364 01a8 08040440 		.word	1074005000
 365 01ac 00070440 		.word	1074005760
 366 01b0 08070440 		.word	1074005768
 367 01b4 18070440 		.word	1074005784
 368              		.cfi_endproc
 369              	.LFE6:
 370              		.size	cyfitter_cfg, .-cyfitter_cfg
 371              		.section	.rodata
 372              		.align	2
 373              		.set	.LANCHOR0,. + 0
 374              		.type	cfg_memset_list.4948, %object
 375              		.size	cfg_memset_list.4948, 12
 376              	cfg_memset_list.4948:
 377 0000 00300F40 		.word	1074737152
ARM GAS  C:\Users\davis\AppData\Local\Temp\cc3KuMA5.s 			page 14


 378 0004 0008     		.short	2048
 379 0006 00400F40 		.4byte	1074741248
 380 000a 0008     		.short	2048
 381              		.text
 382              	.Letext0:
 383              		.file 2 "c:\\program files (x86)\\cypress\\psoc creator\\4.4\\psoc creator\\import\\gnu\\arm\\5.4.
 384              		.file 3 "Generated_Source\\PSoC4\\cytypes.h"
 385              		.file 4 "Generated_Source\\PSoC4\\CyLFClk.h"
 386              		.file 5 "Generated_Source\\PSoC4\\CyLib.h"
 387              		.section	.debug_info,"",%progbits
 388              	.Ldebug_info0:
 389 0000 DF020000 		.4byte	0x2df
 390 0004 0400     		.2byte	0x4
 391 0006 00000000 		.4byte	.Ldebug_abbrev0
 392 000a 04       		.byte	0x4
 393 000b 01       		.uleb128 0x1
 394 000c 73010000 		.4byte	.LASF32
 395 0010 0C       		.byte	0xc
 396 0011 83020000 		.4byte	.LASF33
 397 0015 AC000000 		.4byte	.LASF34
 398 0019 00000000 		.4byte	.Ldebug_ranges0+0
 399 001d 00000000 		.4byte	0
 400 0021 00000000 		.4byte	.Ldebug_line0
 401 0025 02       		.uleb128 0x2
 402 0026 04       		.byte	0x4
 403 0027 05       		.byte	0x5
 404 0028 696E7400 		.ascii	"int\000"
 405 002c 03       		.uleb128 0x3
 406 002d 14000000 		.4byte	.LASF12
 407 0031 02       		.byte	0x2
 408 0032 D8       		.byte	0xd8
 409 0033 37000000 		.4byte	0x37
 410 0037 04       		.uleb128 0x4
 411 0038 04       		.byte	0x4
 412 0039 07       		.byte	0x7
 413 003a 3A010000 		.4byte	.LASF0
 414 003e 04       		.uleb128 0x4
 415 003f 08       		.byte	0x8
 416 0040 05       		.byte	0x5
 417 0041 17020000 		.4byte	.LASF1
 418 0045 04       		.uleb128 0x4
 419 0046 08       		.byte	0x8
 420 0047 04       		.byte	0x4
 421 0048 6B020000 		.4byte	.LASF2
 422 004c 04       		.uleb128 0x4
 423 004d 01       		.byte	0x1
 424 004e 06       		.byte	0x6
 425 004f 77020000 		.4byte	.LASF3
 426 0053 04       		.uleb128 0x4
 427 0054 01       		.byte	0x1
 428 0055 08       		.byte	0x8
 429 0056 04010000 		.4byte	.LASF4
 430 005a 04       		.uleb128 0x4
 431 005b 02       		.byte	0x2
 432 005c 05       		.byte	0x5
 433 005d 2A020000 		.4byte	.LASF5
 434 0061 04       		.uleb128 0x4
ARM GAS  C:\Users\davis\AppData\Local\Temp\cc3KuMA5.s 			page 15


 435 0062 02       		.byte	0x2
 436 0063 07       		.byte	0x7
 437 0064 56000000 		.4byte	.LASF6
 438 0068 04       		.uleb128 0x4
 439 0069 04       		.byte	0x4
 440 006a 05       		.byte	0x5
 441 006b 62020000 		.4byte	.LASF7
 442 006f 04       		.uleb128 0x4
 443 0070 04       		.byte	0x4
 444 0071 07       		.byte	0x7
 445 0072 79000000 		.4byte	.LASF8
 446 0076 04       		.uleb128 0x4
 447 0077 08       		.byte	0x8
 448 0078 07       		.byte	0x7
 449 0079 5C010000 		.4byte	.LASF9
 450 007d 04       		.uleb128 0x4
 451 007e 04       		.byte	0x4
 452 007f 07       		.byte	0x7
 453 0080 0E020000 		.4byte	.LASF10
 454 0084 05       		.uleb128 0x5
 455 0085 04       		.byte	0x4
 456 0086 04       		.uleb128 0x4
 457 0087 01       		.byte	0x1
 458 0088 08       		.byte	0x8
 459 0089 25020000 		.4byte	.LASF11
 460 008d 06       		.uleb128 0x6
 461 008e 8B000000 		.4byte	.LASF13
 462 0092 03       		.byte	0x3
 463 0093 FB01     		.2byte	0x1fb
 464 0095 53000000 		.4byte	0x53
 465 0099 06       		.uleb128 0x6
 466 009a 2C010000 		.4byte	.LASF14
 467 009e 03       		.byte	0x3
 468 009f FC01     		.2byte	0x1fc
 469 00a1 61000000 		.4byte	0x61
 470 00a5 06       		.uleb128 0x6
 471 00a6 33010000 		.4byte	.LASF15
 472 00aa 03       		.byte	0x3
 473 00ab FD01     		.2byte	0x1fd
 474 00ad 6F000000 		.4byte	0x6f
 475 00b1 04       		.uleb128 0x4
 476 00b2 04       		.byte	0x4
 477 00b3 04       		.byte	0x4
 478 00b4 69000000 		.4byte	.LASF16
 479 00b8 04       		.uleb128 0x4
 480 00b9 08       		.byte	0x8
 481 00ba 04       		.byte	0x4
 482 00bb 19010000 		.4byte	.LASF17
 483 00bf 06       		.uleb128 0x6
 484 00c0 74000000 		.4byte	.LASF18
 485 00c4 03       		.byte	0x3
 486 00c5 A502     		.2byte	0x2a5
 487 00c7 CB000000 		.4byte	0xcb
 488 00cb 07       		.uleb128 0x7
 489 00cc 8D000000 		.4byte	0x8d
 490 00d0 06       		.uleb128 0x6
 491 00d1 0E000000 		.4byte	.LASF19
ARM GAS  C:\Users\davis\AppData\Local\Temp\cc3KuMA5.s 			page 16


 492 00d5 03       		.byte	0x3
 493 00d6 A702     		.2byte	0x2a7
 494 00d8 DC000000 		.4byte	0xdc
 495 00dc 07       		.uleb128 0x7
 496 00dd A5000000 		.4byte	0xa5
 497 00e1 08       		.uleb128 0x8
 498 00e2 1B000000 		.4byte	.LASF35
 499 00e6 01       		.byte	0x1
 500 00e7 E6       		.byte	0xe6
 501 00e8 00000000 		.4byte	.LFB5
 502 00ec 20000000 		.4byte	.LFE5-.LFB5
 503 00f0 01       		.uleb128 0x1
 504 00f1 9C       		.byte	0x9c
 505 00f2 09       		.uleb128 0x9
 506 00f3 A2000000 		.4byte	.LASF20
 507 00f7 01       		.byte	0x1
 508 00f8 4C       		.byte	0x4c
 509 00f9 00000000 		.4byte	.LFB1
 510 00fd 0C000000 		.4byte	.LFE1-.LFB1
 511 0101 01       		.uleb128 0x1
 512 0102 9C       		.byte	0x9c
 513 0103 3F010000 		.4byte	0x13f
 514 0107 0A       		.uleb128 0xa
 515 0108 7300     		.ascii	"s\000"
 516 010a 01       		.byte	0x1
 517 010b 4C       		.byte	0x4c
 518 010c 84000000 		.4byte	0x84
 519 0110 00000000 		.4byte	.LLST0
 520 0114 0A       		.uleb128 0xa
 521 0115 6E00     		.ascii	"n\000"
 522 0117 01       		.byte	0x1
 523 0118 4C       		.byte	0x4c
 524 0119 2C000000 		.4byte	0x2c
 525 011d 21000000 		.4byte	.LLST1
 526 0121 0B       		.uleb128 0xb
 527 0122 0A000000 		.4byte	.LVL2
 528 0126 97020000 		.4byte	0x297
 529 012a 0C       		.uleb128 0xc
 530 012b 01       		.uleb128 0x1
 531 012c 50       		.byte	0x50
 532 012d 03       		.uleb128 0x3
 533 012e F3       		.byte	0xf3
 534 012f 01       		.uleb128 0x1
 535 0130 50       		.byte	0x50
 536 0131 0C       		.uleb128 0xc
 537 0132 01       		.uleb128 0x1
 538 0133 51       		.byte	0x51
 539 0134 01       		.uleb128 0x1
 540 0135 30       		.byte	0x30
 541 0136 0C       		.uleb128 0xc
 542 0137 01       		.uleb128 0x1
 543 0138 52       		.byte	0x52
 544 0139 03       		.uleb128 0x3
 545 013a F3       		.byte	0xf3
 546 013b 01       		.uleb128 0x1
 547 013c 51       		.byte	0x51
 548 013d 00       		.byte	0
ARM GAS  C:\Users\davis\AppData\Local\Temp\cc3KuMA5.s 			page 17


 549 013e 00       		.byte	0
 550 013f 09       		.uleb128 0x9
 551 0140 4B000000 		.4byte	.LASF21
 552 0144 01       		.byte	0x1
 553 0145 AA       		.byte	0xaa
 554 0146 00000000 		.4byte	.LFB4
 555 014a A4000000 		.4byte	.LFE4-.LFB4
 556 014e 01       		.uleb128 0x1
 557 014f 9C       		.byte	0x9c
 558 0150 B4010000 		.4byte	0x1b4
 559 0154 0D       		.uleb128 0xd
 560 0155 0C000000 		.4byte	.LVL3
 561 0159 A0020000 		.4byte	0x2a0
 562 015d 0E       		.uleb128 0xe
 563 015e 12000000 		.4byte	.LVL4
 564 0162 AB020000 		.4byte	0x2ab
 565 0166 74010000 		.4byte	0x174
 566 016a 0C       		.uleb128 0xc
 567 016b 01       		.uleb128 0x1
 568 016c 50       		.byte	0x50
 569 016d 05       		.uleb128 0x5
 570 016e 0C       		.byte	0xc
 571 016f 001BB700 		.4byte	0xb71b00
 572 0173 00       		.byte	0
 573 0174 0E       		.uleb128 0xe
 574 0175 18000000 		.4byte	.LVL5
 575 0179 B6020000 		.4byte	0x2b6
 576 017d 88010000 		.4byte	0x188
 577 0181 0C       		.uleb128 0xc
 578 0182 01       		.uleb128 0x1
 579 0183 50       		.byte	0x50
 580 0184 02       		.uleb128 0x2
 581 0185 08       		.byte	0x8
 582 0186 30       		.byte	0x30
 583 0187 00       		.byte	0
 584 0188 0D       		.uleb128 0xd
 585 0189 1C000000 		.4byte	.LVL6
 586 018d C1020000 		.4byte	0x2c1
 587 0191 0E       		.uleb128 0xe
 588 0192 60000000 		.4byte	.LVL7
 589 0196 CC020000 		.4byte	0x2cc
 590 019a A4010000 		.4byte	0x1a4
 591 019e 0C       		.uleb128 0xc
 592 019f 01       		.uleb128 0x1
 593 01a0 50       		.byte	0x50
 594 01a1 01       		.uleb128 0x1
 595 01a2 38       		.byte	0x38
 596 01a3 00       		.byte	0
 597 01a4 0B       		.uleb128 0xb
 598 01a5 66000000 		.4byte	.LVL8
 599 01a9 D7020000 		.4byte	0x2d7
 600 01ad 0C       		.uleb128 0xc
 601 01ae 01       		.uleb128 0x1
 602 01af 50       		.byte	0x50
 603 01b0 01       		.uleb128 0x1
 604 01b1 38       		.byte	0x38
 605 01b2 00       		.byte	0
ARM GAS  C:\Users\davis\AppData\Local\Temp\cc3KuMA5.s 			page 18


 606 01b3 00       		.byte	0
 607 01b4 0F       		.uleb128 0xf
 608 01b5 47010000 		.4byte	.LASF36
 609 01b9 01       		.byte	0x1
 610 01ba 0101     		.2byte	0x101
 611 01bc A4000000 		.4byte	.LFB6
 612 01c0 14010000 		.4byte	.LFE6-.LFB6
 613 01c4 01       		.uleb128 0x1
 614 01c5 9C       		.byte	0x9c
 615 01c6 97020000 		.4byte	0x297
 616 01ca 10       		.uleb128 0x10
 617 01cb A8000000 		.4byte	.LBB2
 618 01cf 60000000 		.4byte	.LBE2-.LBB2
 619 01d3 84020000 		.4byte	0x284
 620 01d7 11       		.uleb128 0x11
 621 01d8 06       		.byte	0x6
 622 01d9 01       		.byte	0x1
 623 01da 0801     		.2byte	0x108
 624 01dc FB010000 		.4byte	0x1fb
 625 01e0 12       		.uleb128 0x12
 626 01e1 54010000 		.4byte	.LASF22
 627 01e5 01       		.byte	0x1
 628 01e6 0901     		.2byte	0x109
 629 01e8 84000000 		.4byte	0x84
 630 01ec 00       		.byte	0
 631 01ed 12       		.uleb128 0x12
 632 01ee 6F000000 		.4byte	.LASF23
 633 01f2 01       		.byte	0x1
 634 01f3 0A01     		.2byte	0x10a
 635 01f5 99000000 		.4byte	0x99
 636 01f9 04       		.byte	0x4
 637 01fa 00       		.byte	0
 638 01fb 06       		.uleb128 0x6
 639 01fc 01020000 		.4byte	.LASF24
 640 0200 01       		.byte	0x1
 641 0201 0B01     		.2byte	0x10b
 642 0203 D7010000 		.4byte	0x1d7
 643 0207 13       		.uleb128 0x13
 644 0208 17020000 		.4byte	0x217
 645 020c 17020000 		.4byte	0x217
 646 0210 14       		.uleb128 0x14
 647 0211 7D000000 		.4byte	0x7d
 648 0215 01       		.byte	0x1
 649 0216 00       		.byte	0
 650 0217 15       		.uleb128 0x15
 651 0218 FB010000 		.4byte	0x1fb
 652 021c 16       		.uleb128 0x16
 653 021d 3B000000 		.4byte	.LASF25
 654 0221 01       		.byte	0x1
 655 0222 0D01     		.2byte	0x10d
 656 0224 2E020000 		.4byte	0x22e
 657 0228 05       		.uleb128 0x5
 658 0229 03       		.byte	0x3
 659 022a 00000000 		.4byte	cfg_memset_list.4948
 660 022e 15       		.uleb128 0x15
 661 022f 07020000 		.4byte	0x207
 662 0233 17       		.uleb128 0x17
ARM GAS  C:\Users\davis\AppData\Local\Temp\cc3KuMA5.s 			page 19


 663 0234 6900     		.ascii	"i\000"
 664 0236 01       		.byte	0x1
 665 0237 1301     		.2byte	0x113
 666 0239 8D000000 		.4byte	0x8d
 667 023d 4D000000 		.4byte	.LLST2
 668 0241 18       		.uleb128 0x18
 669 0242 AC000000 		.4byte	.LBB3
 670 0246 1C000000 		.4byte	.LBE3-.LBB3
 671 024a 17       		.uleb128 0x17
 672 024b 6D7300   		.ascii	"ms\000"
 673 024e 01       		.byte	0x1
 674 024f 1801     		.2byte	0x118
 675 0251 59020000 		.4byte	0x259
 676 0255 77000000 		.4byte	.LLST3
 677 0259 19       		.uleb128 0x19
 678 025a 04       		.byte	0x4
 679 025b 17020000 		.4byte	0x217
 680 025f 0B       		.uleb128 0xb
 681 0260 C8000000 		.4byte	.LVL11
 682 0264 F2000000 		.4byte	0xf2
 683 0268 0C       		.uleb128 0xc
 684 0269 01       		.uleb128 0x1
 685 026a 51       		.byte	0x51
 686 026b 15       		.uleb128 0x15
 687 026c 74       		.byte	0x74
 688 026d 00       		.sleb128 0
 689 026e 31       		.byte	0x31
 690 026f 24       		.byte	0x24
 691 0270 74       		.byte	0x74
 692 0271 00       		.sleb128 0
 693 0272 22       		.byte	0x22
 694 0273 31       		.byte	0x31
 695 0274 24       		.byte	0x24
 696 0275 03       		.byte	0x3
 697 0276 04000000 		.4byte	.LANCHOR0+4
 698 027a 22       		.byte	0x22
 699 027b 94       		.byte	0x94
 700 027c 02       		.byte	0x2
 701 027d 0A       		.byte	0xa
 702 027e FFFF     		.2byte	0xffff
 703 0280 1A       		.byte	0x1a
 704 0281 00       		.byte	0
 705 0282 00       		.byte	0
 706 0283 00       		.byte	0
 707 0284 0D       		.uleb128 0xd
 708 0285 52010000 		.4byte	.LVL14
 709 0289 3F010000 		.4byte	0x13f
 710 028d 0D       		.uleb128 0xd
 711 028e 56010000 		.4byte	.LVL15
 712 0292 E1000000 		.4byte	0xe1
 713 0296 00       		.byte	0
 714 0297 1A       		.uleb128 0x1a
 715 0298 12010000 		.4byte	.LASF37
 716 029c 12010000 		.4byte	.LASF37
 717 02a0 1B       		.uleb128 0x1b
 718 02a1 91000000 		.4byte	.LASF26
 719 02a5 91000000 		.4byte	.LASF26
ARM GAS  C:\Users\davis\AppData\Local\Temp\cc3KuMA5.s 			page 20


 720 02a9 04       		.byte	0x4
 721 02aa 4E       		.byte	0x4e
 722 02ab 1B       		.uleb128 0x1b
 723 02ac 00000000 		.4byte	.LASF27
 724 02b0 00000000 		.4byte	.LASF27
 725 02b4 05       		.byte	0x5
 726 02b5 EF       		.byte	0xef
 727 02b6 1B       		.uleb128 0x1b
 728 02b7 34020000 		.4byte	.LASF28
 729 02bb 34020000 		.4byte	.LASF28
 730 02bf 05       		.byte	0x5
 731 02c0 6C       		.byte	0x6c
 732 02c1 1B       		.uleb128 0x1b
 733 02c2 49020000 		.4byte	.LASF29
 734 02c6 49020000 		.4byte	.LASF29
 735 02ca 05       		.byte	0x5
 736 02cb 5C       		.byte	0x5c
 737 02cc 1B       		.uleb128 0x1b
 738 02cd 2C000000 		.4byte	.LASF30
 739 02d1 2C000000 		.4byte	.LASF30
 740 02d5 05       		.byte	0x5
 741 02d6 D0       		.byte	0xd0
 742 02d7 1B       		.uleb128 0x1b
 743 02d8 20010000 		.4byte	.LASF31
 744 02dc 20010000 		.4byte	.LASF31
 745 02e0 05       		.byte	0x5
 746 02e1 D6       		.byte	0xd6
 747 02e2 00       		.byte	0
 748              		.section	.debug_abbrev,"",%progbits
 749              	.Ldebug_abbrev0:
 750 0000 01       		.uleb128 0x1
 751 0001 11       		.uleb128 0x11
 752 0002 01       		.byte	0x1
 753 0003 25       		.uleb128 0x25
 754 0004 0E       		.uleb128 0xe
 755 0005 13       		.uleb128 0x13
 756 0006 0B       		.uleb128 0xb
 757 0007 03       		.uleb128 0x3
 758 0008 0E       		.uleb128 0xe
 759 0009 1B       		.uleb128 0x1b
 760 000a 0E       		.uleb128 0xe
 761 000b 55       		.uleb128 0x55
 762 000c 17       		.uleb128 0x17
 763 000d 11       		.uleb128 0x11
 764 000e 01       		.uleb128 0x1
 765 000f 10       		.uleb128 0x10
 766 0010 17       		.uleb128 0x17
 767 0011 00       		.byte	0
 768 0012 00       		.byte	0
 769 0013 02       		.uleb128 0x2
 770 0014 24       		.uleb128 0x24
 771 0015 00       		.byte	0
 772 0016 0B       		.uleb128 0xb
 773 0017 0B       		.uleb128 0xb
 774 0018 3E       		.uleb128 0x3e
 775 0019 0B       		.uleb128 0xb
 776 001a 03       		.uleb128 0x3
ARM GAS  C:\Users\davis\AppData\Local\Temp\cc3KuMA5.s 			page 21


 777 001b 08       		.uleb128 0x8
 778 001c 00       		.byte	0
 779 001d 00       		.byte	0
 780 001e 03       		.uleb128 0x3
 781 001f 16       		.uleb128 0x16
 782 0020 00       		.byte	0
 783 0021 03       		.uleb128 0x3
 784 0022 0E       		.uleb128 0xe
 785 0023 3A       		.uleb128 0x3a
 786 0024 0B       		.uleb128 0xb
 787 0025 3B       		.uleb128 0x3b
 788 0026 0B       		.uleb128 0xb
 789 0027 49       		.uleb128 0x49
 790 0028 13       		.uleb128 0x13
 791 0029 00       		.byte	0
 792 002a 00       		.byte	0
 793 002b 04       		.uleb128 0x4
 794 002c 24       		.uleb128 0x24
 795 002d 00       		.byte	0
 796 002e 0B       		.uleb128 0xb
 797 002f 0B       		.uleb128 0xb
 798 0030 3E       		.uleb128 0x3e
 799 0031 0B       		.uleb128 0xb
 800 0032 03       		.uleb128 0x3
 801 0033 0E       		.uleb128 0xe
 802 0034 00       		.byte	0
 803 0035 00       		.byte	0
 804 0036 05       		.uleb128 0x5
 805 0037 0F       		.uleb128 0xf
 806 0038 00       		.byte	0
 807 0039 0B       		.uleb128 0xb
 808 003a 0B       		.uleb128 0xb
 809 003b 00       		.byte	0
 810 003c 00       		.byte	0
 811 003d 06       		.uleb128 0x6
 812 003e 16       		.uleb128 0x16
 813 003f 00       		.byte	0
 814 0040 03       		.uleb128 0x3
 815 0041 0E       		.uleb128 0xe
 816 0042 3A       		.uleb128 0x3a
 817 0043 0B       		.uleb128 0xb
 818 0044 3B       		.uleb128 0x3b
 819 0045 05       		.uleb128 0x5
 820 0046 49       		.uleb128 0x49
 821 0047 13       		.uleb128 0x13
 822 0048 00       		.byte	0
 823 0049 00       		.byte	0
 824 004a 07       		.uleb128 0x7
 825 004b 35       		.uleb128 0x35
 826 004c 00       		.byte	0
 827 004d 49       		.uleb128 0x49
 828 004e 13       		.uleb128 0x13
 829 004f 00       		.byte	0
 830 0050 00       		.byte	0
 831 0051 08       		.uleb128 0x8
 832 0052 2E       		.uleb128 0x2e
 833 0053 00       		.byte	0
ARM GAS  C:\Users\davis\AppData\Local\Temp\cc3KuMA5.s 			page 22


 834 0054 03       		.uleb128 0x3
 835 0055 0E       		.uleb128 0xe
 836 0056 3A       		.uleb128 0x3a
 837 0057 0B       		.uleb128 0xb
 838 0058 3B       		.uleb128 0x3b
 839 0059 0B       		.uleb128 0xb
 840 005a 27       		.uleb128 0x27
 841 005b 19       		.uleb128 0x19
 842 005c 11       		.uleb128 0x11
 843 005d 01       		.uleb128 0x1
 844 005e 12       		.uleb128 0x12
 845 005f 06       		.uleb128 0x6
 846 0060 40       		.uleb128 0x40
 847 0061 18       		.uleb128 0x18
 848 0062 9742     		.uleb128 0x2117
 849 0064 19       		.uleb128 0x19
 850 0065 00       		.byte	0
 851 0066 00       		.byte	0
 852 0067 09       		.uleb128 0x9
 853 0068 2E       		.uleb128 0x2e
 854 0069 01       		.byte	0x1
 855 006a 03       		.uleb128 0x3
 856 006b 0E       		.uleb128 0xe
 857 006c 3A       		.uleb128 0x3a
 858 006d 0B       		.uleb128 0xb
 859 006e 3B       		.uleb128 0x3b
 860 006f 0B       		.uleb128 0xb
 861 0070 27       		.uleb128 0x27
 862 0071 19       		.uleb128 0x19
 863 0072 11       		.uleb128 0x11
 864 0073 01       		.uleb128 0x1
 865 0074 12       		.uleb128 0x12
 866 0075 06       		.uleb128 0x6
 867 0076 40       		.uleb128 0x40
 868 0077 18       		.uleb128 0x18
 869 0078 9742     		.uleb128 0x2117
 870 007a 19       		.uleb128 0x19
 871 007b 01       		.uleb128 0x1
 872 007c 13       		.uleb128 0x13
 873 007d 00       		.byte	0
 874 007e 00       		.byte	0
 875 007f 0A       		.uleb128 0xa
 876 0080 05       		.uleb128 0x5
 877 0081 00       		.byte	0
 878 0082 03       		.uleb128 0x3
 879 0083 08       		.uleb128 0x8
 880 0084 3A       		.uleb128 0x3a
 881 0085 0B       		.uleb128 0xb
 882 0086 3B       		.uleb128 0x3b
 883 0087 0B       		.uleb128 0xb
 884 0088 49       		.uleb128 0x49
 885 0089 13       		.uleb128 0x13
 886 008a 02       		.uleb128 0x2
 887 008b 17       		.uleb128 0x17
 888 008c 00       		.byte	0
 889 008d 00       		.byte	0
 890 008e 0B       		.uleb128 0xb
ARM GAS  C:\Users\davis\AppData\Local\Temp\cc3KuMA5.s 			page 23


 891 008f 898201   		.uleb128 0x4109
 892 0092 01       		.byte	0x1
 893 0093 11       		.uleb128 0x11
 894 0094 01       		.uleb128 0x1
 895 0095 31       		.uleb128 0x31
 896 0096 13       		.uleb128 0x13
 897 0097 00       		.byte	0
 898 0098 00       		.byte	0
 899 0099 0C       		.uleb128 0xc
 900 009a 8A8201   		.uleb128 0x410a
 901 009d 00       		.byte	0
 902 009e 02       		.uleb128 0x2
 903 009f 18       		.uleb128 0x18
 904 00a0 9142     		.uleb128 0x2111
 905 00a2 18       		.uleb128 0x18
 906 00a3 00       		.byte	0
 907 00a4 00       		.byte	0
 908 00a5 0D       		.uleb128 0xd
 909 00a6 898201   		.uleb128 0x4109
 910 00a9 00       		.byte	0
 911 00aa 11       		.uleb128 0x11
 912 00ab 01       		.uleb128 0x1
 913 00ac 31       		.uleb128 0x31
 914 00ad 13       		.uleb128 0x13
 915 00ae 00       		.byte	0
 916 00af 00       		.byte	0
 917 00b0 0E       		.uleb128 0xe
 918 00b1 898201   		.uleb128 0x4109
 919 00b4 01       		.byte	0x1
 920 00b5 11       		.uleb128 0x11
 921 00b6 01       		.uleb128 0x1
 922 00b7 31       		.uleb128 0x31
 923 00b8 13       		.uleb128 0x13
 924 00b9 01       		.uleb128 0x1
 925 00ba 13       		.uleb128 0x13
 926 00bb 00       		.byte	0
 927 00bc 00       		.byte	0
 928 00bd 0F       		.uleb128 0xf
 929 00be 2E       		.uleb128 0x2e
 930 00bf 01       		.byte	0x1
 931 00c0 3F       		.uleb128 0x3f
 932 00c1 19       		.uleb128 0x19
 933 00c2 03       		.uleb128 0x3
 934 00c3 0E       		.uleb128 0xe
 935 00c4 3A       		.uleb128 0x3a
 936 00c5 0B       		.uleb128 0xb
 937 00c6 3B       		.uleb128 0x3b
 938 00c7 05       		.uleb128 0x5
 939 00c8 27       		.uleb128 0x27
 940 00c9 19       		.uleb128 0x19
 941 00ca 11       		.uleb128 0x11
 942 00cb 01       		.uleb128 0x1
 943 00cc 12       		.uleb128 0x12
 944 00cd 06       		.uleb128 0x6
 945 00ce 40       		.uleb128 0x40
 946 00cf 18       		.uleb128 0x18
 947 00d0 9742     		.uleb128 0x2117
ARM GAS  C:\Users\davis\AppData\Local\Temp\cc3KuMA5.s 			page 24


 948 00d2 19       		.uleb128 0x19
 949 00d3 01       		.uleb128 0x1
 950 00d4 13       		.uleb128 0x13
 951 00d5 00       		.byte	0
 952 00d6 00       		.byte	0
 953 00d7 10       		.uleb128 0x10
 954 00d8 0B       		.uleb128 0xb
 955 00d9 01       		.byte	0x1
 956 00da 11       		.uleb128 0x11
 957 00db 01       		.uleb128 0x1
 958 00dc 12       		.uleb128 0x12
 959 00dd 06       		.uleb128 0x6
 960 00de 01       		.uleb128 0x1
 961 00df 13       		.uleb128 0x13
 962 00e0 00       		.byte	0
 963 00e1 00       		.byte	0
 964 00e2 11       		.uleb128 0x11
 965 00e3 13       		.uleb128 0x13
 966 00e4 01       		.byte	0x1
 967 00e5 0B       		.uleb128 0xb
 968 00e6 0B       		.uleb128 0xb
 969 00e7 3A       		.uleb128 0x3a
 970 00e8 0B       		.uleb128 0xb
 971 00e9 3B       		.uleb128 0x3b
 972 00ea 05       		.uleb128 0x5
 973 00eb 01       		.uleb128 0x1
 974 00ec 13       		.uleb128 0x13
 975 00ed 00       		.byte	0
 976 00ee 00       		.byte	0
 977 00ef 12       		.uleb128 0x12
 978 00f0 0D       		.uleb128 0xd
 979 00f1 00       		.byte	0
 980 00f2 03       		.uleb128 0x3
 981 00f3 0E       		.uleb128 0xe
 982 00f4 3A       		.uleb128 0x3a
 983 00f5 0B       		.uleb128 0xb
 984 00f6 3B       		.uleb128 0x3b
 985 00f7 05       		.uleb128 0x5
 986 00f8 49       		.uleb128 0x49
 987 00f9 13       		.uleb128 0x13
 988 00fa 38       		.uleb128 0x38
 989 00fb 0B       		.uleb128 0xb
 990 00fc 00       		.byte	0
 991 00fd 00       		.byte	0
 992 00fe 13       		.uleb128 0x13
 993 00ff 01       		.uleb128 0x1
 994 0100 01       		.byte	0x1
 995 0101 49       		.uleb128 0x49
 996 0102 13       		.uleb128 0x13
 997 0103 01       		.uleb128 0x1
 998 0104 13       		.uleb128 0x13
 999 0105 00       		.byte	0
 1000 0106 00       		.byte	0
 1001 0107 14       		.uleb128 0x14
 1002 0108 21       		.uleb128 0x21
 1003 0109 00       		.byte	0
 1004 010a 49       		.uleb128 0x49
ARM GAS  C:\Users\davis\AppData\Local\Temp\cc3KuMA5.s 			page 25


 1005 010b 13       		.uleb128 0x13
 1006 010c 2F       		.uleb128 0x2f
 1007 010d 0B       		.uleb128 0xb
 1008 010e 00       		.byte	0
 1009 010f 00       		.byte	0
 1010 0110 15       		.uleb128 0x15
 1011 0111 26       		.uleb128 0x26
 1012 0112 00       		.byte	0
 1013 0113 49       		.uleb128 0x49
 1014 0114 13       		.uleb128 0x13
 1015 0115 00       		.byte	0
 1016 0116 00       		.byte	0
 1017 0117 16       		.uleb128 0x16
 1018 0118 34       		.uleb128 0x34
 1019 0119 00       		.byte	0
 1020 011a 03       		.uleb128 0x3
 1021 011b 0E       		.uleb128 0xe
 1022 011c 3A       		.uleb128 0x3a
 1023 011d 0B       		.uleb128 0xb
 1024 011e 3B       		.uleb128 0x3b
 1025 011f 05       		.uleb128 0x5
 1026 0120 49       		.uleb128 0x49
 1027 0121 13       		.uleb128 0x13
 1028 0122 02       		.uleb128 0x2
 1029 0123 18       		.uleb128 0x18
 1030 0124 00       		.byte	0
 1031 0125 00       		.byte	0
 1032 0126 17       		.uleb128 0x17
 1033 0127 34       		.uleb128 0x34
 1034 0128 00       		.byte	0
 1035 0129 03       		.uleb128 0x3
 1036 012a 08       		.uleb128 0x8
 1037 012b 3A       		.uleb128 0x3a
 1038 012c 0B       		.uleb128 0xb
 1039 012d 3B       		.uleb128 0x3b
 1040 012e 05       		.uleb128 0x5
 1041 012f 49       		.uleb128 0x49
 1042 0130 13       		.uleb128 0x13
 1043 0131 02       		.uleb128 0x2
 1044 0132 17       		.uleb128 0x17
 1045 0133 00       		.byte	0
 1046 0134 00       		.byte	0
 1047 0135 18       		.uleb128 0x18
 1048 0136 0B       		.uleb128 0xb
 1049 0137 01       		.byte	0x1
 1050 0138 11       		.uleb128 0x11
 1051 0139 01       		.uleb128 0x1
 1052 013a 12       		.uleb128 0x12
 1053 013b 06       		.uleb128 0x6
 1054 013c 00       		.byte	0
 1055 013d 00       		.byte	0
 1056 013e 19       		.uleb128 0x19
 1057 013f 0F       		.uleb128 0xf
 1058 0140 00       		.byte	0
 1059 0141 0B       		.uleb128 0xb
 1060 0142 0B       		.uleb128 0xb
 1061 0143 49       		.uleb128 0x49
ARM GAS  C:\Users\davis\AppData\Local\Temp\cc3KuMA5.s 			page 26


 1062 0144 13       		.uleb128 0x13
 1063 0145 00       		.byte	0
 1064 0146 00       		.byte	0
 1065 0147 1A       		.uleb128 0x1a
 1066 0148 2E       		.uleb128 0x2e
 1067 0149 00       		.byte	0
 1068 014a 3F       		.uleb128 0x3f
 1069 014b 19       		.uleb128 0x19
 1070 014c 3C       		.uleb128 0x3c
 1071 014d 19       		.uleb128 0x19
 1072 014e 6E       		.uleb128 0x6e
 1073 014f 0E       		.uleb128 0xe
 1074 0150 03       		.uleb128 0x3
 1075 0151 0E       		.uleb128 0xe
 1076 0152 00       		.byte	0
 1077 0153 00       		.byte	0
 1078 0154 1B       		.uleb128 0x1b
 1079 0155 2E       		.uleb128 0x2e
 1080 0156 00       		.byte	0
 1081 0157 3F       		.uleb128 0x3f
 1082 0158 19       		.uleb128 0x19
 1083 0159 3C       		.uleb128 0x3c
 1084 015a 19       		.uleb128 0x19
 1085 015b 6E       		.uleb128 0x6e
 1086 015c 0E       		.uleb128 0xe
 1087 015d 03       		.uleb128 0x3
 1088 015e 0E       		.uleb128 0xe
 1089 015f 3A       		.uleb128 0x3a
 1090 0160 0B       		.uleb128 0xb
 1091 0161 3B       		.uleb128 0x3b
 1092 0162 0B       		.uleb128 0xb
 1093 0163 00       		.byte	0
 1094 0164 00       		.byte	0
 1095 0165 00       		.byte	0
 1096              		.section	.debug_loc,"",%progbits
 1097              	.Ldebug_loc0:
 1098              	.LLST0:
 1099 0000 00000000 		.4byte	.LVL0
 1100 0004 09000000 		.4byte	.LVL2-1
 1101 0008 0100     		.2byte	0x1
 1102 000a 50       		.byte	0x50
 1103 000b 09000000 		.4byte	.LVL2-1
 1104 000f 0C000000 		.4byte	.LFE1
 1105 0013 0400     		.2byte	0x4
 1106 0015 F3       		.byte	0xf3
 1107 0016 01       		.uleb128 0x1
 1108 0017 50       		.byte	0x50
 1109 0018 9F       		.byte	0x9f
 1110 0019 00000000 		.4byte	0
 1111 001d 00000000 		.4byte	0
 1112              	.LLST1:
 1113 0021 00000000 		.4byte	.LVL0
 1114 0025 06000000 		.4byte	.LVL1
 1115 0029 0100     		.2byte	0x1
 1116 002b 51       		.byte	0x51
 1117 002c 06000000 		.4byte	.LVL1
 1118 0030 09000000 		.4byte	.LVL2-1
ARM GAS  C:\Users\davis\AppData\Local\Temp\cc3KuMA5.s 			page 27


 1119 0034 0100     		.2byte	0x1
 1120 0036 52       		.byte	0x52
 1121 0037 09000000 		.4byte	.LVL2-1
 1122 003b 0C000000 		.4byte	.LFE1
 1123 003f 0400     		.2byte	0x4
 1124 0041 F3       		.byte	0xf3
 1125 0042 01       		.uleb128 0x1
 1126 0043 51       		.byte	0x51
 1127 0044 9F       		.byte	0x9f
 1128 0045 00000000 		.4byte	0
 1129 0049 00000000 		.4byte	0
 1130              	.LLST2:
 1131 004d A8000000 		.4byte	.LVL9
 1132 0051 AC000000 		.4byte	.LVL10
 1133 0055 0200     		.2byte	0x2
 1134 0057 30       		.byte	0x30
 1135 0058 9F       		.byte	0x9f
 1136 0059 AC000000 		.4byte	.LVL10
 1137 005d CA000000 		.4byte	.LVL12
 1138 0061 0100     		.2byte	0x1
 1139 0063 54       		.byte	0x54
 1140 0064 CC000000 		.4byte	.LVL13
 1141 0068 56010000 		.4byte	.LVL16
 1142 006c 0100     		.2byte	0x1
 1143 006e 54       		.byte	0x54
 1144 006f 00000000 		.4byte	0
 1145 0073 00000000 		.4byte	0
 1146              	.LLST3:
 1147 0077 AC000000 		.4byte	.LVL10
 1148 007b CA000000 		.4byte	.LVL12
 1149 007f 0B00     		.2byte	0xb
 1150 0081 74       		.byte	0x74
 1151 0082 00       		.sleb128 0
 1152 0083 36       		.byte	0x36
 1153 0084 1E       		.byte	0x1e
 1154 0085 03       		.byte	0x3
 1155 0086 00000000 		.4byte	cfg_memset_list.4948
 1156 008a 22       		.byte	0x22
 1157 008b 9F       		.byte	0x9f
 1158 008c CA000000 		.4byte	.LVL12
 1159 0090 CC000000 		.4byte	.LVL13
 1160 0094 0B00     		.2byte	0xb
 1161 0096 74       		.byte	0x74
 1162 0097 7F       		.sleb128 -1
 1163 0098 36       		.byte	0x36
 1164 0099 1E       		.byte	0x1e
 1165 009a 03       		.byte	0x3
 1166 009b 00000000 		.4byte	cfg_memset_list.4948
 1167 009f 22       		.byte	0x22
 1168 00a0 9F       		.byte	0x9f
 1169 00a1 00000000 		.4byte	0
 1170 00a5 00000000 		.4byte	0
 1171              		.section	.debug_aranges,"",%progbits
 1172 0000 34000000 		.4byte	0x34
 1173 0004 0200     		.2byte	0x2
 1174 0006 00000000 		.4byte	.Ldebug_info0
 1175 000a 04       		.byte	0x4
ARM GAS  C:\Users\davis\AppData\Local\Temp\cc3KuMA5.s 			page 28


 1176 000b 00       		.byte	0
 1177 000c 0000     		.2byte	0
 1178 000e 0000     		.2byte	0
 1179 0010 00000000 		.4byte	.LFB5
 1180 0014 20000000 		.4byte	.LFE5-.LFB5
 1181 0018 00000000 		.4byte	.LFB1
 1182 001c 0C000000 		.4byte	.LFE1-.LFB1
 1183 0020 00000000 		.4byte	.LFB4
 1184 0024 A4000000 		.4byte	.LFE4-.LFB4
 1185 0028 A4000000 		.4byte	.LFB6
 1186 002c 14010000 		.4byte	.LFE6-.LFB6
 1187 0030 00000000 		.4byte	0
 1188 0034 00000000 		.4byte	0
 1189              		.section	.debug_ranges,"",%progbits
 1190              	.Ldebug_ranges0:
 1191 0000 00000000 		.4byte	.LFB5
 1192 0004 20000000 		.4byte	.LFE5
 1193 0008 00000000 		.4byte	.LFB1
 1194 000c 0C000000 		.4byte	.LFE1
 1195 0010 00000000 		.4byte	.LFB4
 1196 0014 A4000000 		.4byte	.LFE4
 1197 0018 A4000000 		.4byte	.LFB6
 1198 001c B8010000 		.4byte	.LFE6
 1199 0020 00000000 		.4byte	0
 1200 0024 00000000 		.4byte	0
 1201              		.section	.debug_line,"",%progbits
 1202              	.Ldebug_line0:
 1203 0000 62010000 		.section	.debug_str,"MS",%progbits,1
 1203      0200E300 
 1203      00000201 
 1203      FB0E0D00 
 1203      01010101 
 1204              	.LASF27:
 1205 0000 43794465 		.ascii	"CyDelayCycles\000"
 1205      6C617943 
 1205      79636C65 
 1205      7300
 1206              	.LASF19:
 1207 000e 72656733 		.ascii	"reg32\000"
 1207      3200
 1208              	.LASF12:
 1209 0014 73697A65 		.ascii	"size_t\000"
 1209      5F7400
 1210              	.LASF35:
 1211 001b 416E616C 		.ascii	"AnalogSetDefault\000"
 1211      6F675365 
 1211      74446566 
 1211      61756C74 
 1211      00
 1212              	.LASF30:
 1213 002c 4379496E 		.ascii	"CyIntSetVector\000"
 1213      74536574 
 1213      56656374 
 1213      6F7200
 1214              	.LASF25:
 1215 003b 6366675F 		.ascii	"cfg_memset_list\000"
 1215      6D656D73 
ARM GAS  C:\Users\davis\AppData\Local\Temp\cc3KuMA5.s 			page 29


 1215      65745F6C 
 1215      69737400 
 1216              	.LASF21:
 1217 004b 436C6F63 		.ascii	"ClockSetup\000"
 1217      6B536574 
 1217      757000
 1218              	.LASF6:
 1219 0056 73686F72 		.ascii	"short unsigned int\000"
 1219      7420756E 
 1219      7369676E 
 1219      65642069 
 1219      6E7400
 1220              	.LASF16:
 1221 0069 666C6F61 		.ascii	"float\000"
 1221      7400
 1222              	.LASF23:
 1223 006f 73697A65 		.ascii	"size\000"
 1223      00
 1224              	.LASF18:
 1225 0074 72656738 		.ascii	"reg8\000"
 1225      00
 1226              	.LASF8:
 1227 0079 6C6F6E67 		.ascii	"long unsigned int\000"
 1227      20756E73 
 1227      69676E65 
 1227      6420696E 
 1227      7400
 1228              	.LASF13:
 1229 008b 75696E74 		.ascii	"uint8\000"
 1229      3800
 1230              	.LASF26:
 1231 0091 43795379 		.ascii	"CySysClkWcoStart\000"
 1231      73436C6B 
 1231      57636F53 
 1231      74617274 
 1231      00
 1232              	.LASF20:
 1233 00a2 43594D45 		.ascii	"CYMEMZERO\000"
 1233      4D5A4552 
 1233      4F00
 1234              	.LASF34:
 1235 00ac 433A5C55 		.ascii	"C:\\Users\\davis\\Documents\\PSoC Creator\\PSoC_Pro"
 1235      73657273 
 1235      5C646176 
 1235      69735C44 
 1235      6F63756D 
 1236 00da 6A656374 		.ascii	"ject_Template\\PSoC Project Template.cydsn\000"
 1236      5F54656D 
 1236      706C6174 
 1236      655C5053 
 1236      6F432050 
 1237              	.LASF4:
 1238 0104 756E7369 		.ascii	"unsigned char\000"
 1238      676E6564 
 1238      20636861 
 1238      7200
 1239              	.LASF37:
ARM GAS  C:\Users\davis\AppData\Local\Temp\cc3KuMA5.s 			page 30


 1240 0112 6D656D73 		.ascii	"memset\000"
 1240      657400
 1241              	.LASF17:
 1242 0119 646F7562 		.ascii	"double\000"
 1242      6C6500
 1243              	.LASF31:
 1244 0120 4379496E 		.ascii	"CyIntEnable\000"
 1244      74456E61 
 1244      626C6500 
 1245              	.LASF14:
 1246 012c 75696E74 		.ascii	"uint16\000"
 1246      313600
 1247              	.LASF15:
 1248 0133 75696E74 		.ascii	"uint32\000"
 1248      333200
 1249              	.LASF0:
 1250 013a 756E7369 		.ascii	"unsigned int\000"
 1250      676E6564 
 1250      20696E74 
 1250      00
 1251              	.LASF36:
 1252 0147 63796669 		.ascii	"cyfitter_cfg\000"
 1252      74746572 
 1252      5F636667 
 1252      00
 1253              	.LASF22:
 1254 0154 61646472 		.ascii	"address\000"
 1254      65737300 
 1255              	.LASF9:
 1256 015c 6C6F6E67 		.ascii	"long long unsigned int\000"
 1256      206C6F6E 
 1256      6720756E 
 1256      7369676E 
 1256      65642069 
 1257              	.LASF32:
 1258 0173 474E5520 		.ascii	"GNU C11 5.4.1 20160609 (release) [ARM/embedded-5-br"
 1258      43313120 
 1258      352E342E 
 1258      31203230 
 1258      31363036 
 1259 01a6 616E6368 		.ascii	"anch revision 237715] -mcpu=cortex-m0 -mthumb -g -O"
 1259      20726576 
 1259      6973696F 
 1259      6E203233 
 1259      37373135 
 1260 01d9 67202D66 		.ascii	"g -ffunction-sections -ffat-lto-objects\000"
 1260      66756E63 
 1260      74696F6E 
 1260      2D736563 
 1260      74696F6E 
 1261              	.LASF24:
 1262 0201 6366675F 		.ascii	"cfg_memset_t\000"
 1262      6D656D73 
 1262      65745F74 
 1262      00
 1263              	.LASF10:
 1264 020e 73697A65 		.ascii	"sizetype\000"
ARM GAS  C:\Users\davis\AppData\Local\Temp\cc3KuMA5.s 			page 31


 1264      74797065 
 1264      00
 1265              	.LASF1:
 1266 0217 6C6F6E67 		.ascii	"long long int\000"
 1266      206C6F6E 
 1266      6720696E 
 1266      7400
 1267              	.LASF11:
 1268 0225 63686172 		.ascii	"char\000"
 1268      00
 1269              	.LASF5:
 1270 022a 73686F72 		.ascii	"short int\000"
 1270      7420696E 
 1270      7400
 1271              	.LASF28:
 1272 0234 43795379 		.ascii	"CySysClkWriteImoFreq\000"
 1272      73436C6B 
 1272      57726974 
 1272      65496D6F 
 1272      46726571 
 1273              	.LASF29:
 1274 0249 43795379 		.ascii	"CySysClkImoEnableWcoLock\000"
 1274      73436C6B 
 1274      496D6F45 
 1274      6E61626C 
 1274      6557636F 
 1275              	.LASF7:
 1276 0262 6C6F6E67 		.ascii	"long int\000"
 1276      20696E74 
 1276      00
 1277              	.LASF2:
 1278 026b 6C6F6E67 		.ascii	"long double\000"
 1278      20646F75 
 1278      626C6500 
 1279              	.LASF3:
 1280 0277 7369676E 		.ascii	"signed char\000"
 1280      65642063 
 1280      68617200 
 1281              	.LASF33:
 1282 0283 47656E65 		.ascii	"Generated_Source\\PSoC4\\cyfitter_cfg.c\000"
 1282      72617465 
 1282      645F536F 
 1282      75726365 
 1282      5C50536F 
 1283              		.ident	"GCC: (GNU Tools for ARM Embedded Processors) 5.4.1 20160609 (release) [ARM/embedded-5-bran
