ARM GAS  C:\Users\casey\AppData\Local\Temp\cciLLrVP.s 			page 1


   1              		.syntax unified
   2              		.cpu cortex-m0
   3              		.fpu softvfp
   4              		.eabi_attribute 20, 1
   5              		.eabi_attribute 21, 1
   6              		.eabi_attribute 23, 3
   7              		.eabi_attribute 24, 1
   8              		.eabi_attribute 25, 1
   9              		.eabi_attribute 26, 1
  10              		.eabi_attribute 30, 1
  11              		.eabi_attribute 34, 0
  12              		.eabi_attribute 18, 4
  13              		.thumb
  14              		.syntax unified
  15              		.file	"Temp_CAN.c"
  16              		.text
  17              	.Ltext0:
  18              		.cfi_sections	.debug_frame
  19              		.section	.text.ProcessCAN,"ax",%progbits
  20              		.align	2
  21              		.global	ProcessCAN
  22              		.code	16
  23              		.thumb_func
  24              		.type	ProcessCAN, %function
  25              	ProcessCAN:
  26              	.LFB35:
  27              		.file 1 "Temp_CAN.c"
   1:Temp_CAN.c    **** /* ========================================
   2:Temp_CAN.c    ****  *
   3:Temp_CAN.c    ****  * Copyright YOUR COMPANY, THE YEAR
   4:Temp_CAN.c    ****  * All Rights Reserved
   5:Temp_CAN.c    ****  * UNPUBLISHED, LICENSED SOFTWARE.
   6:Temp_CAN.c    ****  *
   7:Temp_CAN.c    ****  * CONFIDENTIAL AND PROPRIETARY INFORMATION
   8:Temp_CAN.c    ****  * WHICH IS THE PROPERTY OF your company.
   9:Temp_CAN.c    ****  *
  10:Temp_CAN.c    ****  * ========================================
  11:Temp_CAN.c    **** */
  12:Temp_CAN.c    **** 
  13:Temp_CAN.c    **** #include <stdio.h>
  14:Temp_CAN.c    **** #include "main.h"
  15:Temp_CAN.c    **** #include "Temp_CAN.h"
  16:Temp_CAN.c    **** #include "Temp_FSM.h"
  17:Temp_CAN.c    **** #include "HindsightCAN/CANLibrary.h"
  18:Temp_CAN.c    **** 
  19:Temp_CAN.c    **** extern char txData[TX_DATA_SIZE];
  20:Temp_CAN.c    **** extern uint8 address;
  21:Temp_CAN.c    **** 
  22:Temp_CAN.c    **** //Reads from CAN FIFO and changes the state and mode accordingly
  23:Temp_CAN.c    **** int ProcessCAN(CANPacket* receivedPacket, CANPacket* packetToSend) {
  28              		.loc 1 23 0
  29              		.cfi_startproc
  30              		@ args = 0, pretend = 0, frame = 8
  31              		@ frame_needed = 0, uses_anonymous_args = 0
  32              	.LVL0:
  33 0000 F0B5     		push	{r4, r5, r6, r7, lr}
  34              		.cfi_def_cfa_offset 20
ARM GAS  C:\Users\casey\AppData\Local\Temp\cciLLrVP.s 			page 2


  35              		.cfi_offset 4, -20
  36              		.cfi_offset 5, -16
  37              		.cfi_offset 6, -12
  38              		.cfi_offset 7, -8
  39              		.cfi_offset 14, -4
  40 0002 85B0     		sub	sp, sp, #20
  41              		.cfi_def_cfa_offset 40
  42 0004 0400     		movs	r4, r0
  43 0006 0D00     		movs	r5, r1
  24:Temp_CAN.c    ****     uint16_t packageID = GetPacketID(receivedPacket);
  44              		.loc 1 24 0
  45 0008 FFF7FEFF 		bl	GetPacketID
  46              	.LVL1:
  47 000c 0600     		movs	r6, r0
  48              	.LVL2:
  25:Temp_CAN.c    ****     uint8_t sender_DG = GetSenderDeviceGroupCode(receivedPacket);
  49              		.loc 1 25 0
  50 000e 2000     		movs	r0, r4
  51 0010 FFF7FEFF 		bl	GetSenderDeviceGroupCode
  52              	.LVL3:
  53 0014 0390     		str	r0, [sp, #12]
  54              	.LVL4:
  26:Temp_CAN.c    ****     uint8_t sender_SN = GetSenderDeviceSerialNumber(receivedPacket);
  55              		.loc 1 26 0
  56 0016 2000     		movs	r0, r4
  57 0018 FFF7FEFF 		bl	GetSenderDeviceSerialNumber
  58              	.LVL5:
  59 001c 0700     		movs	r7, r0
  60              	.LVL6:
  61 001e 3304     		lsls	r3, r6, #16
  62 0020 1E0C     		lsrs	r6, r3, #16
  63              	.LVL7:
  27:Temp_CAN.c    ****     int32_t data = 0;
  28:Temp_CAN.c    ****     int err = 0;
  29:Temp_CAN.c    ****     
  30:Temp_CAN.c    ****     switch(packageID){
  64              		.loc 1 30 0
  65 0022 F02E     		cmp	r6, #240
  66 0024 0BD0     		beq	.L3
  67 0026 F52E     		cmp	r6, #245
  68 0028 10D0     		beq	.L4
  69 002a 002E     		cmp	r6, #0
  70 002c 25D1     		bne	.L12
  31:Temp_CAN.c    ****         // Board-specific packets
  32:Temp_CAN.c    ****         case(ID_MOTOR_UNIT_MODE_SEL):
  33:Temp_CAN.c    ****             data = GetModeFromPacket(receivedPacket);
  71              		.loc 1 33 0
  72 002e 2000     		movs	r0, r4
  73 0030 FFF7FEFF 		bl	GetModeFromPacket
  74              	.LVL8:
  34:Temp_CAN.c    ****             
  35:Temp_CAN.c    ****             if(data == MODE1) {
  75              		.loc 1 35 0
  76 0034 0228     		cmp	r0, #2
  77 0036 22D1     		bne	.L9
  36:Temp_CAN.c    ****                 SetModeTo(MODE1);
  78              		.loc 1 36 0
ARM GAS  C:\Users\casey\AppData\Local\Temp\cciLLrVP.s 			page 3


  79 0038 FFF7FEFF 		bl	SetModeTo
  80              	.LVL9:
  81 003c 20E0     		b	.L2
  82              	.LVL10:
  83              	.L3:
  37:Temp_CAN.c    ****                 // initialize MODE1
  38:Temp_CAN.c    ****             } else {
  39:Temp_CAN.c    ****                 err = ERROR_INVALID_MODE;
  40:Temp_CAN.c    ****             }
  41:Temp_CAN.c    ****             break;
  42:Temp_CAN.c    ****             
  43:Temp_CAN.c    ****         // Common Packets
  44:Temp_CAN.c    ****         case(ID_ESTOP):
  45:Temp_CAN.c    ****             Print("\r\n\r\nSTOP\r\n\r\n");
  84              		.loc 1 45 0
  85 003e 1248     		ldr	r0, .L14
  86 0040 FFF7FEFF 		bl	DBG_UART_UartPutString
  87              	.LVL11:
  46:Temp_CAN.c    ****             // stop all movement
  47:Temp_CAN.c    ****             GotoUninitState();
  88              		.loc 1 47 0
  89 0044 FFF7FEFF 		bl	GotoUninitState
  90              	.LVL12:
  48:Temp_CAN.c    ****             err = ESTOP_ERR_GENERAL;
  91              		.loc 1 48 0
  92 0048 0026     		movs	r6, #0
  49:Temp_CAN.c    ****             break;
  93              		.loc 1 49 0
  94 004a 19E0     		b	.L2
  95              	.L4:
  50:Temp_CAN.c    ****         
  51:Temp_CAN.c    ****         case(ID_TELEMETRY_PULL):            
  52:Temp_CAN.c    ****             switch(DecodeTelemetryType(receivedPacket))
  96              		.loc 1 52 0
  97 004c 2000     		movs	r0, r4
  98 004e FFF7FEFF 		bl	DecodeTelemetryType
  99              	.LVL13:
 100 0052 0028     		cmp	r0, #0
 101 0054 02D1     		bne	.L13
  28:Temp_CAN.c    ****     
 102              		.loc 1 28 0
 103 0056 0026     		movs	r6, #0
  53:Temp_CAN.c    ****             {
  54:Temp_CAN.c    ****                 // USE CONSTANTS FOR CASES
  55:Temp_CAN.c    ****                 case(0):
  56:Temp_CAN.c    ****                     data = 105;
 104              		.loc 1 56 0
 105 0058 6922     		movs	r2, #105
 106 005a 01E0     		b	.L6
 107              	.L13:
  57:Temp_CAN.c    ****                     break;
  58:Temp_CAN.c    ****                 default:
  59:Temp_CAN.c    ****                     err = ERROR_INVALID_TTC;
 108              		.loc 1 59 0
 109 005c 1226     		movs	r6, #18
  27:Temp_CAN.c    ****     int err = 0;
 110              		.loc 1 27 0
ARM GAS  C:\Users\casey\AppData\Local\Temp\cciLLrVP.s 			page 4


 111 005e 0022     		movs	r2, #0
 112              	.L6:
 113              	.LVL14:
  60:Temp_CAN.c    ****                     break;
  61:Temp_CAN.c    ****             }
  62:Temp_CAN.c    ****             
  63:Temp_CAN.c    ****             // Assemble and send packet
  64:Temp_CAN.c    ****             AssembleTelemetryReportPacket(packetToSend, sender_DG, sender_SN, receivedPacket->data[
 114              		.loc 1 64 0
 115 0060 A379     		ldrb	r3, [r4, #6]
 116 0062 0092     		str	r2, [sp]
 117 0064 3A00     		movs	r2, r7
 118              	.LVL15:
 119 0066 0399     		ldr	r1, [sp, #12]
 120 0068 2800     		movs	r0, r5
 121 006a FFF7FEFF 		bl	AssembleTelemetryReportPacket
 122              	.LVL16:
  65:Temp_CAN.c    ****             
  66:Temp_CAN.c    ****             if (err == 0)
 123              		.loc 1 66 0
 124 006e 002E     		cmp	r6, #0
 125 0070 06D1     		bne	.L2
  67:Temp_CAN.c    ****                 SendCANPacket(packetToSend);
 126              		.loc 1 67 0
 127 0072 2800     		movs	r0, r5
 128 0074 FFF7FEFF 		bl	SendCANPacket
 129              	.LVL17:
 130 0078 02E0     		b	.L2
 131              	.LVL18:
 132              	.L12:
  68:Temp_CAN.c    ****             
  69:Temp_CAN.c    ****             break;
  70:Temp_CAN.c    ****             
  71:Temp_CAN.c    ****         default: //recieved Packet with non-valid ID
  72:Temp_CAN.c    ****             // could be due to corruption, don't uninit
  73:Temp_CAN.c    ****             return ERROR_INVALID_PACKET;
 133              		.loc 1 73 0
 134 007a 0326     		movs	r6, #3
 135 007c 00E0     		b	.L2
 136              	.LVL19:
 137              	.L9:
  39:Temp_CAN.c    ****             }
 138              		.loc 1 39 0
 139 007e 1126     		movs	r6, #17
 140              	.LVL20:
 141              	.L2:
  74:Temp_CAN.c    ****     }
  75:Temp_CAN.c    ****     
  76:Temp_CAN.c    ****     return err;
  77:Temp_CAN.c    **** }
 142              		.loc 1 77 0
 143 0080 3000     		movs	r0, r6
 144 0082 05B0     		add	sp, sp, #20
 145              		@ sp needed
 146              	.LVL21:
 147              	.LVL22:
 148              	.LVL23:
ARM GAS  C:\Users\casey\AppData\Local\Temp\cciLLrVP.s 			page 5


 149 0084 F0BD     		pop	{r4, r5, r6, r7, pc}
 150              	.L15:
 151 0086 C046     		.align	2
 152              	.L14:
 153 0088 00000000 		.word	.LC0
 154              		.cfi_endproc
 155              	.LFE35:
 156              		.size	ProcessCAN, .-ProcessCAN
 157              		.section	.text.PrintCanPacket,"ax",%progbits
 158              		.align	2
 159              		.global	PrintCanPacket
 160              		.code	16
 161              		.thumb_func
 162              		.type	PrintCanPacket, %function
 163              	PrintCanPacket:
 164              	.LFB36:
  78:Temp_CAN.c    **** 
  79:Temp_CAN.c    **** void PrintCanPacket(CANPacket packet){
 165              		.loc 1 79 0
 166              		.cfi_startproc
 167              		@ args = 0, pretend = 0, frame = 16
 168              		@ frame_needed = 0, uses_anonymous_args = 0
 169 0000 30B5     		push	{r4, r5, lr}
 170              		.cfi_def_cfa_offset 12
 171              		.cfi_offset 4, -12
 172              		.cfi_offset 5, -8
 173              		.cfi_offset 14, -4
 174 0002 87B0     		sub	sp, sp, #28
 175              		.cfi_def_cfa_offset 40
 176 0004 0390     		str	r0, [sp, #12]
 177 0006 0491     		str	r1, [sp, #16]
 178 0008 0592     		str	r2, [sp, #20]
 179              	.LVL24:
 180              	.LBB2:
  80:Temp_CAN.c    ****     for(int i = 0; i < packet.dlc; i++ ) {
 181              		.loc 1 80 0
 182 000a 0023     		movs	r3, #0
 183 000c 0EE0     		b	.L17
 184              	.LVL25:
 185              	.L18:
  81:Temp_CAN.c    ****         sprintf(txData,"Byte%d %x   ", i+1, packet.data[i]);
 186              		.loc 1 81 0 discriminator 3
 187 000e 5C1C     		adds	r4, r3, #1
 188 0010 03AA     		add	r2, sp, #12
 189 0012 9446     		mov	ip, r2
 190 0014 6344     		add	r3, r3, ip
 191              	.LVL26:
 192 0016 DB78     		ldrb	r3, [r3, #3]
 193 0018 104D     		ldr	r5, .L19
 194 001a 2200     		movs	r2, r4
 195 001c 1049     		ldr	r1, .L19+4
 196 001e 2800     		movs	r0, r5
 197 0020 FFF7FEFF 		bl	sprintf
 198              	.LVL27:
  82:Temp_CAN.c    ****         Print(txData);
 199              		.loc 1 82 0 discriminator 3
 200 0024 2800     		movs	r0, r5
ARM GAS  C:\Users\casey\AppData\Local\Temp\cciLLrVP.s 			page 6


 201 0026 FFF7FEFF 		bl	DBG_UART_UartPutString
 202              	.LVL28:
  80:Temp_CAN.c    ****     for(int i = 0; i < packet.dlc; i++ ) {
 203              		.loc 1 80 0 discriminator 3
 204 002a 2300     		movs	r3, r4
 205              	.LVL29:
 206              	.L17:
  80:Temp_CAN.c    ****     for(int i = 0; i < packet.dlc; i++ ) {
 207              		.loc 1 80 0 is_stmt 0 discriminator 1
 208 002c 03AA     		add	r2, sp, #12
 209 002e 9278     		ldrb	r2, [r2, #2]
 210 0030 9342     		cmp	r3, r2
 211 0032 ECDB     		blt	.L18
 212              	.LBE2:
  83:Temp_CAN.c    ****     }
  84:Temp_CAN.c    **** 
  85:Temp_CAN.c    ****     sprintf(txData,"ID:%x %x %x\r\n",packet.id >> 10, 
 213              		.loc 1 85 0 is_stmt 1
 214 0034 03AB     		add	r3, sp, #12
 215              	.LVL30:
 216 0036 1988     		ldrh	r1, [r3]
 217 0038 8B09     		lsrs	r3, r1, #6
 218 003a 0F22     		movs	r2, #15
 219 003c 1340     		ands	r3, r2
 220 003e 8A0A     		lsrs	r2, r1, #10
 221 0040 064C     		ldr	r4, .L19
 222 0042 3F20     		movs	r0, #63
 223 0044 0140     		ands	r1, r0
 224 0046 0091     		str	r1, [sp]
 225 0048 0649     		ldr	r1, .L19+8
 226 004a 2000     		movs	r0, r4
 227 004c FFF7FEFF 		bl	sprintf
 228              	.LVL31:
  86:Temp_CAN.c    ****         (packet.id >> 6) & 0xF , packet.id & 0x3F);
  87:Temp_CAN.c    ****     Print(txData);
 229              		.loc 1 87 0
 230 0050 2000     		movs	r0, r4
 231 0052 FFF7FEFF 		bl	DBG_UART_UartPutString
 232              	.LVL32:
  88:Temp_CAN.c    **** }
 233              		.loc 1 88 0
 234 0056 07B0     		add	sp, sp, #28
 235              		@ sp needed
 236 0058 30BD     		pop	{r4, r5, pc}
 237              	.L20:
 238 005a C046     		.align	2
 239              	.L19:
 240 005c 00000000 		.word	txData
 241 0060 10000000 		.word	.LC2
 242 0064 20000000 		.word	.LC5
 243              		.cfi_endproc
 244              	.LFE36:
 245              		.size	PrintCanPacket, .-PrintCanPacket
 246              		.section	.rodata.str1.4,"aMS",%progbits,1
 247              		.align	2
 248              	.LC0:
 249 0000 0D0A0D0A 		.ascii	"\015\012\015\012STOP\015\012\015\012\000"
ARM GAS  C:\Users\casey\AppData\Local\Temp\cciLLrVP.s 			page 7


 249      53544F50 
 249      0D0A0D0A 
 249      00
 250 000d 000000   		.space	3
 251              	.LC2:
 252 0010 42797465 		.ascii	"Byte%d %x   \000"
 252      25642025 
 252      78202020 
 252      00
 253 001d 000000   		.space	3
 254              	.LC5:
 255 0020 49443A25 		.ascii	"ID:%x %x %x\015\012\000"
 255      78202578 
 255      2025780D 
 255      0A00
 256              		.text
 257              	.Letext0:
 258              		.file 2 "c:\\program files (x86)\\cypress\\psoc creator\\4.4\\psoc creator\\import\\gnu\\arm\\5.4.
 259              		.file 3 "c:\\program files (x86)\\cypress\\psoc creator\\4.4\\psoc creator\\import\\gnu\\arm\\5.4.
 260              		.file 4 "HindsightCAN/CANPacket.h"
 261              		.file 5 "HindsightCAN/CANMotorUnit.h"
 262              		.file 6 "Temp_FSM.h"
 263              		.file 7 "Generated_Source\\PSoC4/DBG_UART_SPI_UART.h"
 264              		.file 8 "HindsightCAN/CANCommon.h"
 265              		.file 9 "HindsightCAN/Port.h"
 266              		.file 10 "c:\\program files (x86)\\cypress\\psoc creator\\4.4\\psoc creator\\import\\gnu\\arm\\5.4
 267              		.section	.debug_info,"",%progbits
 268              	.Ldebug_info0:
 269 0000 CD030000 		.4byte	0x3cd
 270 0004 0400     		.2byte	0x4
 271 0006 00000000 		.4byte	.Ldebug_abbrev0
 272 000a 04       		.byte	0x4
 273 000b 01       		.uleb128 0x1
 274 000c 78010000 		.4byte	.LASF39
 275 0010 0C       		.byte	0xc
 276 0011 D4000000 		.4byte	.LASF40
 277 0015 4D020000 		.4byte	.LASF41
 278 0019 00000000 		.4byte	.Ldebug_ranges0+0
 279 001d 00000000 		.4byte	0
 280 0021 00000000 		.4byte	.Ldebug_line0
 281 0025 02       		.uleb128 0x2
 282 0026 01       		.byte	0x1
 283 0027 06       		.byte	0x6
 284 0028 C5020000 		.4byte	.LASF0
 285 002c 03       		.uleb128 0x3
 286 002d 00000000 		.4byte	.LASF3
 287 0031 02       		.byte	0x2
 288 0032 1D       		.byte	0x1d
 289 0033 37000000 		.4byte	0x37
 290 0037 02       		.uleb128 0x2
 291 0038 01       		.byte	0x1
 292 0039 08       		.byte	0x8
 293 003a A1000000 		.4byte	.LASF1
 294 003e 02       		.uleb128 0x2
 295 003f 02       		.byte	0x2
 296 0040 05       		.byte	0x5
 297 0041 27010000 		.4byte	.LASF2
ARM GAS  C:\Users\casey\AppData\Local\Temp\cciLLrVP.s 			page 8


 298 0045 03       		.uleb128 0x3
 299 0046 DF000000 		.4byte	.LASF4
 300 004a 02       		.byte	0x2
 301 004b 2B       		.byte	0x2b
 302 004c 50000000 		.4byte	0x50
 303 0050 02       		.uleb128 0x2
 304 0051 02       		.byte	0x2
 305 0052 07       		.byte	0x7
 306 0053 C1000000 		.4byte	.LASF5
 307 0057 03       		.uleb128 0x3
 308 0058 21000000 		.4byte	.LASF6
 309 005c 02       		.byte	0x2
 310 005d 3F       		.byte	0x3f
 311 005e 62000000 		.4byte	0x62
 312 0062 02       		.uleb128 0x2
 313 0063 04       		.byte	0x4
 314 0064 05       		.byte	0x5
 315 0065 32000000 		.4byte	.LASF7
 316 0069 02       		.uleb128 0x2
 317 006a 04       		.byte	0x4
 318 006b 07       		.byte	0x7
 319 006c AF000000 		.4byte	.LASF8
 320 0070 02       		.uleb128 0x2
 321 0071 08       		.byte	0x8
 322 0072 05       		.byte	0x5
 323 0073 21020000 		.4byte	.LASF9
 324 0077 02       		.uleb128 0x2
 325 0078 08       		.byte	0x8
 326 0079 07       		.byte	0x7
 327 007a 3E010000 		.4byte	.LASF10
 328 007e 04       		.uleb128 0x4
 329 007f 04       		.byte	0x4
 330 0080 05       		.byte	0x5
 331 0081 696E7400 		.ascii	"int\000"
 332 0085 02       		.uleb128 0x2
 333 0086 04       		.byte	0x4
 334 0087 07       		.byte	0x7
 335 0088 31010000 		.4byte	.LASF11
 336 008c 02       		.uleb128 0x2
 337 008d 08       		.byte	0x8
 338 008e 04       		.byte	0x4
 339 008f B9020000 		.4byte	.LASF12
 340 0093 02       		.uleb128 0x2
 341 0094 04       		.byte	0x4
 342 0095 07       		.byte	0x7
 343 0096 18020000 		.4byte	.LASF13
 344 009a 02       		.uleb128 0x2
 345 009b 01       		.byte	0x1
 346 009c 08       		.byte	0x8
 347 009d 2F020000 		.4byte	.LASF14
 348 00a1 03       		.uleb128 0x3
 349 00a2 55010000 		.4byte	.LASF15
 350 00a6 03       		.byte	0x3
 351 00a7 18       		.byte	0x18
 352 00a8 2C000000 		.4byte	0x2c
 353 00ac 03       		.uleb128 0x3
 354 00ad A5020000 		.4byte	.LASF16
ARM GAS  C:\Users\casey\AppData\Local\Temp\cciLLrVP.s 			page 9


 355 00b1 03       		.byte	0x3
 356 00b2 24       		.byte	0x24
 357 00b3 45000000 		.4byte	0x45
 358 00b7 03       		.uleb128 0x3
 359 00b8 06020000 		.4byte	.LASF17
 360 00bc 03       		.byte	0x3
 361 00bd 2C       		.byte	0x2c
 362 00be 57000000 		.4byte	0x57
 363 00c2 02       		.uleb128 0x2
 364 00c3 04       		.byte	0x4
 365 00c4 04       		.byte	0x4
 366 00c5 88000000 		.4byte	.LASF18
 367 00c9 02       		.uleb128 0x2
 368 00ca 08       		.byte	0x8
 369 00cb 04       		.byte	0x4
 370 00cc 67010000 		.4byte	.LASF19
 371 00d0 05       		.uleb128 0x5
 372 00d1 0C       		.byte	0xc
 373 00d2 04       		.byte	0x4
 374 00d3 0F       		.byte	0xf
 375 00d4 FC000000 		.4byte	0xfc
 376 00d8 06       		.uleb128 0x6
 377 00d9 696400   		.ascii	"id\000"
 378 00dc 04       		.byte	0x4
 379 00dd 11       		.byte	0x11
 380 00de AC000000 		.4byte	0xac
 381 00e2 00       		.byte	0
 382 00e3 06       		.uleb128 0x6
 383 00e4 646C6300 		.ascii	"dlc\000"
 384 00e8 04       		.byte	0x4
 385 00e9 12       		.byte	0x12
 386 00ea A1000000 		.4byte	0xa1
 387 00ee 02       		.byte	0x2
 388 00ef 07       		.uleb128 0x7
 389 00f0 8E000000 		.4byte	.LASF20
 390 00f4 04       		.byte	0x4
 391 00f5 13       		.byte	0x13
 392 00f6 FC000000 		.4byte	0xfc
 393 00fa 03       		.byte	0x3
 394 00fb 00       		.byte	0
 395 00fc 08       		.uleb128 0x8
 396 00fd A1000000 		.4byte	0xa1
 397 0101 0C010000 		.4byte	0x10c
 398 0105 09       		.uleb128 0x9
 399 0106 93000000 		.4byte	0x93
 400 010a 07       		.byte	0x7
 401 010b 00       		.byte	0
 402 010c 03       		.uleb128 0x3
 403 010d 0E020000 		.4byte	.LASF21
 404 0111 04       		.byte	0x4
 405 0112 14       		.byte	0x14
 406 0113 D0000000 		.4byte	0xd0
 407 0117 0A       		.uleb128 0xa
 408 0118 AE020000 		.4byte	.LASF42
 409 011c 01       		.byte	0x1
 410 011d 17       		.byte	0x17
 411 011e 7E000000 		.4byte	0x7e
ARM GAS  C:\Users\casey\AppData\Local\Temp\cciLLrVP.s 			page 10


 412 0122 00000000 		.4byte	.LFB35
 413 0126 8C000000 		.4byte	.LFE35-.LFB35
 414 012a 01       		.uleb128 0x1
 415 012b 9C       		.byte	0x9c
 416 012c 58020000 		.4byte	0x258
 417 0130 0B       		.uleb128 0xb
 418 0131 06010000 		.4byte	.LASF22
 419 0135 01       		.byte	0x1
 420 0136 17       		.byte	0x17
 421 0137 58020000 		.4byte	0x258
 422 013b 00000000 		.4byte	.LLST0
 423 013f 0B       		.uleb128 0xb
 424 0140 40020000 		.4byte	.LASF23
 425 0144 01       		.byte	0x1
 426 0145 17       		.byte	0x17
 427 0146 58020000 		.4byte	0x258
 428 014a 2C000000 		.4byte	.LLST1
 429 014e 0C       		.uleb128 0xc
 430 014f D1020000 		.4byte	.LASF24
 431 0153 01       		.byte	0x1
 432 0154 18       		.byte	0x18
 433 0155 AC000000 		.4byte	0xac
 434 0159 58000000 		.4byte	.LLST2
 435 015d 0D       		.uleb128 0xd
 436 015e 5D010000 		.4byte	.LASF25
 437 0162 01       		.byte	0x1
 438 0163 19       		.byte	0x19
 439 0164 A1000000 		.4byte	0xa1
 440 0168 02       		.uleb128 0x2
 441 0169 91       		.byte	0x91
 442 016a 64       		.sleb128 -28
 443 016b 0C       		.uleb128 0xc
 444 016c 6E010000 		.4byte	.LASF26
 445 0170 01       		.byte	0x1
 446 0171 1A       		.byte	0x1a
 447 0172 A1000000 		.4byte	0xa1
 448 0176 6B000000 		.4byte	.LLST3
 449 017a 0C       		.uleb128 0xc
 450 017b 8E000000 		.4byte	.LASF20
 451 017f 01       		.byte	0x1
 452 0180 1B       		.byte	0x1b
 453 0181 B7000000 		.4byte	0xb7
 454 0185 7E000000 		.4byte	.LLST4
 455 0189 0E       		.uleb128 0xe
 456 018a 65727200 		.ascii	"err\000"
 457 018e 01       		.byte	0x1
 458 018f 1C       		.byte	0x1c
 459 0190 7E000000 		.4byte	0x7e
 460 0194 E1000000 		.4byte	.LLST5
 461 0198 0F       		.uleb128 0xf
 462 0199 0C000000 		.4byte	.LVL1
 463 019d 56030000 		.4byte	0x356
 464 01a1 AC010000 		.4byte	0x1ac
 465 01a5 10       		.uleb128 0x10
 466 01a6 01       		.uleb128 0x1
 467 01a7 50       		.byte	0x50
 468 01a8 02       		.uleb128 0x2
ARM GAS  C:\Users\casey\AppData\Local\Temp\cciLLrVP.s 			page 11


 469 01a9 74       		.byte	0x74
 470 01aa 00       		.sleb128 0
 471 01ab 00       		.byte	0
 472 01ac 0F       		.uleb128 0xf
 473 01ad 14000000 		.4byte	.LVL3
 474 01b1 61030000 		.4byte	0x361
 475 01b5 C0010000 		.4byte	0x1c0
 476 01b9 10       		.uleb128 0x10
 477 01ba 01       		.uleb128 0x1
 478 01bb 50       		.byte	0x50
 479 01bc 02       		.uleb128 0x2
 480 01bd 74       		.byte	0x74
 481 01be 00       		.sleb128 0
 482 01bf 00       		.byte	0
 483 01c0 0F       		.uleb128 0xf
 484 01c1 1C000000 		.4byte	.LVL5
 485 01c5 6C030000 		.4byte	0x36c
 486 01c9 D4010000 		.4byte	0x1d4
 487 01cd 10       		.uleb128 0x10
 488 01ce 01       		.uleb128 0x1
 489 01cf 50       		.byte	0x50
 490 01d0 02       		.uleb128 0x2
 491 01d1 74       		.byte	0x74
 492 01d2 00       		.sleb128 0
 493 01d3 00       		.byte	0
 494 01d4 0F       		.uleb128 0xf
 495 01d5 34000000 		.4byte	.LVL8
 496 01d9 77030000 		.4byte	0x377
 497 01dd E8010000 		.4byte	0x1e8
 498 01e1 10       		.uleb128 0x10
 499 01e2 01       		.uleb128 0x1
 500 01e3 50       		.byte	0x50
 501 01e4 02       		.uleb128 0x2
 502 01e5 74       		.byte	0x74
 503 01e6 00       		.sleb128 0
 504 01e7 00       		.byte	0
 505 01e8 11       		.uleb128 0x11
 506 01e9 3C000000 		.4byte	.LVL9
 507 01ed 82030000 		.4byte	0x382
 508 01f1 0F       		.uleb128 0xf
 509 01f2 44000000 		.4byte	.LVL11
 510 01f6 8D030000 		.4byte	0x38d
 511 01fa 08020000 		.4byte	0x208
 512 01fe 10       		.uleb128 0x10
 513 01ff 01       		.uleb128 0x1
 514 0200 50       		.byte	0x50
 515 0201 05       		.uleb128 0x5
 516 0202 03       		.byte	0x3
 517 0203 00000000 		.4byte	.LC0
 518 0207 00       		.byte	0
 519 0208 11       		.uleb128 0x11
 520 0209 48000000 		.4byte	.LVL12
 521 020d 99030000 		.4byte	0x399
 522 0211 0F       		.uleb128 0xf
 523 0212 52000000 		.4byte	.LVL13
 524 0216 A4030000 		.4byte	0x3a4
 525 021a 25020000 		.4byte	0x225
ARM GAS  C:\Users\casey\AppData\Local\Temp\cciLLrVP.s 			page 12


 526 021e 10       		.uleb128 0x10
 527 021f 01       		.uleb128 0x1
 528 0220 50       		.byte	0x50
 529 0221 02       		.uleb128 0x2
 530 0222 74       		.byte	0x74
 531 0223 00       		.sleb128 0
 532 0224 00       		.byte	0
 533 0225 0F       		.uleb128 0xf
 534 0226 6E000000 		.4byte	.LVL16
 535 022a AF030000 		.4byte	0x3af
 536 022e 47020000 		.4byte	0x247
 537 0232 10       		.uleb128 0x10
 538 0233 01       		.uleb128 0x1
 539 0234 50       		.byte	0x50
 540 0235 02       		.uleb128 0x2
 541 0236 75       		.byte	0x75
 542 0237 00       		.sleb128 0
 543 0238 10       		.uleb128 0x10
 544 0239 01       		.uleb128 0x1
 545 023a 51       		.byte	0x51
 546 023b 04       		.uleb128 0x4
 547 023c 91       		.byte	0x91
 548 023d 64       		.sleb128 -28
 549 023e 94       		.byte	0x94
 550 023f 01       		.byte	0x1
 551 0240 10       		.uleb128 0x10
 552 0241 01       		.uleb128 0x1
 553 0242 52       		.byte	0x52
 554 0243 02       		.uleb128 0x2
 555 0244 77       		.byte	0x77
 556 0245 00       		.sleb128 0
 557 0246 00       		.byte	0
 558 0247 12       		.uleb128 0x12
 559 0248 78000000 		.4byte	.LVL17
 560 024c BA030000 		.4byte	0x3ba
 561 0250 10       		.uleb128 0x10
 562 0251 01       		.uleb128 0x1
 563 0252 50       		.byte	0x50
 564 0253 02       		.uleb128 0x2
 565 0254 75       		.byte	0x75
 566 0255 00       		.sleb128 0
 567 0256 00       		.byte	0
 568 0257 00       		.byte	0
 569 0258 13       		.uleb128 0x13
 570 0259 04       		.byte	0x4
 571 025a 0C010000 		.4byte	0x10c
 572 025e 14       		.uleb128 0x14
 573 025f 79000000 		.4byte	.LASF43
 574 0263 01       		.byte	0x1
 575 0264 4F       		.byte	0x4f
 576 0265 00000000 		.4byte	.LFB36
 577 0269 68000000 		.4byte	.LFE36-.LFB36
 578 026d 01       		.uleb128 0x1
 579 026e 9C       		.byte	0x9c
 580 026f 3B030000 		.4byte	0x33b
 581 0273 15       		.uleb128 0x15
 582 0274 3B000000 		.4byte	.LASF27
ARM GAS  C:\Users\casey\AppData\Local\Temp\cciLLrVP.s 			page 13


 583 0278 01       		.byte	0x1
 584 0279 4F       		.byte	0x4f
 585 027a 0C010000 		.4byte	0x10c
 586 027e 02       		.uleb128 0x2
 587 027f 91       		.byte	0x91
 588 0280 64       		.sleb128 -28
 589 0281 16       		.uleb128 0x16
 590 0282 0A000000 		.4byte	.LBB2
 591 0286 2A000000 		.4byte	.LBE2-.LBB2
 592 028a DF020000 		.4byte	0x2df
 593 028e 0E       		.uleb128 0xe
 594 028f 6900     		.ascii	"i\000"
 595 0291 01       		.byte	0x1
 596 0292 50       		.byte	0x50
 597 0293 7E000000 		.4byte	0x7e
 598 0297 0C010000 		.4byte	.LLST6
 599 029b 0F       		.uleb128 0xf
 600 029c 24000000 		.4byte	.LVL27
 601 02a0 C5030000 		.4byte	0x3c5
 602 02a4 CE020000 		.4byte	0x2ce
 603 02a8 10       		.uleb128 0x10
 604 02a9 01       		.uleb128 0x1
 605 02aa 50       		.byte	0x50
 606 02ab 02       		.uleb128 0x2
 607 02ac 75       		.byte	0x75
 608 02ad 00       		.sleb128 0
 609 02ae 10       		.uleb128 0x10
 610 02af 01       		.uleb128 0x1
 611 02b0 51       		.byte	0x51
 612 02b1 05       		.uleb128 0x5
 613 02b2 03       		.byte	0x3
 614 02b3 10000000 		.4byte	.LC2
 615 02b7 10       		.uleb128 0x10
 616 02b8 01       		.uleb128 0x1
 617 02b9 52       		.byte	0x52
 618 02ba 02       		.uleb128 0x2
 619 02bb 74       		.byte	0x74
 620 02bc 00       		.sleb128 0
 621 02bd 10       		.uleb128 0x10
 622 02be 01       		.uleb128 0x1
 623 02bf 53       		.byte	0x53
 624 02c0 0C       		.uleb128 0xc
 625 02c1 91       		.byte	0x91
 626 02c2 00       		.sleb128 0
 627 02c3 74       		.byte	0x74
 628 02c4 00       		.sleb128 0
 629 02c5 22       		.byte	0x22
 630 02c6 4A       		.byte	0x4a
 631 02c7 1C       		.byte	0x1c
 632 02c8 94       		.byte	0x94
 633 02c9 01       		.byte	0x1
 634 02ca 08       		.byte	0x8
 635 02cb FF       		.byte	0xff
 636 02cc 1A       		.byte	0x1a
 637 02cd 00       		.byte	0
 638 02ce 12       		.uleb128 0x12
 639 02cf 2A000000 		.4byte	.LVL28
ARM GAS  C:\Users\casey\AppData\Local\Temp\cciLLrVP.s 			page 14


 640 02d3 8D030000 		.4byte	0x38d
 641 02d7 10       		.uleb128 0x10
 642 02d8 01       		.uleb128 0x1
 643 02d9 50       		.byte	0x50
 644 02da 02       		.uleb128 0x2
 645 02db 75       		.byte	0x75
 646 02dc 00       		.sleb128 0
 647 02dd 00       		.byte	0
 648 02de 00       		.byte	0
 649 02df 0F       		.uleb128 0xf
 650 02e0 50000000 		.4byte	.LVL31
 651 02e4 C5030000 		.4byte	0x3c5
 652 02e8 2A030000 		.4byte	0x32a
 653 02ec 10       		.uleb128 0x10
 654 02ed 01       		.uleb128 0x1
 655 02ee 50       		.byte	0x50
 656 02ef 02       		.uleb128 0x2
 657 02f0 74       		.byte	0x74
 658 02f1 00       		.sleb128 0
 659 02f2 10       		.uleb128 0x10
 660 02f3 01       		.uleb128 0x1
 661 02f4 51       		.byte	0x51
 662 02f5 05       		.uleb128 0x5
 663 02f6 03       		.byte	0x3
 664 02f7 20000000 		.4byte	.LC5
 665 02fb 10       		.uleb128 0x10
 666 02fc 01       		.uleb128 0x1
 667 02fd 52       		.byte	0x52
 668 02fe 0A       		.uleb128 0xa
 669 02ff 91       		.byte	0x91
 670 0300 64       		.sleb128 -28
 671 0301 94       		.byte	0x94
 672 0302 02       		.byte	0x2
 673 0303 0A       		.byte	0xa
 674 0304 FFFF     		.2byte	0xffff
 675 0306 1A       		.byte	0x1a
 676 0307 3A       		.byte	0x3a
 677 0308 25       		.byte	0x25
 678 0309 10       		.uleb128 0x10
 679 030a 01       		.uleb128 0x1
 680 030b 53       		.byte	0x53
 681 030c 0C       		.uleb128 0xc
 682 030d 91       		.byte	0x91
 683 030e 64       		.sleb128 -28
 684 030f 94       		.byte	0x94
 685 0310 02       		.byte	0x2
 686 0311 0A       		.byte	0xa
 687 0312 FFFF     		.2byte	0xffff
 688 0314 1A       		.byte	0x1a
 689 0315 36       		.byte	0x36
 690 0316 25       		.byte	0x25
 691 0317 3F       		.byte	0x3f
 692 0318 1A       		.byte	0x1a
 693 0319 10       		.uleb128 0x10
 694 031a 02       		.uleb128 0x2
 695 031b 7D       		.byte	0x7d
 696 031c 00       		.sleb128 0
ARM GAS  C:\Users\casey\AppData\Local\Temp\cciLLrVP.s 			page 15


 697 031d 0B       		.uleb128 0xb
 698 031e 91       		.byte	0x91
 699 031f 64       		.sleb128 -28
 700 0320 94       		.byte	0x94
 701 0321 02       		.byte	0x2
 702 0322 08       		.byte	0x8
 703 0323 3F       		.byte	0x3f
 704 0324 1A       		.byte	0x1a
 705 0325 0A       		.byte	0xa
 706 0326 FFFF     		.2byte	0xffff
 707 0328 1A       		.byte	0x1a
 708 0329 00       		.byte	0
 709 032a 12       		.uleb128 0x12
 710 032b 56000000 		.4byte	.LVL32
 711 032f 8D030000 		.4byte	0x38d
 712 0333 10       		.uleb128 0x10
 713 0334 01       		.uleb128 0x1
 714 0335 50       		.byte	0x50
 715 0336 02       		.uleb128 0x2
 716 0337 74       		.byte	0x74
 717 0338 00       		.sleb128 0
 718 0339 00       		.byte	0
 719 033a 00       		.byte	0
 720 033b 08       		.uleb128 0x8
 721 033c 9A000000 		.4byte	0x9a
 722 0340 4B030000 		.4byte	0x34b
 723 0344 09       		.uleb128 0x9
 724 0345 93000000 		.4byte	0x93
 725 0349 63       		.byte	0x63
 726 034a 00       		.byte	0
 727 034b 17       		.uleb128 0x17
 728 034c 2B000000 		.4byte	.LASF44
 729 0350 01       		.byte	0x1
 730 0351 13       		.byte	0x13
 731 0352 3B030000 		.4byte	0x33b
 732 0356 18       		.uleb128 0x18
 733 0357 34020000 		.4byte	.LASF28
 734 035b 34020000 		.4byte	.LASF28
 735 035f 04       		.byte	0x4
 736 0360 29       		.byte	0x29
 737 0361 18       		.uleb128 0x18
 738 0362 42000000 		.4byte	.LASF29
 739 0366 42000000 		.4byte	.LASF29
 740 036a 04       		.byte	0x4
 741 036b 22       		.byte	0x22
 742 036c 18       		.uleb128 0x18
 743 036d EA000000 		.4byte	.LASF30
 744 0371 EA000000 		.4byte	.LASF30
 745 0375 04       		.byte	0x4
 746 0376 21       		.byte	0x21
 747 0377 18       		.uleb128 0x18
 748 0378 15010000 		.4byte	.LASF31
 749 037c 15010000 		.4byte	.LASF31
 750 0380 05       		.byte	0x5
 751 0381 13       		.byte	0x13
 752 0382 18       		.uleb128 0x18
 753 0383 EF020000 		.4byte	.LASF32
ARM GAS  C:\Users\casey\AppData\Local\Temp\cciLLrVP.s 			page 16


 754 0387 EF020000 		.4byte	.LASF32
 755 038b 06       		.byte	0x6
 756 038c 1E       		.byte	0x1e
 757 038d 19       		.uleb128 0x19
 758 038e 0A000000 		.4byte	.LASF33
 759 0392 0A000000 		.4byte	.LASF33
 760 0396 07       		.byte	0x7
 761 0397 2A03     		.2byte	0x32a
 762 0399 18       		.uleb128 0x18
 763 039a 01030000 		.4byte	.LASF34
 764 039e 01030000 		.4byte	.LASF34
 765 03a2 06       		.byte	0x6
 766 03a3 1C       		.byte	0x1c
 767 03a4 18       		.uleb128 0x18
 768 03a5 DB020000 		.4byte	.LASF35
 769 03a9 DB020000 		.4byte	.LASF35
 770 03ad 08       		.byte	0x8
 771 03ae 44       		.byte	0x44
 772 03af 18       		.uleb128 0x18
 773 03b0 5B000000 		.4byte	.LASF36
 774 03b4 5B000000 		.4byte	.LASF36
 775 03b8 08       		.byte	0x8
 776 03b9 3C       		.byte	0x3c
 777 03ba 18       		.uleb128 0x18
 778 03bb 93000000 		.4byte	.LASF37
 779 03bf 93000000 		.4byte	.LASF37
 780 03c3 09       		.byte	0x9
 781 03c4 1C       		.byte	0x1c
 782 03c5 18       		.uleb128 0x18
 783 03c6 F9020000 		.4byte	.LASF38
 784 03ca F9020000 		.4byte	.LASF38
 785 03ce 0A       		.byte	0xa
 786 03cf E7       		.byte	0xe7
 787 03d0 00       		.byte	0
 788              		.section	.debug_abbrev,"",%progbits
 789              	.Ldebug_abbrev0:
 790 0000 01       		.uleb128 0x1
 791 0001 11       		.uleb128 0x11
 792 0002 01       		.byte	0x1
 793 0003 25       		.uleb128 0x25
 794 0004 0E       		.uleb128 0xe
 795 0005 13       		.uleb128 0x13
 796 0006 0B       		.uleb128 0xb
 797 0007 03       		.uleb128 0x3
 798 0008 0E       		.uleb128 0xe
 799 0009 1B       		.uleb128 0x1b
 800 000a 0E       		.uleb128 0xe
 801 000b 55       		.uleb128 0x55
 802 000c 17       		.uleb128 0x17
 803 000d 11       		.uleb128 0x11
 804 000e 01       		.uleb128 0x1
 805 000f 10       		.uleb128 0x10
 806 0010 17       		.uleb128 0x17
 807 0011 00       		.byte	0
 808 0012 00       		.byte	0
 809 0013 02       		.uleb128 0x2
 810 0014 24       		.uleb128 0x24
ARM GAS  C:\Users\casey\AppData\Local\Temp\cciLLrVP.s 			page 17


 811 0015 00       		.byte	0
 812 0016 0B       		.uleb128 0xb
 813 0017 0B       		.uleb128 0xb
 814 0018 3E       		.uleb128 0x3e
 815 0019 0B       		.uleb128 0xb
 816 001a 03       		.uleb128 0x3
 817 001b 0E       		.uleb128 0xe
 818 001c 00       		.byte	0
 819 001d 00       		.byte	0
 820 001e 03       		.uleb128 0x3
 821 001f 16       		.uleb128 0x16
 822 0020 00       		.byte	0
 823 0021 03       		.uleb128 0x3
 824 0022 0E       		.uleb128 0xe
 825 0023 3A       		.uleb128 0x3a
 826 0024 0B       		.uleb128 0xb
 827 0025 3B       		.uleb128 0x3b
 828 0026 0B       		.uleb128 0xb
 829 0027 49       		.uleb128 0x49
 830 0028 13       		.uleb128 0x13
 831 0029 00       		.byte	0
 832 002a 00       		.byte	0
 833 002b 04       		.uleb128 0x4
 834 002c 24       		.uleb128 0x24
 835 002d 00       		.byte	0
 836 002e 0B       		.uleb128 0xb
 837 002f 0B       		.uleb128 0xb
 838 0030 3E       		.uleb128 0x3e
 839 0031 0B       		.uleb128 0xb
 840 0032 03       		.uleb128 0x3
 841 0033 08       		.uleb128 0x8
 842 0034 00       		.byte	0
 843 0035 00       		.byte	0
 844 0036 05       		.uleb128 0x5
 845 0037 13       		.uleb128 0x13
 846 0038 01       		.byte	0x1
 847 0039 0B       		.uleb128 0xb
 848 003a 0B       		.uleb128 0xb
 849 003b 3A       		.uleb128 0x3a
 850 003c 0B       		.uleb128 0xb
 851 003d 3B       		.uleb128 0x3b
 852 003e 0B       		.uleb128 0xb
 853 003f 01       		.uleb128 0x1
 854 0040 13       		.uleb128 0x13
 855 0041 00       		.byte	0
 856 0042 00       		.byte	0
 857 0043 06       		.uleb128 0x6
 858 0044 0D       		.uleb128 0xd
 859 0045 00       		.byte	0
 860 0046 03       		.uleb128 0x3
 861 0047 08       		.uleb128 0x8
 862 0048 3A       		.uleb128 0x3a
 863 0049 0B       		.uleb128 0xb
 864 004a 3B       		.uleb128 0x3b
 865 004b 0B       		.uleb128 0xb
 866 004c 49       		.uleb128 0x49
 867 004d 13       		.uleb128 0x13
ARM GAS  C:\Users\casey\AppData\Local\Temp\cciLLrVP.s 			page 18


 868 004e 38       		.uleb128 0x38
 869 004f 0B       		.uleb128 0xb
 870 0050 00       		.byte	0
 871 0051 00       		.byte	0
 872 0052 07       		.uleb128 0x7
 873 0053 0D       		.uleb128 0xd
 874 0054 00       		.byte	0
 875 0055 03       		.uleb128 0x3
 876 0056 0E       		.uleb128 0xe
 877 0057 3A       		.uleb128 0x3a
 878 0058 0B       		.uleb128 0xb
 879 0059 3B       		.uleb128 0x3b
 880 005a 0B       		.uleb128 0xb
 881 005b 49       		.uleb128 0x49
 882 005c 13       		.uleb128 0x13
 883 005d 38       		.uleb128 0x38
 884 005e 0B       		.uleb128 0xb
 885 005f 00       		.byte	0
 886 0060 00       		.byte	0
 887 0061 08       		.uleb128 0x8
 888 0062 01       		.uleb128 0x1
 889 0063 01       		.byte	0x1
 890 0064 49       		.uleb128 0x49
 891 0065 13       		.uleb128 0x13
 892 0066 01       		.uleb128 0x1
 893 0067 13       		.uleb128 0x13
 894 0068 00       		.byte	0
 895 0069 00       		.byte	0
 896 006a 09       		.uleb128 0x9
 897 006b 21       		.uleb128 0x21
 898 006c 00       		.byte	0
 899 006d 49       		.uleb128 0x49
 900 006e 13       		.uleb128 0x13
 901 006f 2F       		.uleb128 0x2f
 902 0070 0B       		.uleb128 0xb
 903 0071 00       		.byte	0
 904 0072 00       		.byte	0
 905 0073 0A       		.uleb128 0xa
 906 0074 2E       		.uleb128 0x2e
 907 0075 01       		.byte	0x1
 908 0076 3F       		.uleb128 0x3f
 909 0077 19       		.uleb128 0x19
 910 0078 03       		.uleb128 0x3
 911 0079 0E       		.uleb128 0xe
 912 007a 3A       		.uleb128 0x3a
 913 007b 0B       		.uleb128 0xb
 914 007c 3B       		.uleb128 0x3b
 915 007d 0B       		.uleb128 0xb
 916 007e 27       		.uleb128 0x27
 917 007f 19       		.uleb128 0x19
 918 0080 49       		.uleb128 0x49
 919 0081 13       		.uleb128 0x13
 920 0082 11       		.uleb128 0x11
 921 0083 01       		.uleb128 0x1
 922 0084 12       		.uleb128 0x12
 923 0085 06       		.uleb128 0x6
 924 0086 40       		.uleb128 0x40
ARM GAS  C:\Users\casey\AppData\Local\Temp\cciLLrVP.s 			page 19


 925 0087 18       		.uleb128 0x18
 926 0088 9742     		.uleb128 0x2117
 927 008a 19       		.uleb128 0x19
 928 008b 01       		.uleb128 0x1
 929 008c 13       		.uleb128 0x13
 930 008d 00       		.byte	0
 931 008e 00       		.byte	0
 932 008f 0B       		.uleb128 0xb
 933 0090 05       		.uleb128 0x5
 934 0091 00       		.byte	0
 935 0092 03       		.uleb128 0x3
 936 0093 0E       		.uleb128 0xe
 937 0094 3A       		.uleb128 0x3a
 938 0095 0B       		.uleb128 0xb
 939 0096 3B       		.uleb128 0x3b
 940 0097 0B       		.uleb128 0xb
 941 0098 49       		.uleb128 0x49
 942 0099 13       		.uleb128 0x13
 943 009a 02       		.uleb128 0x2
 944 009b 17       		.uleb128 0x17
 945 009c 00       		.byte	0
 946 009d 00       		.byte	0
 947 009e 0C       		.uleb128 0xc
 948 009f 34       		.uleb128 0x34
 949 00a0 00       		.byte	0
 950 00a1 03       		.uleb128 0x3
 951 00a2 0E       		.uleb128 0xe
 952 00a3 3A       		.uleb128 0x3a
 953 00a4 0B       		.uleb128 0xb
 954 00a5 3B       		.uleb128 0x3b
 955 00a6 0B       		.uleb128 0xb
 956 00a7 49       		.uleb128 0x49
 957 00a8 13       		.uleb128 0x13
 958 00a9 02       		.uleb128 0x2
 959 00aa 17       		.uleb128 0x17
 960 00ab 00       		.byte	0
 961 00ac 00       		.byte	0
 962 00ad 0D       		.uleb128 0xd
 963 00ae 34       		.uleb128 0x34
 964 00af 00       		.byte	0
 965 00b0 03       		.uleb128 0x3
 966 00b1 0E       		.uleb128 0xe
 967 00b2 3A       		.uleb128 0x3a
 968 00b3 0B       		.uleb128 0xb
 969 00b4 3B       		.uleb128 0x3b
 970 00b5 0B       		.uleb128 0xb
 971 00b6 49       		.uleb128 0x49
 972 00b7 13       		.uleb128 0x13
 973 00b8 02       		.uleb128 0x2
 974 00b9 18       		.uleb128 0x18
 975 00ba 00       		.byte	0
 976 00bb 00       		.byte	0
 977 00bc 0E       		.uleb128 0xe
 978 00bd 34       		.uleb128 0x34
 979 00be 00       		.byte	0
 980 00bf 03       		.uleb128 0x3
 981 00c0 08       		.uleb128 0x8
ARM GAS  C:\Users\casey\AppData\Local\Temp\cciLLrVP.s 			page 20


 982 00c1 3A       		.uleb128 0x3a
 983 00c2 0B       		.uleb128 0xb
 984 00c3 3B       		.uleb128 0x3b
 985 00c4 0B       		.uleb128 0xb
 986 00c5 49       		.uleb128 0x49
 987 00c6 13       		.uleb128 0x13
 988 00c7 02       		.uleb128 0x2
 989 00c8 17       		.uleb128 0x17
 990 00c9 00       		.byte	0
 991 00ca 00       		.byte	0
 992 00cb 0F       		.uleb128 0xf
 993 00cc 898201   		.uleb128 0x4109
 994 00cf 01       		.byte	0x1
 995 00d0 11       		.uleb128 0x11
 996 00d1 01       		.uleb128 0x1
 997 00d2 31       		.uleb128 0x31
 998 00d3 13       		.uleb128 0x13
 999 00d4 01       		.uleb128 0x1
 1000 00d5 13       		.uleb128 0x13
 1001 00d6 00       		.byte	0
 1002 00d7 00       		.byte	0
 1003 00d8 10       		.uleb128 0x10
 1004 00d9 8A8201   		.uleb128 0x410a
 1005 00dc 00       		.byte	0
 1006 00dd 02       		.uleb128 0x2
 1007 00de 18       		.uleb128 0x18
 1008 00df 9142     		.uleb128 0x2111
 1009 00e1 18       		.uleb128 0x18
 1010 00e2 00       		.byte	0
 1011 00e3 00       		.byte	0
 1012 00e4 11       		.uleb128 0x11
 1013 00e5 898201   		.uleb128 0x4109
 1014 00e8 00       		.byte	0
 1015 00e9 11       		.uleb128 0x11
 1016 00ea 01       		.uleb128 0x1
 1017 00eb 31       		.uleb128 0x31
 1018 00ec 13       		.uleb128 0x13
 1019 00ed 00       		.byte	0
 1020 00ee 00       		.byte	0
 1021 00ef 12       		.uleb128 0x12
 1022 00f0 898201   		.uleb128 0x4109
 1023 00f3 01       		.byte	0x1
 1024 00f4 11       		.uleb128 0x11
 1025 00f5 01       		.uleb128 0x1
 1026 00f6 31       		.uleb128 0x31
 1027 00f7 13       		.uleb128 0x13
 1028 00f8 00       		.byte	0
 1029 00f9 00       		.byte	0
 1030 00fa 13       		.uleb128 0x13
 1031 00fb 0F       		.uleb128 0xf
 1032 00fc 00       		.byte	0
 1033 00fd 0B       		.uleb128 0xb
 1034 00fe 0B       		.uleb128 0xb
 1035 00ff 49       		.uleb128 0x49
 1036 0100 13       		.uleb128 0x13
 1037 0101 00       		.byte	0
 1038 0102 00       		.byte	0
ARM GAS  C:\Users\casey\AppData\Local\Temp\cciLLrVP.s 			page 21


 1039 0103 14       		.uleb128 0x14
 1040 0104 2E       		.uleb128 0x2e
 1041 0105 01       		.byte	0x1
 1042 0106 3F       		.uleb128 0x3f
 1043 0107 19       		.uleb128 0x19
 1044 0108 03       		.uleb128 0x3
 1045 0109 0E       		.uleb128 0xe
 1046 010a 3A       		.uleb128 0x3a
 1047 010b 0B       		.uleb128 0xb
 1048 010c 3B       		.uleb128 0x3b
 1049 010d 0B       		.uleb128 0xb
 1050 010e 27       		.uleb128 0x27
 1051 010f 19       		.uleb128 0x19
 1052 0110 11       		.uleb128 0x11
 1053 0111 01       		.uleb128 0x1
 1054 0112 12       		.uleb128 0x12
 1055 0113 06       		.uleb128 0x6
 1056 0114 40       		.uleb128 0x40
 1057 0115 18       		.uleb128 0x18
 1058 0116 9742     		.uleb128 0x2117
 1059 0118 19       		.uleb128 0x19
 1060 0119 01       		.uleb128 0x1
 1061 011a 13       		.uleb128 0x13
 1062 011b 00       		.byte	0
 1063 011c 00       		.byte	0
 1064 011d 15       		.uleb128 0x15
 1065 011e 05       		.uleb128 0x5
 1066 011f 00       		.byte	0
 1067 0120 03       		.uleb128 0x3
 1068 0121 0E       		.uleb128 0xe
 1069 0122 3A       		.uleb128 0x3a
 1070 0123 0B       		.uleb128 0xb
 1071 0124 3B       		.uleb128 0x3b
 1072 0125 0B       		.uleb128 0xb
 1073 0126 49       		.uleb128 0x49
 1074 0127 13       		.uleb128 0x13
 1075 0128 02       		.uleb128 0x2
 1076 0129 18       		.uleb128 0x18
 1077 012a 00       		.byte	0
 1078 012b 00       		.byte	0
 1079 012c 16       		.uleb128 0x16
 1080 012d 0B       		.uleb128 0xb
 1081 012e 01       		.byte	0x1
 1082 012f 11       		.uleb128 0x11
 1083 0130 01       		.uleb128 0x1
 1084 0131 12       		.uleb128 0x12
 1085 0132 06       		.uleb128 0x6
 1086 0133 01       		.uleb128 0x1
 1087 0134 13       		.uleb128 0x13
 1088 0135 00       		.byte	0
 1089 0136 00       		.byte	0
 1090 0137 17       		.uleb128 0x17
 1091 0138 34       		.uleb128 0x34
 1092 0139 00       		.byte	0
 1093 013a 03       		.uleb128 0x3
 1094 013b 0E       		.uleb128 0xe
 1095 013c 3A       		.uleb128 0x3a
ARM GAS  C:\Users\casey\AppData\Local\Temp\cciLLrVP.s 			page 22


 1096 013d 0B       		.uleb128 0xb
 1097 013e 3B       		.uleb128 0x3b
 1098 013f 0B       		.uleb128 0xb
 1099 0140 49       		.uleb128 0x49
 1100 0141 13       		.uleb128 0x13
 1101 0142 3F       		.uleb128 0x3f
 1102 0143 19       		.uleb128 0x19
 1103 0144 3C       		.uleb128 0x3c
 1104 0145 19       		.uleb128 0x19
 1105 0146 00       		.byte	0
 1106 0147 00       		.byte	0
 1107 0148 18       		.uleb128 0x18
 1108 0149 2E       		.uleb128 0x2e
 1109 014a 00       		.byte	0
 1110 014b 3F       		.uleb128 0x3f
 1111 014c 19       		.uleb128 0x19
 1112 014d 3C       		.uleb128 0x3c
 1113 014e 19       		.uleb128 0x19
 1114 014f 6E       		.uleb128 0x6e
 1115 0150 0E       		.uleb128 0xe
 1116 0151 03       		.uleb128 0x3
 1117 0152 0E       		.uleb128 0xe
 1118 0153 3A       		.uleb128 0x3a
 1119 0154 0B       		.uleb128 0xb
 1120 0155 3B       		.uleb128 0x3b
 1121 0156 0B       		.uleb128 0xb
 1122 0157 00       		.byte	0
 1123 0158 00       		.byte	0
 1124 0159 19       		.uleb128 0x19
 1125 015a 2E       		.uleb128 0x2e
 1126 015b 00       		.byte	0
 1127 015c 3F       		.uleb128 0x3f
 1128 015d 19       		.uleb128 0x19
 1129 015e 3C       		.uleb128 0x3c
 1130 015f 19       		.uleb128 0x19
 1131 0160 6E       		.uleb128 0x6e
 1132 0161 0E       		.uleb128 0xe
 1133 0162 03       		.uleb128 0x3
 1134 0163 0E       		.uleb128 0xe
 1135 0164 3A       		.uleb128 0x3a
 1136 0165 0B       		.uleb128 0xb
 1137 0166 3B       		.uleb128 0x3b
 1138 0167 05       		.uleb128 0x5
 1139 0168 00       		.byte	0
 1140 0169 00       		.byte	0
 1141 016a 00       		.byte	0
 1142              		.section	.debug_loc,"",%progbits
 1143              	.Ldebug_loc0:
 1144              	.LLST0:
 1145 0000 00000000 		.4byte	.LVL0
 1146 0004 0B000000 		.4byte	.LVL1-1
 1147 0008 0100     		.2byte	0x1
 1148 000a 50       		.byte	0x50
 1149 000b 0B000000 		.4byte	.LVL1-1
 1150 000f 84000000 		.4byte	.LVL21
 1151 0013 0100     		.2byte	0x1
 1152 0015 54       		.byte	0x54
ARM GAS  C:\Users\casey\AppData\Local\Temp\cciLLrVP.s 			page 23


 1153 0016 84000000 		.4byte	.LVL21
 1154 001a 8C000000 		.4byte	.LFE35
 1155 001e 0400     		.2byte	0x4
 1156 0020 F3       		.byte	0xf3
 1157 0021 01       		.uleb128 0x1
 1158 0022 50       		.byte	0x50
 1159 0023 9F       		.byte	0x9f
 1160 0024 00000000 		.4byte	0
 1161 0028 00000000 		.4byte	0
 1162              	.LLST1:
 1163 002c 00000000 		.4byte	.LVL0
 1164 0030 0B000000 		.4byte	.LVL1-1
 1165 0034 0100     		.2byte	0x1
 1166 0036 51       		.byte	0x51
 1167 0037 0B000000 		.4byte	.LVL1-1
 1168 003b 84000000 		.4byte	.LVL22
 1169 003f 0100     		.2byte	0x1
 1170 0041 55       		.byte	0x55
 1171 0042 84000000 		.4byte	.LVL22
 1172 0046 8C000000 		.4byte	.LFE35
 1173 004a 0400     		.2byte	0x4
 1174 004c F3       		.byte	0xf3
 1175 004d 01       		.uleb128 0x1
 1176 004e 51       		.byte	0x51
 1177 004f 9F       		.byte	0x9f
 1178 0050 00000000 		.4byte	0
 1179 0054 00000000 		.4byte	0
 1180              	.LLST2:
 1181 0058 0E000000 		.4byte	.LVL2
 1182 005c 22000000 		.4byte	.LVL7
 1183 0060 0100     		.2byte	0x1
 1184 0062 56       		.byte	0x56
 1185 0063 00000000 		.4byte	0
 1186 0067 00000000 		.4byte	0
 1187              	.LLST3:
 1188 006b 1E000000 		.4byte	.LVL6
 1189 006f 84000000 		.4byte	.LVL23
 1190 0073 0100     		.2byte	0x1
 1191 0075 57       		.byte	0x57
 1192 0076 00000000 		.4byte	0
 1193 007a 00000000 		.4byte	0
 1194              	.LLST4:
 1195 007e 1E000000 		.4byte	.LVL6
 1196 0082 34000000 		.4byte	.LVL8
 1197 0086 0200     		.2byte	0x2
 1198 0088 30       		.byte	0x30
 1199 0089 9F       		.byte	0x9f
 1200 008a 34000000 		.4byte	.LVL8
 1201 008e 3B000000 		.4byte	.LVL9-1
 1202 0092 0600     		.2byte	0x6
 1203 0094 70       		.byte	0x70
 1204 0095 00       		.sleb128 0
 1205 0096 08       		.byte	0x8
 1206 0097 FF       		.byte	0xff
 1207 0098 1A       		.byte	0x1a
 1208 0099 9F       		.byte	0x9f
 1209 009a 3E000000 		.4byte	.LVL10
ARM GAS  C:\Users\casey\AppData\Local\Temp\cciLLrVP.s 			page 24


 1210 009e 60000000 		.4byte	.LVL14
 1211 00a2 0200     		.2byte	0x2
 1212 00a4 30       		.byte	0x30
 1213 00a5 9F       		.byte	0x9f
 1214 00a6 60000000 		.4byte	.LVL14
 1215 00aa 66000000 		.4byte	.LVL15
 1216 00ae 0100     		.2byte	0x1
 1217 00b0 52       		.byte	0x52
 1218 00b1 66000000 		.4byte	.LVL15
 1219 00b5 6D000000 		.4byte	.LVL16-1
 1220 00b9 0200     		.2byte	0x2
 1221 00bb 7D       		.byte	0x7d
 1222 00bc 00       		.sleb128 0
 1223 00bd 7A000000 		.4byte	.LVL18
 1224 00c1 7E000000 		.4byte	.LVL19
 1225 00c5 0200     		.2byte	0x2
 1226 00c7 30       		.byte	0x30
 1227 00c8 9F       		.byte	0x9f
 1228 00c9 7E000000 		.4byte	.LVL19
 1229 00cd 80000000 		.4byte	.LVL20
 1230 00d1 0600     		.2byte	0x6
 1231 00d3 70       		.byte	0x70
 1232 00d4 00       		.sleb128 0
 1233 00d5 08       		.byte	0x8
 1234 00d6 FF       		.byte	0xff
 1235 00d7 1A       		.byte	0x1a
 1236 00d8 9F       		.byte	0x9f
 1237 00d9 00000000 		.4byte	0
 1238 00dd 00000000 		.4byte	0
 1239              	.LLST5:
 1240 00e1 1E000000 		.4byte	.LVL6
 1241 00e5 60000000 		.4byte	.LVL14
 1242 00e9 0200     		.2byte	0x2
 1243 00eb 30       		.byte	0x30
 1244 00ec 9F       		.byte	0x9f
 1245 00ed 60000000 		.4byte	.LVL14
 1246 00f1 7A000000 		.4byte	.LVL18
 1247 00f5 0100     		.2byte	0x1
 1248 00f7 56       		.byte	0x56
 1249 00f8 7A000000 		.4byte	.LVL18
 1250 00fc 80000000 		.4byte	.LVL20
 1251 0100 0200     		.2byte	0x2
 1252 0102 30       		.byte	0x30
 1253 0103 9F       		.byte	0x9f
 1254 0104 00000000 		.4byte	0
 1255 0108 00000000 		.4byte	0
 1256              	.LLST6:
 1257 010c 0A000000 		.4byte	.LVL24
 1258 0110 0E000000 		.4byte	.LVL25
 1259 0114 0200     		.2byte	0x2
 1260 0116 30       		.byte	0x30
 1261 0117 9F       		.byte	0x9f
 1262 0118 0E000000 		.4byte	.LVL25
 1263 011c 16000000 		.4byte	.LVL26
 1264 0120 0100     		.2byte	0x1
 1265 0122 53       		.byte	0x53
 1266 0123 16000000 		.4byte	.LVL26
ARM GAS  C:\Users\casey\AppData\Local\Temp\cciLLrVP.s 			page 25


 1267 0127 2A000000 		.4byte	.LVL28
 1268 012b 0300     		.2byte	0x3
 1269 012d 74       		.byte	0x74
 1270 012e 7F       		.sleb128 -1
 1271 012f 9F       		.byte	0x9f
 1272 0130 2A000000 		.4byte	.LVL28
 1273 0134 2C000000 		.4byte	.LVL29
 1274 0138 0100     		.2byte	0x1
 1275 013a 54       		.byte	0x54
 1276 013b 2C000000 		.4byte	.LVL29
 1277 013f 36000000 		.4byte	.LVL30
 1278 0143 0100     		.2byte	0x1
 1279 0145 53       		.byte	0x53
 1280 0146 00000000 		.4byte	0
 1281 014a 00000000 		.4byte	0
 1282              		.section	.debug_aranges,"",%progbits
 1283 0000 24000000 		.4byte	0x24
 1284 0004 0200     		.2byte	0x2
 1285 0006 00000000 		.4byte	.Ldebug_info0
 1286 000a 04       		.byte	0x4
 1287 000b 00       		.byte	0
 1288 000c 0000     		.2byte	0
 1289 000e 0000     		.2byte	0
 1290 0010 00000000 		.4byte	.LFB35
 1291 0014 8C000000 		.4byte	.LFE35-.LFB35
 1292 0018 00000000 		.4byte	.LFB36
 1293 001c 68000000 		.4byte	.LFE36-.LFB36
 1294 0020 00000000 		.4byte	0
 1295 0024 00000000 		.4byte	0
 1296              		.section	.debug_ranges,"",%progbits
 1297              	.Ldebug_ranges0:
 1298 0000 00000000 		.4byte	.LFB35
 1299 0004 8C000000 		.4byte	.LFE35
 1300 0008 00000000 		.4byte	.LFB36
 1301 000c 68000000 		.4byte	.LFE36
 1302 0010 00000000 		.4byte	0
 1303 0014 00000000 		.4byte	0
 1304              		.section	.debug_line,"",%progbits
 1305              	.Ldebug_line0:
 1306 0000 77020000 		.section	.debug_str,"MS",%progbits,1
 1306      02001402 
 1306      00000201 
 1306      FB0E0D00 
 1306      01010101 
 1307              	.LASF3:
 1308 0000 5F5F7569 		.ascii	"__uint8_t\000"
 1308      6E74385F 
 1308      7400
 1309              	.LASF33:
 1310 000a 4442475F 		.ascii	"DBG_UART_UartPutString\000"
 1310      55415254 
 1310      5F556172 
 1310      74507574 
 1310      53747269 
 1311              	.LASF6:
 1312 0021 5F5F696E 		.ascii	"__int32_t\000"
 1312      7433325F 
ARM GAS  C:\Users\casey\AppData\Local\Temp\cciLLrVP.s 			page 26


 1312      7400
 1313              	.LASF44:
 1314 002b 74784461 		.ascii	"txData\000"
 1314      746100
 1315              	.LASF7:
 1316 0032 6C6F6E67 		.ascii	"long int\000"
 1316      20696E74 
 1316      00
 1317              	.LASF27:
 1318 003b 7061636B 		.ascii	"packet\000"
 1318      657400
 1319              	.LASF29:
 1320 0042 47657453 		.ascii	"GetSenderDeviceGroupCode\000"
 1320      656E6465 
 1320      72446576 
 1320      69636547 
 1320      726F7570 
 1321              	.LASF36:
 1322 005b 41737365 		.ascii	"AssembleTelemetryReportPacket\000"
 1322      6D626C65 
 1322      54656C65 
 1322      6D657472 
 1322      79526570 
 1323              	.LASF43:
 1324 0079 5072696E 		.ascii	"PrintCanPacket\000"
 1324      7443616E 
 1324      5061636B 
 1324      657400
 1325              	.LASF18:
 1326 0088 666C6F61 		.ascii	"float\000"
 1326      7400
 1327              	.LASF20:
 1328 008e 64617461 		.ascii	"data\000"
 1328      00
 1329              	.LASF37:
 1330 0093 53656E64 		.ascii	"SendCANPacket\000"
 1330      43414E50 
 1330      61636B65 
 1330      7400
 1331              	.LASF1:
 1332 00a1 756E7369 		.ascii	"unsigned char\000"
 1332      676E6564 
 1332      20636861 
 1332      7200
 1333              	.LASF8:
 1334 00af 6C6F6E67 		.ascii	"long unsigned int\000"
 1334      20756E73 
 1334      69676E65 
 1334      6420696E 
 1334      7400
 1335              	.LASF5:
 1336 00c1 73686F72 		.ascii	"short unsigned int\000"
 1336      7420756E 
 1336      7369676E 
 1336      65642069 
 1336      6E7400
 1337              	.LASF40:
ARM GAS  C:\Users\casey\AppData\Local\Temp\cciLLrVP.s 			page 27


 1338 00d4 54656D70 		.ascii	"Temp_CAN.c\000"
 1338      5F43414E 
 1338      2E6300
 1339              	.LASF4:
 1340 00df 5F5F7569 		.ascii	"__uint16_t\000"
 1340      6E743136 
 1340      5F7400
 1341              	.LASF30:
 1342 00ea 47657453 		.ascii	"GetSenderDeviceSerialNumber\000"
 1342      656E6465 
 1342      72446576 
 1342      69636553 
 1342      65726961 
 1343              	.LASF22:
 1344 0106 72656365 		.ascii	"receivedPacket\000"
 1344      69766564 
 1344      5061636B 
 1344      657400
 1345              	.LASF31:
 1346 0115 4765744D 		.ascii	"GetModeFromPacket\000"
 1346      6F646546 
 1346      726F6D50 
 1346      61636B65 
 1346      7400
 1347              	.LASF2:
 1348 0127 73686F72 		.ascii	"short int\000"
 1348      7420696E 
 1348      7400
 1349              	.LASF11:
 1350 0131 756E7369 		.ascii	"unsigned int\000"
 1350      676E6564 
 1350      20696E74 
 1350      00
 1351              	.LASF10:
 1352 013e 6C6F6E67 		.ascii	"long long unsigned int\000"
 1352      206C6F6E 
 1352      6720756E 
 1352      7369676E 
 1352      65642069 
 1353              	.LASF15:
 1354 0155 75696E74 		.ascii	"uint8_t\000"
 1354      385F7400 
 1355              	.LASF25:
 1356 015d 73656E64 		.ascii	"sender_DG\000"
 1356      65725F44 
 1356      4700
 1357              	.LASF19:
 1358 0167 646F7562 		.ascii	"double\000"
 1358      6C6500
 1359              	.LASF26:
 1360 016e 73656E64 		.ascii	"sender_SN\000"
 1360      65725F53 
 1360      4E00
 1361              	.LASF39:
 1362 0178 474E5520 		.ascii	"GNU C11 5.4.1 20160609 (release) [ARM/embedded-5-br"
 1362      43313120 
 1362      352E342E 
ARM GAS  C:\Users\casey\AppData\Local\Temp\cciLLrVP.s 			page 28


 1362      31203230 
 1362      31363036 
 1363 01ab 616E6368 		.ascii	"anch revision 237715] -mcpu=cortex-m0 -mthumb -g -O"
 1363      20726576 
 1363      6973696F 
 1363      6E203233 
 1363      37373135 
 1364 01de 67202D66 		.ascii	"g -ffunction-sections -ffat-lto-objects\000"
 1364      66756E63 
 1364      74696F6E 
 1364      2D736563 
 1364      74696F6E 
 1365              	.LASF17:
 1366 0206 696E7433 		.ascii	"int32_t\000"
 1366      325F7400 
 1367              	.LASF21:
 1368 020e 43414E50 		.ascii	"CANPacket\000"
 1368      61636B65 
 1368      7400
 1369              	.LASF13:
 1370 0218 73697A65 		.ascii	"sizetype\000"
 1370      74797065 
 1370      00
 1371              	.LASF9:
 1372 0221 6C6F6E67 		.ascii	"long long int\000"
 1372      206C6F6E 
 1372      6720696E 
 1372      7400
 1373              	.LASF14:
 1374 022f 63686172 		.ascii	"char\000"
 1374      00
 1375              	.LASF28:
 1376 0234 47657450 		.ascii	"GetPacketID\000"
 1376      61636B65 
 1376      74494400 
 1377              	.LASF23:
 1378 0240 7061636B 		.ascii	"packetToSend\000"
 1378      6574546F 
 1378      53656E64 
 1378      00
 1379              	.LASF41:
 1380 024d 433A5C55 		.ascii	"C:\\Users\\casey\\Desktop\\Robotics Stuff\\PSoC_Pro"
 1380      73657273 
 1380      5C636173 
 1380      65795C44 
 1380      65736B74 
 1381 027b 6A656374 		.ascii	"ject_Template\\PSoC Project Template.cydsn\000"
 1381      5F54656D 
 1381      706C6174 
 1381      655C5053 
 1381      6F432050 
 1382              	.LASF16:
 1383 02a5 75696E74 		.ascii	"uint16_t\000"
 1383      31365F74 
 1383      00
 1384              	.LASF42:
 1385 02ae 50726F63 		.ascii	"ProcessCAN\000"
ARM GAS  C:\Users\casey\AppData\Local\Temp\cciLLrVP.s 			page 29


 1385      65737343 
 1385      414E00
 1386              	.LASF12:
 1387 02b9 6C6F6E67 		.ascii	"long double\000"
 1387      20646F75 
 1387      626C6500 
 1388              	.LASF0:
 1389 02c5 7369676E 		.ascii	"signed char\000"
 1389      65642063 
 1389      68617200 
 1390              	.LASF24:
 1391 02d1 7061636B 		.ascii	"packageID\000"
 1391      61676549 
 1391      4400
 1392              	.LASF35:
 1393 02db 4465636F 		.ascii	"DecodeTelemetryType\000"
 1393      64655465 
 1393      6C656D65 
 1393      74727954 
 1393      79706500 
 1394              	.LASF32:
 1395 02ef 5365744D 		.ascii	"SetModeTo\000"
 1395      6F646554 
 1395      6F00
 1396              	.LASF38:
 1397 02f9 73707269 		.ascii	"sprintf\000"
 1397      6E746600 
 1398              	.LASF34:
 1399 0301 476F746F 		.ascii	"GotoUninitState\000"
 1399      556E696E 
 1399      69745374 
 1399      61746500 
 1400              		.ident	"GCC: (GNU Tools for ARM Embedded Processors) 5.4.1 20160609 (release) [ARM/embedded-5-bran
