--------------- Build Started: 02/24/2024 10:29:20 Project: PSoC Project Template, Configuration: ARM GCC 5.4-2016-q2-update Debug ---------------
The code generation step is up to date.
arm-none-eabi-gcc.exe -mcpu=cortex-m0 -mthumb -I.\HindsightCAN -I. -IGenerated_Source\PSoC4 -Wa,-alh=.\CortexM0\ARM_GCC_541\Debug/main.lst -g -D DEBUG -D CY_CORE_ID=0 -Wall -ffunction-sections -ffat-lto-objects -Og -D CHIP_TYPE=CHIP_TYPE_PSOC_CY8C4248AZI_L485 -c main.c -o .\CortexM0\ARM_GCC_541\Debug\main.o
main.c: In function 'main':
main.c:50:9: warning: unused variable 'err' [-Wunused-variable]
     int err;
         ^
main.c: In function 'Initialize':
main.c:76:15: warning: implicit declaration of function 'Can_addr_Read' [-Wimplicit-function-declaration]
     address = Can_addr_Read();
               ^
main.c: In function 'ReadCAN':
main.c:115:9: warning: implicit declaration of function 'CAN_LED_Write' [-Wimplicit-function-declaration]
         CAN_LED_Write(ON);
         ^
main.c: In function 'DisplayErrorCode':
main.c:124:5: warning: implicit declaration of function 'ERROR_LED_Write' [-Wimplicit-function-declaration]
     ERROR_LED_Write(OFF);  
     ^
arm-none-eabi-gcc.exe -mcpu=cortex-m0 -mthumb -I.\HindsightCAN -I. -IGenerated_Source\PSoC4 -Wa,-alh=.\CortexM0\ARM_GCC_541\Debug/Temp_CAN.lst -g -D DEBUG -D CY_CORE_ID=0 -Wall -ffunction-sections -ffat-lto-objects -Og -D CHIP_TYPE=CHIP_TYPE_PSOC_CY8C4248AZI_L485 -c Temp_CAN.c -o .\CortexM0\ARM_GCC_541\Debug\Temp_CAN.o
Temp_CAN.c: In function 'CheckCAN':
Temp_CAN.c:29:13: warning: unused variable 'sender_SN' [-Wunused-variable]
     uint8_t sender_SN = GetSenderDeviceSerialNumber(&can_recieve);
             ^
Temp_CAN.c:28:13: warning: unused variable 'sender_DG' [-Wunused-variable]
     uint8_t sender_DG = GetSenderDeviceGroupCode(&can_recieve);
             ^
Temp_CAN.c:27:13: warning: unused variable 'serial' [-Wunused-variable]
     uint8_t serial = GetDeviceSerialNumber(&can_recieve);
             ^
arm-none-eabi-gcc.exe -mcpu=cortex-m0 -mthumb -I.\HindsightCAN -I. -IGenerated_Source\PSoC4 -Wa,-alh=.\CortexM0\ARM_GCC_541\Debug/Temp_FSM.lst -g -D DEBUG -D CY_CORE_ID=0 -Wall -ffunction-sections -ffat-lto-objects -Og -D CHIP_TYPE=CHIP_TYPE_PSOC_CY8C4248AZI_L485 -c Temp_FSM.c -o .\CortexM0\ARM_GCC_541\Debug\Temp_FSM.o
arm-none-eabi-gcc.exe -mcpu=cortex-m0 -mthumb -I.\HindsightCAN -I. -IGenerated_Source\PSoC4 -Wa,-alh=.\CortexM0\ARM_GCC_541\Debug/CANCommon.lst -g -D DEBUG -D CY_CORE_ID=0 -Wall -ffunction-sections -ffat-lto-objects -Og -D CHIP_TYPE=CHIP_TYPE_PSOC_CY8C4248AZI_L485 -c HindsightCAN\CANCommon.c -o .\CortexM0\ARM_GCC_541\Debug\CANCommon.o
arm-none-eabi-gcc.exe -mcpu=cortex-m0 -mthumb -I.\HindsightCAN -I. -IGenerated_Source\PSoC4 -Wa,-alh=.\CortexM0\ARM_GCC_541\Debug/CANGPIO.lst -g -D DEBUG -D CY_CORE_ID=0 -Wall -ffunction-sections -ffat-lto-objects -Og -D CHIP_TYPE=CHIP_TYPE_PSOC_CY8C4248AZI_L485 -c HindsightCAN\CANGPIO.c -o .\CortexM0\ARM_GCC_541\Debug\CANGPIO.o
arm-none-eabi-gcc.exe -mcpu=cortex-m0 -mthumb -I.\HindsightCAN -I. -IGenerated_Source\PSoC4 -Wa,-alh=.\CortexM0\ARM_GCC_541\Debug/CANLocalization.lst -g -D DEBUG -D CY_CORE_ID=0 -Wall -ffunction-sections -ffat-lto-objects -Og -D CHIP_TYPE=CHIP_TYPE_PSOC_CY8C4248AZI_L485 -c HindsightCAN\CANLocalization.c -o .\CortexM0\ARM_GCC_541\Debug\CANLocalization.o
arm-none-eabi-gcc.exe -mcpu=cortex-m0 -mthumb -I.\HindsightCAN -I. -IGenerated_Source\PSoC4 -Wa,-alh=.\CortexM0\ARM_GCC_541\Debug/CANPacket.lst -g -D DEBUG -D CY_CORE_ID=0 -Wall -ffunction-sections -ffat-lto-objects -Og -D CHIP_TYPE=CHIP_TYPE_PSOC_CY8C4248AZI_L485 -c HindsightCAN\CANPacket.c -o .\CortexM0\ARM_GCC_541\Debug\CANPacket.o
arm-none-eabi-gcc.exe -mcpu=cortex-m0 -mthumb -I.\HindsightCAN -I. -IGenerated_Source\PSoC4 -Wa,-alh=.\CortexM0\ARM_GCC_541\Debug/PortPSOC_CY8C4248AZI_L485.lst -g -D DEBUG -D CY_CORE_ID=0 -Wall -ffunction-sections -ffat-lto-objects -Og -D CHIP_TYPE=CHIP_TYPE_PSOC_CY8C4248AZI_L485 -c HindsightCAN\PortFiles\PortPSOC_CY8C4248AZI_L485.c -o .\CortexM0\ARM_GCC_541\Debug\PortPSOC_CY8C4248AZI_L485.o
In file included from Generated_Source\PSoC4/project.h:31:0,
                 from HindsightCAN\PortFiles\PortPSOC_CY8C4248AZI_L485.c:12:
HindsightCAN\PortFiles\PortPSOC_CY8C4248AZI_L485.c: In function 'CAN_FLAG_ISR':
Generated_Source\PSoC4/CAN.h:566:58: warning: 'mailbox' may be used uninitialized in this function [-Wmaybe-uninitialized]
 #define CAN_RX_CMD_REG(i)            (*(reg32 *) (&CAN_RX[i].rxcmd))
                                                          ^
HindsightCAN\PortFiles\PortPSOC_CY8C4248AZI_L485.c:172:13: note: 'mailbox' was declared here
     uint8_t mailbox;
             ^
arm-none-eabi-gcc.exe -mcpu=cortex-m0 -mthumb -I.\HindsightCAN -I. -IGenerated_Source\PSoC4 -Wa,-alh=.\CortexM0\ARM_GCC_541\Debug/cyfitter_cfg.lst -g -D DEBUG -D CY_CORE_ID=0 -Wall -ffunction-sections -ffat-lto-objects -Og -D CHIP_TYPE=CHIP_TYPE_PSOC_CY8C4248AZI_L485 -c Generated_Source\PSoC4\cyfitter_cfg.c -o .\CortexM0\ARM_GCC_541\Debug\cyfitter_cfg.o
arm-none-eabi-gcc.exe -mcpu=cortex-m0 -mthumb -I.\HindsightCAN -I. -IGenerated_Source\PSoC4 -Wa,-alh=.\CortexM0\ARM_GCC_541\Debug/cymetadata.lst -g -D DEBUG -D CY_CORE_ID=0 -Wall -ffunction-sections -ffat-lto-objects -Og -D CHIP_TYPE=CHIP_TYPE_PSOC_CY8C4248AZI_L485 -c Generated_Source\PSoC4\cymetadata.c -o .\CortexM0\ARM_GCC_541\Debug\cymetadata.o
arm-none-eabi-gcc.exe -mcpu=cortex-m0 -mthumb -I.\HindsightCAN -I. -IGenerated_Source\PSoC4 -Wa,-alh=.\CortexM0\ARM_GCC_541\Debug/Cm0Start.lst -g -D DEBUG -D CY_CORE_ID=0 -Wall -ffunction-sections -ffat-lto-objects -Og -D CHIP_TYPE=CHIP_TYPE_PSOC_CY8C4248AZI_L485 -c Generated_Source\PSoC4\Cm0Start.c -o .\CortexM0\ARM_GCC_541\Debug\Cm0Start.o
arm-none-eabi-gcc.exe -mcpu=cortex-m0 -mthumb -I.\HindsightCAN -I. -IGenerated_Source\PSoC4 -Wa,-alh=.\CortexM0\ARM_GCC_541\Debug/CyFlash.lst -g -D DEBUG -D CY_CORE_ID=0 -Wall -ffunction-sections -ffat-lto-objects -Og -D CHIP_TYPE=CHIP_TYPE_PSOC_CY8C4248AZI_L485 -c Generated_Source\PSoC4\CyFlash.c -o .\CortexM0\ARM_GCC_541\Debug\CyFlash.o
arm-none-eabi-gcc.exe -mcpu=cortex-m0 -mthumb -I.\HindsightCAN -I. -IGenerated_Source\PSoC4 -Wa,-alh=.\CortexM0\ARM_GCC_541\Debug/CyLib.lst -g -D DEBUG -D CY_CORE_ID=0 -Wall -ffunction-sections -ffat-lto-objects -Og -D CHIP_TYPE=CHIP_TYPE_PSOC_CY8C4248AZI_L485 -c Generated_Source\PSoC4\CyLib.c -o .\CortexM0\ARM_GCC_541\Debug\CyLib.o
arm-none-eabi-gcc.exe -mcpu=cortex-m0 -mthumb -I.\HindsightCAN -I. -IGenerated_Source\PSoC4 -Wa,-alh=.\CortexM0\ARM_GCC_541\Debug/cyPm.lst -g -D DEBUG -D CY_CORE_ID=0 -Wall -ffunction-sections -ffat-lto-objects -Og -D CHIP_TYPE=CHIP_TYPE_PSOC_CY8C4248AZI_L485 -c Generated_Source\PSoC4\cyPm.c -o .\CortexM0\ARM_GCC_541\Debug\cyPm.o
arm-none-eabi-gcc.exe -mcpu=cortex-m0 -mthumb -I.\HindsightCAN -I. -IGenerated_Source\PSoC4 -Wa,-alh=.\CortexM0\ARM_GCC_541\Debug/cyutils.lst -g -D DEBUG -D CY_CORE_ID=0 -Wall -ffunction-sections -ffat-lto-objects -Og -D CHIP_TYPE=CHIP_TYPE_PSOC_CY8C4248AZI_L485 -c Generated_Source\PSoC4\cyutils.c -o .\CortexM0\ARM_GCC_541\Debug\cyutils.o
arm-none-eabi-gcc.exe -mcpu=cortex-m0 -mthumb -I.\HindsightCAN -I. -IGenerated_Source\PSoC4 -Wa,-alh=.\CortexM0\ARM_GCC_541\Debug/CyDMA.lst -g -D DEBUG -D CY_CORE_ID=0 -Wall -ffunction-sections -ffat-lto-objects -Og -D CHIP_TYPE=CHIP_TYPE_PSOC_CY8C4248AZI_L485 -c Generated_Source\PSoC4\CyDMA.c -o .\CortexM0\ARM_GCC_541\Debug\CyDMA.o
arm-none-eabi-gcc.exe -mcpu=cortex-m0 -mthumb -I.\HindsightCAN -I. -IGenerated_Source\PSoC4 -Wa,-alh=.\CortexM0\ARM_GCC_541\Debug/CyLFClk.lst -g -D DEBUG -D CY_CORE_ID=0 -Wall -ffunction-sections -ffat-lto-objects -Og -D CHIP_TYPE=CHIP_TYPE_PSOC_CY8C4248AZI_L485 -c Generated_Source\PSoC4\CyLFClk.c -o .\CortexM0\ARM_GCC_541\Debug\CyLFClk.o
arm-none-eabi-gcc.exe -mcpu=cortex-m0 -mthumb -I.\HindsightCAN -I. -IGenerated_Source\PSoC4 -Wa,-alh=.\CortexM0\ARM_GCC_541\Debug/cy_em_eeprom.lst -g -D DEBUG -D CY_CORE_ID=0 -Wall -ffunction-sections -ffat-lto-objects -Og -D CHIP_TYPE=CHIP_TYPE_PSOC_CY8C4248AZI_L485 -c Generated_Source\PSoC4\cy_em_eeprom.c -o .\CortexM0\ARM_GCC_541\Debug\cy_em_eeprom.o
arm-none-eabi-gcc.exe -mcpu=cortex-m0 -mthumb -I.\HindsightCAN -I. -IGenerated_Source\PSoC4 -Wa,-alh=.\CortexM0\ARM_GCC_541\Debug/CAN.lst -g -D DEBUG -D CY_CORE_ID=0 -Wall -ffunction-sections -ffat-lto-objects -Og -D CHIP_TYPE=CHIP_TYPE_PSOC_CY8C4248AZI_L485 -c Generated_Source\PSoC4\CAN.c -o .\CortexM0\ARM_GCC_541\Debug\CAN.o
arm-none-eabi-gcc.exe -mcpu=cortex-m0 -mthumb -I.\HindsightCAN -I. -IGenerated_Source\PSoC4 -Wa,-alh=.\CortexM0\ARM_GCC_541\Debug/CAN_INT.lst -g -D DEBUG -D CY_CORE_ID=0 -Wall -ffunction-sections -ffat-lto-objects -Og -D CHIP_TYPE=CHIP_TYPE_PSOC_CY8C4248AZI_L485 -c Generated_Source\PSoC4\CAN_INT.c -o .\CortexM0\ARM_GCC_541\Debug\CAN_INT.o
arm-none-eabi-gcc.exe -mcpu=cortex-m0 -mthumb -I.\HindsightCAN -I. -IGenerated_Source\PSoC4 -Wa,-alh=.\CortexM0\ARM_GCC_541\Debug/CAN_PM.lst -g -D DEBUG -D CY_CORE_ID=0 -Wall -ffunction-sections -ffat-lto-objects -Og -D CHIP_TYPE=CHIP_TYPE_PSOC_CY8C4248AZI_L485 -c Generated_Source\PSoC4\CAN_PM.c -o .\CortexM0\ARM_GCC_541\Debug\CAN_PM.o
arm-none-eabi-gcc.exe -mcpu=cortex-m0 -mthumb -I.\HindsightCAN -I. -IGenerated_Source\PSoC4 -Wa,-alh=.\CortexM0\ARM_GCC_541\Debug/CAN_TX_RX_func.lst -g -D DEBUG -D CY_CORE_ID=0 -Wall -ffunction-sections -ffat-lto-objects -Og -D CHIP_TYPE=CHIP_TYPE_PSOC_CY8C4248AZI_L485 -c Generated_Source\PSoC4\CAN_TX_RX_func.c -o .\CortexM0\ARM_GCC_541\Debug\CAN_TX_RX_func.o
arm-none-eabi-gcc.exe -mcpu=cortex-m0 -mthumb -I.\HindsightCAN -I. -IGenerated_Source\PSoC4 -Wa,-alh=.\CortexM0\ARM_GCC_541\Debug/CAN_isr.lst -g -D DEBUG -D CY_CORE_ID=0 -Wall -ffunction-sections -ffat-lto-objects -Og -D CHIP_TYPE=CHIP_TYPE_PSOC_CY8C4248AZI_L485 -c Generated_Source\PSoC4\CAN_isr.c -o .\CortexM0\ARM_GCC_541\Debug\CAN_isr.o
arm-none-eabi-gcc.exe -mcpu=cortex-m0 -mthumb -I.\HindsightCAN -I. -IGenerated_Source\PSoC4 -Wa,-alh=.\CortexM0\ARM_GCC_541\Debug/CAN_HFCLK.lst -g -D DEBUG -D CY_CORE_ID=0 -Wall -ffunction-sections -ffat-lto-objects -Og -D CHIP_TYPE=CHIP_TYPE_PSOC_CY8C4248AZI_L485 -c Generated_Source\PSoC4\CAN_HFCLK.c -o .\CortexM0\ARM_GCC_541\Debug\CAN_HFCLK.o
arm-none-eabi-gcc.exe -mcpu=cortex-m0 -mthumb -I.\HindsightCAN -I. -IGenerated_Source\PSoC4 -Wa,-alh=.\CortexM0\ARM_GCC_541\Debug/CAN_RX.lst -g -D DEBUG -D CY_CORE_ID=0 -Wall -ffunction-sections -ffat-lto-objects -Og -D CHIP_TYPE=CHIP_TYPE_PSOC_CY8C4248AZI_L485 -c Generated_Source\PSoC4\CAN_RX.c -o .\CortexM0\ARM_GCC_541\Debug\CAN_RX.o
arm-none-eabi-gcc.exe -mcpu=cortex-m0 -mthumb -I.\HindsightCAN -I. -IGenerated_Source\PSoC4 -Wa,-alh=.\CortexM0\ARM_GCC_541\Debug/CAN_RX_PM.lst -g -D DEBUG -D CY_CORE_ID=0 -Wall -ffunction-sections -ffat-lto-objects -Og -D CHIP_TYPE=CHIP_TYPE_PSOC_CY8C4248AZI_L485 -c Generated_Source\PSoC4\CAN_RX_PM.c -o .\CortexM0\ARM_GCC_541\Debug\CAN_RX_PM.o
arm-none-eabi-gcc.exe -mcpu=cortex-m0 -mthumb -I.\HindsightCAN -I. -IGenerated_Source\PSoC4 -Wa,-alh=.\CortexM0\ARM_GCC_541\Debug/CAN_TX.lst -g -D DEBUG -D CY_CORE_ID=0 -Wall -ffunction-sections -ffat-lto-objects -Og -D CHIP_TYPE=CHIP_TYPE_PSOC_CY8C4248AZI_L485 -c Generated_Source\PSoC4\CAN_TX.c -o .\CortexM0\ARM_GCC_541\Debug\CAN_TX.o
arm-none-eabi-gcc.exe -mcpu=cortex-m0 -mthumb -I.\HindsightCAN -I. -IGenerated_Source\PSoC4 -Wa,-alh=.\CortexM0\ARM_GCC_541\Debug/CAN_TX_PM.lst -g -D DEBUG -D CY_CORE_ID=0 -Wall -ffunction-sections -ffat-lto-objects -Og -D CHIP_TYPE=CHIP_TYPE_PSOC_CY8C4248AZI_L485 -c Generated_Source\PSoC4\CAN_TX_PM.c -o .\CortexM0\ARM_GCC_541\Debug\CAN_TX_PM.o
arm-none-eabi-gcc.exe -mcpu=cortex-m0 -mthumb -I.\HindsightCAN -I. -IGenerated_Source\PSoC4 -Wa,-alh=.\CortexM0\ARM_GCC_541\Debug/DIP1.lst -g -D DEBUG -D CY_CORE_ID=0 -Wall -ffunction-sections -ffat-lto-objects -Og -D CHIP_TYPE=CHIP_TYPE_PSOC_CY8C4248AZI_L485 -c Generated_Source\PSoC4\DIP1.c -o .\CortexM0\ARM_GCC_541\Debug\DIP1.o
arm-none-eabi-gcc.exe -mcpu=cortex-m0 -mthumb -I.\HindsightCAN -I. -IGenerated_Source\PSoC4 -Wa,-alh=.\CortexM0\ARM_GCC_541\Debug/DIP1_PM.lst -g -D DEBUG -D CY_CORE_ID=0 -Wall -ffunction-sections -ffat-lto-objects -Og -D CHIP_TYPE=CHIP_TYPE_PSOC_CY8C4248AZI_L485 -c Generated_Source\PSoC4\DIP1_PM.c -o .\CortexM0\ARM_GCC_541\Debug\DIP1_PM.o
arm-none-eabi-gcc.exe -mcpu=cortex-m0 -mthumb -I.\HindsightCAN -I. -IGenerated_Source\PSoC4 -Wa,-alh=.\CortexM0\ARM_GCC_541\Debug/DIP2.lst -g -D DEBUG -D CY_CORE_ID=0 -Wall -ffunction-sections -ffat-lto-objects -Og -D CHIP_TYPE=CHIP_TYPE_PSOC_CY8C4248AZI_L485 -c Generated_Source\PSoC4\DIP2.c -o .\CortexM0\ARM_GCC_541\Debug\DIP2.o
arm-none-eabi-gcc.exe -mcpu=cortex-m0 -mthumb -I.\HindsightCAN -I. -IGenerated_Source\PSoC4 -Wa,-alh=.\CortexM0\ARM_GCC_541\Debug/DIP2_PM.lst -g -D DEBUG -D CY_CORE_ID=0 -Wall -ffunction-sections -ffat-lto-objects -Og -D CHIP_TYPE=CHIP_TYPE_PSOC_CY8C4248AZI_L485 -c Generated_Source\PSoC4\DIP2_PM.c -o .\CortexM0\ARM_GCC_541\Debug\DIP2_PM.o
arm-none-eabi-gcc.exe -mcpu=cortex-m0 -mthumb -I.\HindsightCAN -I. -IGenerated_Source\PSoC4 -Wa,-alh=.\CortexM0\ARM_GCC_541\Debug/DIP3.lst -g -D DEBUG -D CY_CORE_ID=0 -Wall -ffunction-sections -ffat-lto-objects -Og -D CHIP_TYPE=CHIP_TYPE_PSOC_CY8C4248AZI_L485 -c Generated_Source\PSoC4\DIP3.c -o .\CortexM0\ARM_GCC_541\Debug\DIP3.o
arm-none-eabi-gcc.exe -mcpu=cortex-m0 -mthumb -I.\HindsightCAN -I. -IGenerated_Source\PSoC4 -Wa,-alh=.\CortexM0\ARM_GCC_541\Debug/DIP3_PM.lst -g -D DEBUG -D CY_CORE_ID=0 -Wall -ffunction-sections -ffat-lto-objects -Og -D CHIP_TYPE=CHIP_TYPE_PSOC_CY8C4248AZI_L485 -c Generated_Source\PSoC4\DIP3_PM.c -o .\CortexM0\ARM_GCC_541\Debug\DIP3_PM.o
arm-none-eabi-gcc.exe -mcpu=cortex-m0 -mthumb -I.\HindsightCAN -I. -IGenerated_Source\PSoC4 -Wa,-alh=.\CortexM0\ARM_GCC_541\Debug/DIP4.lst -g -D DEBUG -D CY_CORE_ID=0 -Wall -ffunction-sections -ffat-lto-objects -Og -D CHIP_TYPE=CHIP_TYPE_PSOC_CY8C4248AZI_L485 -c Generated_Source\PSoC4\DIP4.c -o .\CortexM0\ARM_GCC_541\Debug\DIP4.o
arm-none-eabi-gcc.exe -mcpu=cortex-m0 -mthumb -I.\HindsightCAN -I. -IGenerated_Source\PSoC4 -Wa,-alh=.\CortexM0\ARM_GCC_541\Debug/DIP4_PM.lst -g -D DEBUG -D CY_CORE_ID=0 -Wall -ffunction-sections -ffat-lto-objects -Og -D CHIP_TYPE=CHIP_TYPE_PSOC_CY8C4248AZI_L485 -c Generated_Source\PSoC4\DIP4_PM.c -o .\CortexM0\ARM_GCC_541\Debug\DIP4_PM.o
arm-none-eabi-gcc.exe -mcpu=cortex-m0 -mthumb -I.\HindsightCAN -I. -IGenerated_Source\PSoC4 -Wa,-alh=.\CortexM0\ARM_GCC_541\Debug/DBG_UART.lst -g -D DEBUG -D CY_CORE_ID=0 -Wall -ffunction-sections -ffat-lto-objects -Og -D CHIP_TYPE=CHIP_TYPE_PSOC_CY8C4248AZI_L485 -c Generated_Source\PSoC4\DBG_UART.c -o .\CortexM0\ARM_GCC_541\Debug\DBG_UART.o
arm-none-eabi-gcc.exe -mcpu=cortex-m0 -mthumb -I.\HindsightCAN -I. -IGenerated_Source\PSoC4 -Wa,-alh=.\CortexM0\ARM_GCC_541\Debug/DBG_UART_SPI_UART.lst -g -D DEBUG -D CY_CORE_ID=0 -Wall -ffunction-sections -ffat-lto-objects -Og -D CHIP_TYPE=CHIP_TYPE_PSOC_CY8C4248AZI_L485 -c Generated_Source\PSoC4\DBG_UART_SPI_UART.c -o .\CortexM0\ARM_GCC_541\Debug\DBG_UART_SPI_UART.o
arm-none-eabi-gcc.exe -mcpu=cortex-m0 -mthumb -I.\HindsightCAN -I. -IGenerated_Source\PSoC4 -Wa,-alh=.\CortexM0\ARM_GCC_541\Debug/DBG_UART_SPI_UART_INT.lst -g -D DEBUG -D CY_CORE_ID=0 -Wall -ffunction-sections -ffat-lto-objects -Og -D CHIP_TYPE=CHIP_TYPE_PSOC_CY8C4248AZI_L485 -c Generated_Source\PSoC4\DBG_UART_SPI_UART_INT.c -o .\CortexM0\ARM_GCC_541\Debug\DBG_UART_SPI_UART_INT.o
arm-none-eabi-gcc.exe -mcpu=cortex-m0 -mthumb -I.\HindsightCAN -I. -IGenerated_Source\PSoC4 -Wa,-alh=.\CortexM0\ARM_GCC_541\Debug/DBG_UART_PM.lst -g -D DEBUG -D CY_CORE_ID=0 -Wall -ffunction-sections -ffat-lto-objects -Og -D CHIP_TYPE=CHIP_TYPE_PSOC_CY8C4248AZI_L485 -c Generated_Source\PSoC4\DBG_UART_PM.c -o .\CortexM0\ARM_GCC_541\Debug\DBG_UART_PM.o
arm-none-eabi-gcc.exe -mcpu=cortex-m0 -mthumb -I.\HindsightCAN -I. -IGenerated_Source\PSoC4 -Wa,-alh=.\CortexM0\ARM_GCC_541\Debug/DBG_UART_UART.lst -g -D DEBUG -D CY_CORE_ID=0 -Wall -ffunction-sections -ffat-lto-objects -Og -D CHIP_TYPE=CHIP_TYPE_PSOC_CY8C4248AZI_L485 -c Generated_Source\PSoC4\DBG_UART_UART.c -o .\CortexM0\ARM_GCC_541\Debug\DBG_UART_UART.o
arm-none-eabi-gcc.exe -mcpu=cortex-m0 -mthumb -I.\HindsightCAN -I. -IGenerated_Source\PSoC4 -Wa,-alh=.\CortexM0\ARM_GCC_541\Debug/DBG_UART_BOOT.lst -g -D DEBUG -D CY_CORE_ID=0 -Wall -ffunction-sections -ffat-lto-objects -Og -D CHIP_TYPE=CHIP_TYPE_PSOC_CY8C4248AZI_L485 -c Generated_Source\PSoC4\DBG_UART_BOOT.c -o .\CortexM0\ARM_GCC_541\Debug\DBG_UART_BOOT.o
arm-none-eabi-gcc.exe -mcpu=cortex-m0 -mthumb -I.\HindsightCAN -I. -IGenerated_Source\PSoC4 -Wa,-alh=.\CortexM0\ARM_GCC_541\Debug/DBG_UART_UART_BOOT.lst -g -D DEBUG -D CY_CORE_ID=0 -Wall -ffunction-sections -ffat-lto-objects -Og -D CHIP_TYPE=CHIP_TYPE_PSOC_CY8C4248AZI_L485 -c Generated_Source\PSoC4\DBG_UART_UART_BOOT.c -o .\CortexM0\ARM_GCC_541\Debug\DBG_UART_UART_BOOT.o
arm-none-eabi-gcc.exe -mcpu=cortex-m0 -mthumb -I.\HindsightCAN -I. -IGenerated_Source\PSoC4 -Wa,-alh=.\CortexM0\ARM_GCC_541\Debug/DBG_UART_SCBCLK.lst -g -D DEBUG -D CY_CORE_ID=0 -Wall -ffunction-sections -ffat-lto-objects -Og -D CHIP_TYPE=CHIP_TYPE_PSOC_CY8C4248AZI_L485 -c Generated_Source\PSoC4\DBG_UART_SCBCLK.c -o .\CortexM0\ARM_GCC_541\Debug\DBG_UART_SCBCLK.o
arm-none-eabi-gcc.exe -mcpu=cortex-m0 -mthumb -I.\HindsightCAN -I. -IGenerated_Source\PSoC4 -Wa,-alh=.\CortexM0\ARM_GCC_541\Debug/DBG_UART_tx.lst -g -D DEBUG -D CY_CORE_ID=0 -Wall -ffunction-sections -ffat-lto-objects -Og -D CHIP_TYPE=CHIP_TYPE_PSOC_CY8C4248AZI_L485 -c Generated_Source\PSoC4\DBG_UART_tx.c -o .\CortexM0\ARM_GCC_541\Debug\DBG_UART_tx.o
arm-none-eabi-gcc.exe -mcpu=cortex-m0 -mthumb -I.\HindsightCAN -I. -IGenerated_Source\PSoC4 -Wa,-alh=.\CortexM0\ARM_GCC_541\Debug/DBG_UART_tx_PM.lst -g -D DEBUG -D CY_CORE_ID=0 -Wall -ffunction-sections -ffat-lto-objects -Og -D CHIP_TYPE=CHIP_TYPE_PSOC_CY8C4248AZI_L485 -c Generated_Source\PSoC4\DBG_UART_tx_PM.c -o .\CortexM0\ARM_GCC_541\Debug\DBG_UART_tx_PM.o
arm-none-eabi-gcc.exe -mcpu=cortex-m0 -mthumb -I.\HindsightCAN -I. -IGenerated_Source\PSoC4 -Wa,-alh=.\CortexM0\ARM_GCC_541\Debug/DBG_UART_rx.lst -g -D DEBUG -D CY_CORE_ID=0 -Wall -ffunction-sections -ffat-lto-objects -Og -D CHIP_TYPE=CHIP_TYPE_PSOC_CY8C4248AZI_L485 -c Generated_Source\PSoC4\DBG_UART_rx.c -o .\CortexM0\ARM_GCC_541\Debug\DBG_UART_rx.o
arm-none-eabi-gcc.exe -mcpu=cortex-m0 -mthumb -I.\HindsightCAN -I. -IGenerated_Source\PSoC4 -Wa,-alh=.\CortexM0\ARM_GCC_541\Debug/DBG_UART_rx_PM.lst -g -D DEBUG -D CY_CORE_ID=0 -Wall -ffunction-sections -ffat-lto-objects -Og -D CHIP_TYPE=CHIP_TYPE_PSOC_CY8C4248AZI_L485 -c Generated_Source\PSoC4\DBG_UART_rx_PM.c -o .\CortexM0\ARM_GCC_541\Debug\DBG_UART_rx_PM.o
arm-none-eabi-gcc.exe -mcpu=cortex-m0 -mthumb -I.\HindsightCAN -I. -IGenerated_Source\PSoC4 -Wa,-alh=.\CortexM0\ARM_GCC_541\Debug/LED_ERR.lst -g -D DEBUG -D CY_CORE_ID=0 -Wall -ffunction-sections -ffat-lto-objects -Og -D CHIP_TYPE=CHIP_TYPE_PSOC_CY8C4248AZI_L485 -c Generated_Source\PSoC4\LED_ERR.c -o .\CortexM0\ARM_GCC_541\Debug\LED_ERR.o
arm-none-eabi-gcc.exe -mcpu=cortex-m0 -mthumb -I.\HindsightCAN -I. -IGenerated_Source\PSoC4 -Wa,-alh=.\CortexM0\ARM_GCC_541\Debug/LED_ERR_PM.lst -g -D DEBUG -D CY_CORE_ID=0 -Wall -ffunction-sections -ffat-lto-objects -Og -D CHIP_TYPE=CHIP_TYPE_PSOC_CY8C4248AZI_L485 -c Generated_Source\PSoC4\LED_ERR_PM.c -o .\CortexM0\ARM_GCC_541\Debug\LED_ERR_PM.o
arm-none-eabi-gcc.exe -mcpu=cortex-m0 -mthumb -I.\HindsightCAN -I. -IGenerated_Source\PSoC4 -Wa,-alh=.\CortexM0\ARM_GCC_541\Debug/LED_DBG_1.lst -g -D DEBUG -D CY_CORE_ID=0 -Wall -ffunction-sections -ffat-lto-objects -Og -D CHIP_TYPE=CHIP_TYPE_PSOC_CY8C4248AZI_L485 -c Generated_Source\PSoC4\LED_DBG_1.c -o .\CortexM0\ARM_GCC_541\Debug\LED_DBG_1.o
arm-none-eabi-gcc.exe -mcpu=cortex-m0 -mthumb -I.\HindsightCAN -I. -IGenerated_Source\PSoC4 -Wa,-alh=.\CortexM0\ARM_GCC_541\Debug/LED_DBG_1_PM.lst -g -D DEBUG -D CY_CORE_ID=0 -Wall -ffunction-sections -ffat-lto-objects -Og -D CHIP_TYPE=CHIP_TYPE_PSOC_CY8C4248AZI_L485 -c Generated_Source\PSoC4\LED_DBG_1_PM.c -o .\CortexM0\ARM_GCC_541\Debug\LED_DBG_1_PM.o
arm-none-eabi-gcc.exe -mcpu=cortex-m0 -mthumb -I.\HindsightCAN -I. -IGenerated_Source\PSoC4 -Wa,-alh=.\CortexM0\ARM_GCC_541\Debug/LED_CAN.lst -g -D DEBUG -D CY_CORE_ID=0 -Wall -ffunction-sections -ffat-lto-objects -Og -D CHIP_TYPE=CHIP_TYPE_PSOC_CY8C4248AZI_L485 -c Generated_Source\PSoC4\LED_CAN.c -o .\CortexM0\ARM_GCC_541\Debug\LED_CAN.o
arm-none-eabi-gcc.exe -mcpu=cortex-m0 -mthumb -I.\HindsightCAN -I. -IGenerated_Source\PSoC4 -Wa,-alh=.\CortexM0\ARM_GCC_541\Debug/LED_CAN_PM.lst -g -D DEBUG -D CY_CORE_ID=0 -Wall -ffunction-sections -ffat-lto-objects -Og -D CHIP_TYPE=CHIP_TYPE_PSOC_CY8C4248AZI_L485 -c Generated_Source\PSoC4\LED_CAN_PM.c -o .\CortexM0\ARM_GCC_541\Debug\LED_CAN_PM.o
arm-none-eabi-gcc.exe -mcpu=cortex-m0 -mthumb -I.\HindsightCAN -I. -IGenerated_Source\PSoC4 -Wa,-alh=.\CortexM0\ARM_GCC_541\Debug/Timer_Period_Reset.lst -g -D DEBUG -D CY_CORE_ID=0 -Wall -ffunction-sections -ffat-lto-objects -Og -D CHIP_TYPE=CHIP_TYPE_PSOC_CY8C4248AZI_L485 -c Generated_Source\PSoC4\Timer_Period_Reset.c -o .\CortexM0\ARM_GCC_541\Debug\Timer_Period_Reset.o
arm-none-eabi-gcc.exe -mcpu=cortex-m0 -mthumb -I.\HindsightCAN -I. -IGenerated_Source\PSoC4 -Wa,-alh=.\CortexM0\ARM_GCC_541\Debug/Timer_Period_Reset_PM.lst -g -D DEBUG -D CY_CORE_ID=0 -Wall -ffunction-sections -ffat-lto-objects -Og -D CHIP_TYPE=CHIP_TYPE_PSOC_CY8C4248AZI_L485 -c Generated_Source\PSoC4\Timer_Period_Reset_PM.c -o .\CortexM0\ARM_GCC_541\Debug\Timer_Period_Reset_PM.o
arm-none-eabi-gcc.exe -mcpu=cortex-m0 -mthumb -I.\HindsightCAN -I. -IGenerated_Source\PSoC4 -Wa,-alh=.\CortexM0\ARM_GCC_541\Debug/isr_Period_Reset.lst -g -D DEBUG -D CY_CORE_ID=0 -Wall -ffunction-sections -ffat-lto-objects -Og -D CHIP_TYPE=CHIP_TYPE_PSOC_CY8C4248AZI_L485 -c Generated_Source\PSoC4\isr_Period_Reset.c -o .\CortexM0\ARM_GCC_541\Debug\isr_Period_Reset.o
arm-none-eabi-gcc.exe -mcpu=cortex-m0 -mthumb -I.\HindsightCAN -I. -IGenerated_Source\PSoC4 -Wa,-alh=.\CortexM0\ARM_GCC_541\Debug/Button_1.lst -g -D DEBUG -D CY_CORE_ID=0 -Wall -ffunction-sections -ffat-lto-objects -Og -D CHIP_TYPE=CHIP_TYPE_PSOC_CY8C4248AZI_L485 -c Generated_Source\PSoC4\Button_1.c -o .\CortexM0\ARM_GCC_541\Debug\Button_1.o
arm-none-eabi-gcc.exe -mcpu=cortex-m0 -mthumb -I.\HindsightCAN -I. -IGenerated_Source\PSoC4 -Wa,-alh=.\CortexM0\ARM_GCC_541\Debug/Button_1_PM.lst -g -D DEBUG -D CY_CORE_ID=0 -Wall -ffunction-sections -ffat-lto-objects -Og -D CHIP_TYPE=CHIP_TYPE_PSOC_CY8C4248AZI_L485 -c Generated_Source\PSoC4\Button_1_PM.c -o .\CortexM0\ARM_GCC_541\Debug\Button_1_PM.o
arm-none-eabi-gcc.exe -mcpu=cortex-m0 -mthumb -I.\HindsightCAN -I. -IGenerated_Source\PSoC4 -Wa,-alh=.\CortexM0\ARM_GCC_541\Debug/isr_Button_1.lst -g -D DEBUG -D CY_CORE_ID=0 -Wall -ffunction-sections -ffat-lto-objects -Og -D CHIP_TYPE=CHIP_TYPE_PSOC_CY8C4248AZI_L485 -c Generated_Source\PSoC4\isr_Button_1.c -o .\CortexM0\ARM_GCC_541\Debug\isr_Button_1.o
arm-none-eabi-as.exe -mcpu=cortex-m0 -mthumb -I. -IGenerated_Source\PSoC4 -alh=.\CortexM0\ARM_GCC_541\Debug/CyBootAsmGnu.lst -g -W -o .\CortexM0\ARM_GCC_541\Debug\CyBootAsmGnu.o Generated_Source\PSoC4\CyBootAsmGnu.s
arm-none-eabi-ar.exe -rs ".\CortexM0\ARM_GCC_541\Debug\PSoC Project Template.a" .\CortexM0\ARM_GCC_541\Debug\CyFlash.o .\CortexM0\ARM_GCC_541\Debug\CyLib.o .\CortexM0\ARM_GCC_541\Debug\cyPm.o .\CortexM0\ARM_GCC_541\Debug\cyutils.o .\CortexM0\ARM_GCC_541\Debug\CyDMA.o .\CortexM0\ARM_GCC_541\Debug\CyLFClk.o .\CortexM0\ARM_GCC_541\Debug\cy_em_eeprom.o .\CortexM0\ARM_GCC_541\Debug\CAN.o .\CortexM0\ARM_GCC_541\Debug\CAN_INT.o .\CortexM0\ARM_GCC_541\Debug\CAN_PM.o .\CortexM0\ARM_GCC_541\Debug\CAN_TX_RX_func.o .\CortexM0\ARM_GCC_541\Debug\CAN_isr.o .\CortexM0\ARM_GCC_541\Debug\CAN_HFCLK.o .\CortexM0\ARM_GCC_541\Debug\CAN_RX.o .\CortexM0\ARM_GCC_541\Debug\CAN_RX_PM.o .\CortexM0\ARM_GCC_541\Debug\CAN_TX.o .\CortexM0\ARM_GCC_541\Debug\CAN_TX_PM.o .\CortexM0\ARM_GCC_541\Debug\DIP1.o .\CortexM0\ARM_GCC_541\Debug\DIP1_PM.o .\CortexM0\ARM_GCC_541\Debug\DIP2.o .\CortexM0\ARM_GCC_541\Debug\DIP2_PM.o .\CortexM0\ARM_GCC_541\Debug\DIP3.o .\CortexM0\ARM_GCC_541\Debug\DIP3_PM.o .\CortexM0\ARM_GCC_541\Debug\DIP4.o .\CortexM0\ARM_GCC_541\Debug\DIP4_PM.o .\CortexM0\ARM_GCC_541\Debug\DBG_UART.o .\CortexM0\ARM_GCC_541\Debug\DBG_UART_SPI_UART.o .\CortexM0\ARM_GCC_541\Debug\DBG_UART_SPI_UART_INT.o .\CortexM0\ARM_GCC_541\Debug\DBG_UART_PM.o .\CortexM0\ARM_GCC_541\Debug\DBG_UART_UART.o .\CortexM0\ARM_GCC_541\Debug\DBG_UART_BOOT.o .\CortexM0\ARM_GCC_541\Debug\DBG_UART_UART_BOOT.o .\CortexM0\ARM_GCC_541\Debug\DBG_UART_SCBCLK.o .\CortexM0\ARM_GCC_541\Debug\DBG_UART_tx.o .\CortexM0\ARM_GCC_541\Debug\DBG_UART_tx_PM.o .\CortexM0\ARM_GCC_541\Debug\DBG_UART_rx.o .\CortexM0\ARM_GCC_541\Debug\DBG_UART_rx_PM.o .\CortexM0\ARM_GCC_541\Debug\LED_ERR.o .\CortexM0\ARM_GCC_541\Debug\LED_ERR_PM.o .\CortexM0\ARM_GCC_541\Debug\LED_DBG_1.o .\CortexM0\ARM_GCC_541\Debug\LED_DBG_1_PM.o .\CortexM0\ARM_GCC_541\Debug\LED_CAN.o .\CortexM0\ARM_GCC_541\Debug\LED_CAN_PM.o .\CortexM0\ARM_GCC_541\Debug\Timer_Period_Reset.o .\CortexM0\ARM_GCC_541\Debug\Timer_Period_Reset_PM.o .\CortexM0\ARM_GCC_541\Debug\isr_Period_Reset.o .\CortexM0\ARM_GCC_541\Debug\Button_1.o .\CortexM0\ARM_GCC_541\Debug\Button_1_PM.o .\CortexM0\ARM_GCC_541\Debug\isr_Button_1.o .\CortexM0\ARM_GCC_541\Debug\CyBootAsmGnu.o
arm-none-eabi-ar.exe: creating .\CortexM0\ARM_GCC_541\Debug\PSoC Project Template.a
arm-none-eabi-gcc.exe -Wl,--start-group -o "C:\Users\casey\Desktop\Robotics Stuff\PSoC_Project_Template\PSoC Project Template.cydsn\CortexM0\ARM_GCC_541\Debug\PSoC Project Template.elf" .\CortexM0\ARM_GCC_541\Debug\main.o .\CortexM0\ARM_GCC_541\Debug\Temp_CAN.o .\CortexM0\ARM_GCC_541\Debug\Temp_FSM.o .\CortexM0\ARM_GCC_541\Debug\CANCommon.o .\CortexM0\ARM_GCC_541\Debug\CANGPIO.o .\CortexM0\ARM_GCC_541\Debug\CANLocalization.o .\CortexM0\ARM_GCC_541\Debug\CANPacket.o .\CortexM0\ARM_GCC_541\Debug\PortPSOC_CY8C4248AZI_L485.o .\CortexM0\ARM_GCC_541\Debug\cyfitter_cfg.o .\CortexM0\ARM_GCC_541\Debug\cymetadata.o .\CortexM0\ARM_GCC_541\Debug\Cm0Start.o ".\CortexM0\ARM_GCC_541\Debug\PSoC Project Template.a" -mcpu=cortex-m0 -mthumb -L Generated_Source\PSoC4 "-Wl,-Map,.\CortexM0\ARM_GCC_541\Debug/PSoC Project Template.map" -T Generated_Source\PSoC4\cm0gcc.ld -specs=nano.specs -Wl,--gc-sections -g -ffunction-sections -Og -ffat-lto-objects -Wl,--end-group
.\CortexM0\ARM_GCC_541\Debug\main.o: In function `Initialize':
C:\Users\casey\Desktop\Robotics Stuff\PSoC_Project_Template\PSoC Project Template.cydsn/main.c:76: undefined reference to `Can_addr_Read'
.\CortexM0\ARM_GCC_541\Debug\main.o: In function `ReadCAN':
C:\Users\casey\Desktop\Robotics Stuff\PSoC_Project_Template\PSoC Project Template.cydsn/main.c:115: undefined reference to `CAN_LED_Write'
.\CortexM0\ARM_GCC_541\Debug\main.o: In function `DisplayErrorCode':
C:\Users\casey\Desktop\Robotics Stuff\PSoC_Project_Template\PSoC Project Template.cydsn/main.c:124: undefined reference to `ERROR_LED_Write'
C:\Users\casey\Desktop\Robotics Stuff\PSoC_Project_Template\PSoC Project Template.cydsn/main.c:127: undefined reference to `ERROR_LED_Write'
.\CortexM0\ARM_GCC_541\Debug\Temp_CAN.o: In function `CheckCAN':
C:\Users\casey\Desktop\Robotics Stuff\PSoC_Project_Template\PSoC Project Template.cydsn/Temp_CAN.c:34: undefined reference to `GetModeFromPacket'
collect2.exe: error: ld returned 1 exit status
The command 'arm-none-eabi-gcc.exe' failed with exit code '1'.
--------------- Build Failed: 02/24/2024 10:29:30 ---------------
